[ 2017-09-14T17:43:19+08:00 ] ::1 /marke/
NOTIC: [8] Undefined index: houses_title D:\phpStudy\WWW\marke\Application\Home\Common\function.php 第 666 行.
NOTIC: [8192] mysql_connect(): The mysql extension is deprecated and will be removed in the future: use mysqli or PDO instead D:\phpStudy\WWW\marke\ThinkPHP\Library\Think\Db\Driver\Mysql.class.php 第 52 行.
SQL: SHOW COLUMNS FROM `zf_document` [ RunTime:0.026001s ]
SQL: SELECT `title` FROM `zf_document` WHERE ( `id` = 24334 ) LIMIT 1   [ RunTime:0.019001s ]
NOTIC: [8] Undefined variable: data D:\phpStudy\WWW\marke\Application\Home\Common\function.php 第 674 行.
SQL: SHOW COLUMNS FROM `zf_super_code` [ RunTime:0.004000s ]
SQL: SELECT `houses_id`,`houses_title` FROM `zf_super_code` WHERE ( uid=5 ) LIMIT 1   [ RunTime:0.000000s ]
INFO: [ view_parse ] --START--
INFO: [ template_filter ] --START--
INFO: Run Behavior\ContentReplace [ RunTime:0.000000s ]
INFO: [ template_filter ] --END-- [ RunTime:0.000000s ]
SQL: SHOW COLUMNS FROM `zf_group_menu` [ RunTime:0.002000s ]
SQL: SELECT `m_auth` FROM `zf_group_menu` WHERE ( g_id=1 and m_auth != ''  )  [ RunTime:0.000000s ]
SQL: SELECT `m_auth` FROM `zf_group_menu` WHERE ( g_id=1 and m_auth != ''  )  [ RunTime:0.000000s ]
SQL: SELECT `m_auth` FROM `zf_group_menu` WHERE ( g_id=1 and m_auth != ''  )  [ RunTime:0.000000s ]
INFO: Run Behavior\ParseTemplate [ RunTime:0.014001s ]
INFO: [ view_parse ] --END-- [ RunTime:0.014001s ]
INFO: [ view_filter ] --START--
INFO: Run Behavior\WriteHtmlCache [ RunTime:0.000000s ]
INFO: [ view_filter ] --END-- [ RunTime:0.000000s ]
INFO: [ app_end ] --START--
INFO: Run Behavior\ShowPageTrace [ RunTime:0.001000s ]
INFO: [ app_end ] --END-- [ RunTime:0.001000s ]

[ 2017-09-14T17:43:31+08:00 ] ::1 /marke/index.php?s=/Home/Business/submit
NOTIC: [8] Undefined index: houses_title D:\phpStudy\WWW\marke\Application\Home\Common\function.php 第 666 行.
NOTIC: [8192] mysql_connect(): The mysql extension is deprecated and will be removed in the future: use mysqli or PDO instead D:\phpStudy\WWW\marke\ThinkPHP\Library\Think\Db\Driver\Mysql.class.php 第 52 行.
SQL: SHOW COLUMNS FROM `zf_document` [ RunTime:0.024002s ]
SQL: SELECT `title` FROM `zf_document` WHERE ( `id` = 24334 ) LIMIT 1   [ RunTime:0.029002s ]
NOTIC: [8] Undefined variable: data D:\phpStudy\WWW\marke\Application\Home\Common\function.php 第 674 行.
SQL: SHOW COLUMNS FROM `zf_room` [ RunTime:0.002000s ]
SQL: SELECT r.id,r.room_number,r.status,r.is_check,u.u_name,r.lock_time,u.u_order,b.b_name,user.nick_name as check_name FROM zf_room as r INNER JOIN zf_unit as u on r.u_id = u.id INNER JOIN zf_building as b on u.b_id = b.id LEFT JOIN zf_user as user on r.lock_check_uid = user.id  WHERE ( b.houses_id = '24334' ) AND ( r.operationer = '1' ) AND ( r.status = 9 ) AND ( r.submit_uid = '1' ) ORDER BY r.lock_time desc LIMIT 0,10   [ RunTime:0.000000s ]
ERR: 1054:Unknown column 'r.operationer' in 'where clause'
 [ SQL语句 ] : SELECT r.id,r.room_number,r.status,r.is_check,u.u_name,r.lock_time,u.u_order,b.b_name,user.nick_name as check_name FROM zf_room as r INNER JOIN zf_unit as u on r.u_id = u.id INNER JOIN zf_building as b on u.b_id = b.id LEFT JOIN zf_user as user on r.lock_check_uid = user.id  WHERE ( b.houses_id = '24334' ) AND ( r.operationer = '1' ) AND ( r.status = 9 ) AND ( r.submit_uid = '1' ) ORDER BY r.lock_time desc LIMIT 0,10  

[ 2017-09-14T17:43:48+08:00 ] ::1 /marke/index.php?s=/Home/Business/submit
NOTIC: [8] Undefined index: houses_title D:\phpStudy\WWW\marke\Application\Home\Common\function.php 第 666 行.
NOTIC: [8192] mysql_connect(): The mysql extension is deprecated and will be removed in the future: use mysqli or PDO instead D:\phpStudy\WWW\marke\ThinkPHP\Library\Think\Db\Driver\Mysql.class.php 第 52 行.
SQL: SHOW COLUMNS FROM `zf_document` [ RunTime:0.028002s ]
SQL: SELECT `title` FROM `zf_document` WHERE ( `id` = 24334 ) LIMIT 1   [ RunTime:0.024001s ]
NOTIC: [8] Undefined variable: data D:\phpStudy\WWW\marke\Application\Home\Common\function.php 第 674 行.
SQL: SHOW COLUMNS FROM `zf_room` [ RunTime:0.003001s ]
SQL: SELECT r.id,r.room_number,r.status,r.is_check,u.u_name,r.lock_time,u.u_order,b.b_name,user.nick_name as check_name FROM zf_room as r INNER JOIN zf_unit as u on r.u_id = u.id INNER JOIN zf_building as b on u.b_id = b.id LEFT JOIN zf_user as user on r.submit_check_uid = user.id  WHERE ( b.houses_id = '24334' ) AND ( r.operationer = '1' ) AND ( r.status = 9 ) AND ( r.submit_uid = '1' ) ORDER BY r.lock_time desc LIMIT 0,10   [ RunTime:0.000000s ]
ERR: 1054:Unknown column 'r.operationer' in 'where clause'
 [ SQL语句 ] : SELECT r.id,r.room_number,r.status,r.is_check,u.u_name,r.lock_time,u.u_order,b.b_name,user.nick_name as check_name FROM zf_room as r INNER JOIN zf_unit as u on r.u_id = u.id INNER JOIN zf_building as b on u.b_id = b.id LEFT JOIN zf_user as user on r.submit_check_uid = user.id  WHERE ( b.houses_id = '24334' ) AND ( r.operationer = '1' ) AND ( r.status = 9 ) AND ( r.submit_uid = '1' ) ORDER BY r.lock_time desc LIMIT 0,10  

[ 2017-09-14T17:43:54+08:00 ] ::1 /marke/index.php?s=/Home/Business/submit
NOTIC: [8] Undefined index: houses_title D:\phpStudy\WWW\marke\Application\Home\Common\function.php 第 666 行.
NOTIC: [8192] mysql_connect(): The mysql extension is deprecated and will be removed in the future: use mysqli or PDO instead D:\phpStudy\WWW\marke\ThinkPHP\Library\Think\Db\Driver\Mysql.class.php 第 52 行.
SQL: SHOW COLUMNS FROM `zf_document` [ RunTime:0.029002s ]
SQL: SELECT `title` FROM `zf_document` WHERE ( `id` = 24334 ) LIMIT 1   [ RunTime:2.015115s ]
NOTIC: [8] Undefined variable: data D:\phpStudy\WWW\marke\Application\Home\Common\function.php 第 674 行.
SQL: SHOW COLUMNS FROM `zf_room` [ RunTime:0.004000s ]
SQL: SELECT * FROM zf_room as r INNER JOIN zf_unit as u on r.u_id = u.id INNER JOIN zf_building as b on u.b_id = b.id  WHERE ( b.houses_id = '24334' ) AND ( r.operationer = '1' ) AND ( r.status = 9 ) AND ( r.submit_uid = '1' ) ORDER BY r.lock_time desc LIMIT 0,10   [ RunTime:0.000000s ]
ERR: 1054:Unknown column 'r.operationer' in 'where clause'
 [ SQL语句 ] : SELECT * FROM zf_room as r INNER JOIN zf_unit as u on r.u_id = u.id INNER JOIN zf_building as b on u.b_id = b.id  WHERE ( b.houses_id = '24334' ) AND ( r.operationer = '1' ) AND ( r.status = 9 ) AND ( r.submit_uid = '1' ) ORDER BY r.lock_time desc LIMIT 0,10  

[ 2017-09-14T17:44:43+08:00 ] ::1 /marke/index.php?s=/Home/Business/submit
NOTIC: [8] Undefined index: houses_title D:\phpStudy\WWW\marke\Application\Home\Common\function.php 第 666 行.
NOTIC: [8192] mysql_connect(): The mysql extension is deprecated and will be removed in the future: use mysqli or PDO instead D:\phpStudy\WWW\marke\ThinkPHP\Library\Think\Db\Driver\Mysql.class.php 第 52 行.
SQL: SHOW COLUMNS FROM `zf_document` [ RunTime:0.027001s ]
SQL: SELECT `title` FROM `zf_document` WHERE ( `id` = 24334 ) LIMIT 1   [ RunTime:0.019001s ]
NOTIC: [8] Undefined variable: data D:\phpStudy\WWW\marke\Application\Home\Common\function.php 第 674 行.
SQL: SHOW COLUMNS FROM `zf_room` [ RunTime:0.003001s ]
SQL: SELECT r.id,r.room_number,r.status,r.is_check,u.u_name,r.sumbit_time,u.u_order,b.b_name,user.nick_name as check_name FROM zf_room as r INNER JOIN zf_unit as u on r.u_id = u.id INNER JOIN zf_building as b on u.b_id = b.id LEFT JOIN zf_user as user on r.submit_check_uid = user.id  WHERE ( b.houses_id = '24334' ) AND ( r.status = 9 ) AND ( r.submit_uid = '1' ) ORDER BY r.sumbit_time desc LIMIT 0,10   [ RunTime:0.000000s ]
ERR: 1054:Unknown column 'r.sumbit_time' in 'field list'
 [ SQL语句 ] : SELECT r.id,r.room_number,r.status,r.is_check,u.u_name,r.sumbit_time,u.u_order,b.b_name,user.nick_name as check_name FROM zf_room as r INNER JOIN zf_unit as u on r.u_id = u.id INNER JOIN zf_building as b on u.b_id = b.id LEFT JOIN zf_user as user on r.submit_check_uid = user.id  WHERE ( b.houses_id = '24334' ) AND ( r.status = 9 ) AND ( r.submit_uid = '1' ) ORDER BY r.sumbit_time desc LIMIT 0,10  

[ 2017-09-14T17:44:45+08:00 ] ::1 /marke/index.php?s=/Home/Business/submit
NOTIC: [8] Undefined index: houses_title D:\phpStudy\WWW\marke\Application\Home\Common\function.php 第 666 行.
NOTIC: [8192] mysql_connect(): The mysql extension is deprecated and will be removed in the future: use mysqli or PDO instead D:\phpStudy\WWW\marke\ThinkPHP\Library\Think\Db\Driver\Mysql.class.php 第 52 行.
SQL: SHOW COLUMNS FROM `zf_document` [ RunTime:0.025000s ]
SQL: SELECT `title` FROM `zf_document` WHERE ( `id` = 24334 ) LIMIT 1   [ RunTime:0.017500s ]
NOTIC: [8] Undefined variable: data D:\phpStudy\WWW\marke\Application\Home\Common\function.php 第 674 行.
SQL: SHOW COLUMNS FROM `zf_room` [ RunTime:0.002500s ]
SQL: SELECT r.id,r.room_number,r.status,r.is_check,u.u_name,r.sumbit_time,u.u_order,b.b_name,user.nick_name as check_name FROM zf_room as r INNER JOIN zf_unit as u on r.u_id = u.id INNER JOIN zf_building as b on u.b_id = b.id LEFT JOIN zf_user as user on r.submit_check_uid = user.id  WHERE ( b.houses_id = '24334' ) AND ( r.status = 9 ) AND ( r.submit_uid = '5' ) ORDER BY r.sumbit_time desc LIMIT 0,10   [ RunTime:0.002500s ]
ERR: 1054:Unknown column 'r.sumbit_time' in 'field list'
 [ SQL语句 ] : SELECT r.id,r.room_number,r.status,r.is_check,u.u_name,r.sumbit_time,u.u_order,b.b_name,user.nick_name as check_name FROM zf_room as r INNER JOIN zf_unit as u on r.u_id = u.id INNER JOIN zf_building as b on u.b_id = b.id LEFT JOIN zf_user as user on r.submit_check_uid = user.id  WHERE ( b.houses_id = '24334' ) AND ( r.status = 9 ) AND ( r.submit_uid = '5' ) ORDER BY r.sumbit_time desc LIMIT 0,10  

[ 2017-09-14T17:45:02+08:00 ] ::1 /marke/index.php?s=/Home/Business/submit
NOTIC: [8] Undefined index: houses_title D:\phpStudy\WWW\marke\Application\Home\Common\function.php 第 666 行.
NOTIC: [8192] mysql_connect(): The mysql extension is deprecated and will be removed in the future: use mysqli or PDO instead D:\phpStudy\WWW\marke\ThinkPHP\Library\Think\Db\Driver\Mysql.class.php 第 52 行.
SQL: SHOW COLUMNS FROM `zf_document` [ RunTime:0.027002s ]
SQL: SELECT `title` FROM `zf_document` WHERE ( `id` = 24334 ) LIMIT 1   [ RunTime:0.019001s ]
NOTIC: [8] Undefined variable: data D:\phpStudy\WWW\marke\Application\Home\Common\function.php 第 674 行.
SQL: SHOW COLUMNS FROM `zf_room` [ RunTime:0.004000s ]
SQL: SELECT * FROM zf_room as r INNER JOIN zf_unit as u on r.u_id = u.id INNER JOIN zf_building as b on u.b_id = b.id  WHERE ( b.houses_id = '24334' ) AND ( r.status = 9 ) AND ( r.submit_uid = '1' ) ORDER BY r.sumbit_time desc LIMIT 0,10   [ RunTime:0.000000s ]
ERR: 1054:Unknown column 'r.sumbit_time' in 'order clause'
 [ SQL语句 ] : SELECT * FROM zf_room as r INNER JOIN zf_unit as u on r.u_id = u.id INNER JOIN zf_building as b on u.b_id = b.id  WHERE ( b.houses_id = '24334' ) AND ( r.status = 9 ) AND ( r.submit_uid = '1' ) ORDER BY r.sumbit_time desc LIMIT 0,10  

[ 2017-09-14T17:45:03+08:00 ] ::1 /marke/index.php?s=/Home/Business/submit
NOTIC: [8] Undefined index: houses_title D:\phpStudy\WWW\marke\Application\Home\Common\function.php 第 666 行.
NOTIC: [8192] mysql_connect(): The mysql extension is deprecated and will be removed in the future: use mysqli or PDO instead D:\phpStudy\WWW\marke\ThinkPHP\Library\Think\Db\Driver\Mysql.class.php 第 52 行.
SQL: SHOW COLUMNS FROM `zf_document` [ RunTime:0.033002s ]
SQL: SELECT `title` FROM `zf_document` WHERE ( `id` = 24334 ) LIMIT 1   [ RunTime:0.020001s ]
NOTIC: [8] Undefined variable: data D:\phpStudy\WWW\marke\Application\Home\Common\function.php 第 674 行.
SQL: SHOW COLUMNS FROM `zf_room` [ RunTime:0.003000s ]
SQL: SELECT * FROM zf_room as r INNER JOIN zf_unit as u on r.u_id = u.id INNER JOIN zf_building as b on u.b_id = b.id  WHERE ( b.houses_id = '24334' ) AND ( r.status = 9 ) AND ( r.submit_uid = '1' ) ORDER BY r.sumbit_time desc LIMIT 0,10   [ RunTime:0.000000s ]
ERR: 1054:Unknown column 'r.sumbit_time' in 'order clause'
 [ SQL语句 ] : SELECT * FROM zf_room as r INNER JOIN zf_unit as u on r.u_id = u.id INNER JOIN zf_building as b on u.b_id = b.id  WHERE ( b.houses_id = '24334' ) AND ( r.status = 9 ) AND ( r.submit_uid = '1' ) ORDER BY r.sumbit_time desc LIMIT 0,10  

[ 2017-09-14T17:45:04+08:00 ] ::1 /marke/index.php?s=/Home/Business/submit
NOTIC: [8] Undefined index: houses_title D:\phpStudy\WWW\marke\Application\Home\Common\function.php 第 666 行.
NOTIC: [8192] mysql_connect(): The mysql extension is deprecated and will be removed in the future: use mysqli or PDO instead D:\phpStudy\WWW\marke\ThinkPHP\Library\Think\Db\Driver\Mysql.class.php 第 52 行.
SQL: SHOW COLUMNS FROM `zf_document` [ RunTime:0.027001s ]
SQL: SELECT `title` FROM `zf_document` WHERE ( `id` = 24334 ) LIMIT 1   [ RunTime:0.019001s ]
NOTIC: [8] Undefined variable: data D:\phpStudy\WWW\marke\Application\Home\Common\function.php 第 674 行.
SQL: SHOW COLUMNS FROM `zf_room` [ RunTime:0.003001s ]
SQL: SELECT * FROM zf_room as r INNER JOIN zf_unit as u on r.u_id = u.id INNER JOIN zf_building as b on u.b_id = b.id  WHERE ( b.houses_id = '24334' ) AND ( r.status = 9 ) AND ( r.submit_uid = '1' ) ORDER BY r.sumbit_time desc LIMIT 0,10   [ RunTime:0.000000s ]
ERR: 1054:Unknown column 'r.sumbit_time' in 'order clause'
 [ SQL语句 ] : SELECT * FROM zf_room as r INNER JOIN zf_unit as u on r.u_id = u.id INNER JOIN zf_building as b on u.b_id = b.id  WHERE ( b.houses_id = '24334' ) AND ( r.status = 9 ) AND ( r.submit_uid = '1' ) ORDER BY r.sumbit_time desc LIMIT 0,10  

[ 2017-09-14T17:45:36+08:00 ] ::1 /marke/index.php?s=/Home/Business/submit
NOTIC: [8] Undefined index: houses_title D:\phpStudy\WWW\marke\Application\Home\Common\function.php 第 666 行.
NOTIC: [8192] mysql_connect(): The mysql extension is deprecated and will be removed in the future: use mysqli or PDO instead D:\phpStudy\WWW\marke\ThinkPHP\Library\Think\Db\Driver\Mysql.class.php 第 52 行.
SQL: SHOW COLUMNS FROM `zf_document` [ RunTime:0.027002s ]
SQL: SELECT `title` FROM `zf_document` WHERE ( `id` = 24334 ) LIMIT 1   [ RunTime:0.020001s ]
NOTIC: [8] Undefined variable: data D:\phpStudy\WWW\marke\Application\Home\Common\function.php 第 674 行.
SQL: SHOW COLUMNS FROM `zf_room` [ RunTime:0.002000s ]
SQL: SELECT * FROM zf_room as r INNER JOIN zf_unit as u on r.u_id = u.id INNER JOIN zf_building as b on u.b_id = b.id  WHERE ( b.houses_id = '24334' ) AND ( r.status = 9 ) ORDER BY r.sumbit_time desc LIMIT 0,10   [ RunTime:0.000000s ]
ERR: 1054:Unknown column 'r.sumbit_time' in 'order clause'
 [ SQL语句 ] : SELECT * FROM zf_room as r INNER JOIN zf_unit as u on r.u_id = u.id INNER JOIN zf_building as b on u.b_id = b.id  WHERE ( b.houses_id = '24334' ) AND ( r.status = 9 ) ORDER BY r.sumbit_time desc LIMIT 0,10  

[ 2017-09-14T17:45:37+08:00 ] ::1 /marke/index.php?s=/Home/Business/submit
NOTIC: [8] Undefined index: houses_title D:\phpStudy\WWW\marke\Application\Home\Common\function.php 第 666 行.
NOTIC: [8192] mysql_connect(): The mysql extension is deprecated and will be removed in the future: use mysqli or PDO instead D:\phpStudy\WWW\marke\ThinkPHP\Library\Think\Db\Driver\Mysql.class.php 第 52 行.
SQL: SHOW COLUMNS FROM `zf_document` [ RunTime:0.026002s ]
SQL: SELECT `title` FROM `zf_document` WHERE ( `id` = 24334 ) LIMIT 1   [ RunTime:0.019001s ]
NOTIC: [8] Undefined variable: data D:\phpStudy\WWW\marke\Application\Home\Common\function.php 第 674 行.
SQL: SHOW COLUMNS FROM `zf_room` [ RunTime:0.003000s ]
SQL: SELECT * FROM zf_room as r INNER JOIN zf_unit as u on r.u_id = u.id INNER JOIN zf_building as b on u.b_id = b.id  WHERE ( b.houses_id = '24334' ) AND ( r.status = 9 ) ORDER BY r.sumbit_time desc LIMIT 0,10   [ RunTime:0.001000s ]
ERR: 1054:Unknown column 'r.sumbit_time' in 'order clause'
 [ SQL语句 ] : SELECT * FROM zf_room as r INNER JOIN zf_unit as u on r.u_id = u.id INNER JOIN zf_building as b on u.b_id = b.id  WHERE ( b.houses_id = '24334' ) AND ( r.status = 9 ) ORDER BY r.sumbit_time desc LIMIT 0,10  

[ 2017-09-14T17:45:39+08:00 ] ::1 /marke/index.php?s=/Home/Business/submit
NOTIC: [8] Undefined index: houses_title D:\phpStudy\WWW\marke\Application\Home\Common\function.php 第 666 行.
NOTIC: [8192] mysql_connect(): The mysql extension is deprecated and will be removed in the future: use mysqli or PDO instead D:\phpStudy\WWW\marke\ThinkPHP\Library\Think\Db\Driver\Mysql.class.php 第 52 行.
SQL: SHOW COLUMNS FROM `zf_document` [ RunTime:0.025001s ]
SQL: SELECT `title` FROM `zf_document` WHERE ( `id` = 24334 ) LIMIT 1   [ RunTime:0.030000s ]
NOTIC: [8] Undefined variable: data D:\phpStudy\WWW\marke\Application\Home\Common\function.php 第 674 行.
SQL: SHOW COLUMNS FROM `zf_room` [ RunTime:0.002500s ]
SQL: SELECT * FROM zf_room as r INNER JOIN zf_unit as u on r.u_id = u.id INNER JOIN zf_building as b on u.b_id = b.id  WHERE ( b.houses_id = '24334' ) AND ( r.status = 9 ) ORDER BY r.sumbit_time desc LIMIT 0,10   [ RunTime:0.002500s ]
ERR: 1054:Unknown column 'r.sumbit_time' in 'order clause'
 [ SQL语句 ] : SELECT * FROM zf_room as r INNER JOIN zf_unit as u on r.u_id = u.id INNER JOIN zf_building as b on u.b_id = b.id  WHERE ( b.houses_id = '24334' ) AND ( r.status = 9 ) ORDER BY r.sumbit_time desc LIMIT 0,10  

[ 2017-09-14T17:45:53+08:00 ] ::1 /marke/index.php?s=/Home/Business/submit
NOTIC: [8] Undefined index: houses_title D:\phpStudy\WWW\marke\Application\Home\Common\function.php 第 666 行.
NOTIC: [8192] mysql_connect(): The mysql extension is deprecated and will be removed in the future: use mysqli or PDO instead D:\phpStudy\WWW\marke\ThinkPHP\Library\Think\Db\Driver\Mysql.class.php 第 52 行.
SQL: SHOW COLUMNS FROM `zf_document` [ RunTime:0.024001s ]
SQL: SELECT `title` FROM `zf_document` WHERE ( `id` = 24334 ) LIMIT 1   [ RunTime:0.019001s ]
NOTIC: [8] Undefined variable: data D:\phpStudy\WWW\marke\Application\Home\Common\function.php 第 674 行.
SQL: SHOW COLUMNS FROM `zf_room` [ RunTime:0.003001s ]
SQL: SELECT * FROM zf_room as r INNER JOIN zf_unit as u on r.u_id = u.id INNER JOIN zf_building as b on u.b_id = b.id  WHERE ( b.houses_id = '24334' ) AND ( r.status = 9 )  [ RunTime:0.000000s ]

[ 2017-09-14T17:45:59+08:00 ] ::1 /marke/index.php?s=/Home/Business/submit
NOTIC: [8] Undefined index: houses_title D:\phpStudy\WWW\marke\Application\Home\Common\function.php 第 666 行.
NOTIC: [8192] mysql_connect(): The mysql extension is deprecated and will be removed in the future: use mysqli or PDO instead D:\phpStudy\WWW\marke\ThinkPHP\Library\Think\Db\Driver\Mysql.class.php 第 52 行.
SQL: SHOW COLUMNS FROM `zf_document` [ RunTime:0.027002s ]
SQL: SELECT `title` FROM `zf_document` WHERE ( `id` = 24334 ) LIMIT 1   [ RunTime:0.019001s ]
NOTIC: [8] Undefined variable: data D:\phpStudy\WWW\marke\Application\Home\Common\function.php 第 674 行.
SQL: SHOW COLUMNS FROM `zf_room` [ RunTime:0.003000s ]
SQL: SELECT * FROM zf_room as r INNER JOIN zf_unit as u on r.u_id = u.id INNER JOIN zf_building as b on u.b_id = b.id  WHERE ( b.houses_id = '24334' ) AND ( r.status = 9 ) LIMIT 0,10   [ RunTime:0.001000s ]

[ 2017-09-14T17:46:15+08:00 ] ::1 /marke/index.php?s=/Home/Business/submit
NOTIC: [8] Undefined index: houses_title D:\phpStudy\WWW\marke\Application\Home\Common\function.php 第 666 行.
NOTIC: [8192] mysql_connect(): The mysql extension is deprecated and will be removed in the future: use mysqli or PDO instead D:\phpStudy\WWW\marke\ThinkPHP\Library\Think\Db\Driver\Mysql.class.php 第 52 行.
SQL: SHOW COLUMNS FROM `zf_document` [ RunTime:0.025000s ]
SQL: SELECT `title` FROM `zf_document` WHERE ( `id` = 24334 ) LIMIT 1   [ RunTime:0.022500s ]
NOTIC: [8] Undefined variable: data D:\phpStudy\WWW\marke\Application\Home\Common\function.php 第 674 行.
SQL: SHOW COLUMNS FROM `zf_room` [ RunTime:0.002500s ]
SQL: SELECT r.id,r.room_number,r.status,r.is_check,u.u_name,r.submit_time,u.u_order,b.b_name,user.nick_name as check_name FROM zf_room as r INNER JOIN zf_unit as u on r.u_id = u.id INNER JOIN zf_building as b on u.b_id = b.id LEFT JOIN zf_user as user on r.submit_check_uid = user.id  WHERE ( b.houses_id = '24334' ) AND ( r.status = 9 ) ORDER BY r.submit_time desc LIMIT 0,10   [ RunTime:0.000000s ]

[ 2017-09-14T17:46:19+08:00 ] ::1 /marke/index.php?s=/Home/Business/submit
NOTIC: [8] Undefined index: houses_title D:\phpStudy\WWW\marke\Application\Home\Common\function.php 第 666 行.
NOTIC: [8192] mysql_connect(): The mysql extension is deprecated and will be removed in the future: use mysqli or PDO instead D:\phpStudy\WWW\marke\ThinkPHP\Library\Think\Db\Driver\Mysql.class.php 第 52 行.
SQL: SHOW COLUMNS FROM `zf_document` [ RunTime:0.027500s ]
SQL: SELECT `title` FROM `zf_document` WHERE ( `id` = 24334 ) LIMIT 1   [ RunTime:0.020001s ]
NOTIC: [8] Undefined variable: data D:\phpStudy\WWW\marke\Application\Home\Common\function.php 第 674 行.
SQL: SHOW COLUMNS FROM `zf_room` [ RunTime:0.002500s ]
SQL: SELECT r.id,r.room_number,r.status,r.is_check,u.u_name,r.submit_time,u.u_order,b.b_name,user.nick_name as check_name FROM zf_room as r INNER JOIN zf_unit as u on r.u_id = u.id INNER JOIN zf_building as b on u.b_id = b.id LEFT JOIN zf_user as user on r.submit_check_uid = user.id  WHERE ( b.houses_id = '24334' ) AND ( r.status = 9 ) ORDER BY r.submit_time desc LIMIT 0,10   [ RunTime:0.002500s ]
SQL: SHOW COLUMNS FROM `zf_room` [ RunTime:0.002500s ]
SQL: SELECT COUNT(*) AS tp_count FROM zf_room as r WHERE ( b.houses_id = '24334' ) AND ( r.status = 9 ) LIMIT 1   [ RunTime:0.000000s ]
ERR: 1054:Unknown column 'b.houses_id' in 'where clause'
 [ SQL语句 ] : SELECT COUNT(*) AS tp_count FROM zf_room as r WHERE ( b.houses_id = '24334' ) AND ( r.status = 9 ) LIMIT 1  
INFO: [ view_parse ] --START--
INFO: [ template_filter ] --START--
INFO: Run Behavior\ContentReplace [ RunTime:0.000000s ]
INFO: [ template_filter ] --END-- [ RunTime:0.000000s ]
SQL: SHOW COLUMNS FROM `zf_group_menu` [ RunTime:0.002500s ]
SQL: SELECT `m_auth` FROM `zf_group_menu` WHERE ( g_id=1 and m_auth != ''  )  [ RunTime:0.000000s ]
NOTIC: [8] Undefined index: op_time D:\phpStudy\WWW\marke\Runtime\Cache\Home\ab5afb9d84431d24f94867981e2cbc59.php 第 106 行.
INFO: Run Behavior\ParseTemplate [ RunTime:0.012500s ]
INFO: [ view_parse ] --END-- [ RunTime:0.012500s ]
INFO: [ view_filter ] --START--
INFO: Run Behavior\WriteHtmlCache [ RunTime:0.000000s ]
INFO: [ view_filter ] --END-- [ RunTime:0.000000s ]
INFO: [ app_end ] --START--
INFO: Run Behavior\ShowPageTrace [ RunTime:0.000000s ]
INFO: [ app_end ] --END-- [ RunTime:0.000000s ]

[ 2017-09-14T17:46:20+08:00 ] ::1 /marke/
NOTIC: [8] Undefined index: houses_title D:\phpStudy\WWW\marke\Application\Home\Common\function.php 第 666 行.
NOTIC: [8192] mysql_connect(): The mysql extension is deprecated and will be removed in the future: use mysqli or PDO instead D:\phpStudy\WWW\marke\ThinkPHP\Library\Think\Db\Driver\Mysql.class.php 第 52 行.
SQL: SHOW COLUMNS FROM `zf_document` [ RunTime:0.024001s ]
SQL: SELECT `title` FROM `zf_document` WHERE ( `id` = 24334 ) LIMIT 1   [ RunTime:0.020001s ]
NOTIC: [8] Undefined variable: data D:\phpStudy\WWW\marke\Application\Home\Common\function.php 第 674 行.
SQL: SHOW COLUMNS FROM `zf_super_code` [ RunTime:0.003000s ]
SQL: SELECT `houses_id`,`houses_title` FROM `zf_super_code` WHERE ( uid=5 ) LIMIT 1   [ RunTime:0.000000s ]
INFO: [ view_parse ] --START--
INFO: [ template_filter ] --START--
INFO: Run Behavior\ContentReplace [ RunTime:0.000000s ]
INFO: [ template_filter ] --END-- [ RunTime:0.000000s ]
SQL: SHOW COLUMNS FROM `zf_group_menu` [ RunTime:0.003000s ]
SQL: SELECT `m_auth` FROM `zf_group_menu` WHERE ( g_id=1 and m_auth != ''  )  [ RunTime:0.000000s ]
SQL: SELECT `m_auth` FROM `zf_group_menu` WHERE ( g_id=1 and m_auth != ''  )  [ RunTime:0.000000s ]
SQL: SELECT `m_auth` FROM `zf_group_menu` WHERE ( g_id=1 and m_auth != ''  )  [ RunTime:0.000000s ]
INFO: Run Behavior\ParseTemplate [ RunTime:0.015001s ]
INFO: [ view_parse ] --END-- [ RunTime:0.015001s ]
INFO: [ view_filter ] --START--
INFO: Run Behavior\WriteHtmlCache [ RunTime:0.000000s ]
INFO: [ view_filter ] --END-- [ RunTime:0.000000s ]
INFO: [ app_end ] --START--
INFO: Run Behavior\ShowPageTrace [ RunTime:0.001000s ]
INFO: [ app_end ] --END-- [ RunTime:0.001000s ]

[ 2017-09-14T17:46:25+08:00 ] ::1 /marke/index.php?s=/Home/Business/submit
NOTIC: [8] Undefined index: houses_title D:\phpStudy\WWW\marke\Application\Home\Common\function.php 第 666 行.
NOTIC: [8192] mysql_connect(): The mysql extension is deprecated and will be removed in the future: use mysqli or PDO instead D:\phpStudy\WWW\marke\ThinkPHP\Library\Think\Db\Driver\Mysql.class.php 第 52 行.
SQL: SHOW COLUMNS FROM `zf_document` [ RunTime:0.556032s ]
SQL: SELECT `title` FROM `zf_document` WHERE ( `id` = 24334 ) LIMIT 1   [ RunTime:0.021001s ]
NOTIC: [8] Undefined variable: data D:\phpStudy\WWW\marke\Application\Home\Common\function.php 第 674 行.
SQL: SHOW COLUMNS FROM `zf_room` [ RunTime:0.004000s ]
SQL: SELECT r.id,r.room_number,r.status,r.is_check,u.u_name,r.submit_time,u.u_order,b.b_name,user.nick_name as check_name FROM zf_room as r INNER JOIN zf_unit as u on r.u_id = u.id INNER JOIN zf_building as b on u.b_id = b.id LEFT JOIN zf_user as user on r.submit_check_uid = user.id  WHERE ( b.houses_id = '24334' ) AND ( r.status = 9 ) ORDER BY r.submit_time desc LIMIT 0,10   [ RunTime:0.000000s ]
SQL: SHOW COLUMNS FROM `zf_room` [ RunTime:0.003000s ]
SQL: SELECT COUNT(*) AS tp_count FROM zf_room as r WHERE ( b.houses_id = '24334' ) AND ( r.status = 9 ) LIMIT 1   [ RunTime:0.000000s ]
ERR: 1054:Unknown column 'b.houses_id' in 'where clause'
 [ SQL语句 ] : SELECT COUNT(*) AS tp_count FROM zf_room as r WHERE ( b.houses_id = '24334' ) AND ( r.status = 9 ) LIMIT 1  
INFO: [ view_parse ] --START--
INFO: [ template_filter ] --START--
INFO: Run Behavior\ContentReplace [ RunTime:0.000000s ]
INFO: [ template_filter ] --END-- [ RunTime:0.000000s ]
NOTIC: [8] Undefined index: op_time D:\phpStudy\WWW\marke\Runtime\Cache\Home\ab5afb9d84431d24f94867981e2cbc59.php 第 106 行.
INFO: Run Behavior\ParseTemplate [ RunTime:0.008001s ]
INFO: [ view_parse ] --END-- [ RunTime:0.008001s ]
INFO: [ view_filter ] --START--
INFO: Run Behavior\WriteHtmlCache [ RunTime:0.000000s ]
INFO: [ view_filter ] --END-- [ RunTime:0.000000s ]
INFO: [ app_end ] --START--
INFO: Run Behavior\ShowPageTrace [ RunTime:0.001000s ]
INFO: [ app_end ] --END-- [ RunTime:0.001000s ]

[ 2017-09-14T17:46:41+08:00 ] ::1 /marke/index.php?s=/Home/Business/lock
NOTIC: [8] Undefined index: houses_title D:\phpStudy\WWW\marke\Application\Home\Common\function.php 第 666 行.
NOTIC: [8192] mysql_connect(): The mysql extension is deprecated and will be removed in the future: use mysqli or PDO instead D:\phpStudy\WWW\marke\ThinkPHP\Library\Think\Db\Driver\Mysql.class.php 第 52 行.
SQL: SHOW COLUMNS FROM `zf_document` [ RunTime:0.025001s ]
SQL: SELECT `title` FROM `zf_document` WHERE ( `id` = 24334 ) LIMIT 1   [ RunTime:0.020002s ]
NOTIC: [8] Undefined variable: data D:\phpStudy\WWW\marke\Application\Home\Common\function.php 第 674 行.
SQL: SHOW COLUMNS FROM `zf_room` [ RunTime:0.004000s ]
SQL: SELECT r.id,r.room_number,r.status,r.is_check,u.u_name,r.lock_time,u.u_order,b.b_name,user.nick_name as check_name FROM zf_room as r INNER JOIN zf_unit as u on r.u_id = u.id INNER JOIN zf_building as b on u.b_id = b.id LEFT JOIN zf_user as user on r.lock_check_uid = user.id  WHERE ( b.houses_id = '24334' ) AND ( r.status = 1 ) AND ( r.lock_uid = '1' ) ORDER BY r.lock_time desc LIMIT 0,10   [ RunTime:0.001000s ]
SQL: SHOW COLUMNS FROM `zf_room` [ RunTime:0.003000s ]
SQL: SELECT COUNT(*) AS tp_count FROM zf_room as r INNER JOIN zf_unit as u on r.u_id = u.id INNER JOIN zf_building as b on u.b_id = b.id  WHERE ( b.houses_id = '24334' ) AND ( r.status = 1 ) AND ( r.lock_uid = '1' ) LIMIT 1   [ RunTime:0.000000s ]
INFO: [ view_parse ] --START--
INFO: [ template_filter ] --START--
INFO: Run Behavior\ContentReplace [ RunTime:0.000000s ]
INFO: [ template_filter ] --END-- [ RunTime:0.000000s ]
NOTIC: [8] Undefined index: op_time D:\phpStudy\WWW\marke\Runtime\Cache\Home\9c558fab66f19391188e091a951e9868.php 第 106 行.
INFO: Run Behavior\ParseTemplate [ RunTime:0.009001s ]
INFO: [ view_parse ] --END-- [ RunTime:0.009001s ]
INFO: [ view_filter ] --START--
INFO: Run Behavior\WriteHtmlCache [ RunTime:0.000000s ]
INFO: [ view_filter ] --END-- [ RunTime:0.000000s ]
INFO: [ app_end ] --START--
INFO: Run Behavior\ShowPageTrace [ RunTime:0.000000s ]
INFO: [ app_end ] --END-- [ RunTime:0.000000s ]

[ 2017-09-14T17:46:49+08:00 ] ::1 /marke/index.php?s=/Home/Business/mycheck
NOTIC: [8] Undefined index: houses_title D:\phpStudy\WWW\marke\Application\Home\Common\function.php 第 666 行.
NOTIC: [8192] mysql_connect(): The mysql extension is deprecated and will be removed in the future: use mysqli or PDO instead D:\phpStudy\WWW\marke\ThinkPHP\Library\Think\Db\Driver\Mysql.class.php 第 52 行.
SQL: SHOW COLUMNS FROM `zf_document` [ RunTime:0.024002s ]
SQL: SELECT `title` FROM `zf_document` WHERE ( `id` = 24334 ) LIMIT 1   [ RunTime:0.020001s ]
NOTIC: [8] Undefined variable: data D:\phpStudy\WWW\marke\Application\Home\Common\function.php 第 674 行.
SQL: SHOW COLUMNS FROM `zf_room` [ RunTime:0.003000s ]
SQL: SELECT r.id,r.room_number,r.status,r.op_time,r.is_check,u.u_name,u.u_order,b.b_name,user.nick_name FROM zf_room as r INNER JOIN zf_unit as u on r.u_id = u.id INNER JOIN zf_building as b on u.b_id = b.id INNER JOIN zf_user as user on r.operationer=user.id INNER JOIN zf_report as ro on r.id = ro.r_id  WHERE ( r.houses_id = '24334' ) AND ( r.status IN ('1','9') ) AND ( ro.check_id = '1' ) ORDER BY r.op_time desc LIMIT 0,8   [ RunTime:0.000000s ]
ERR: 1054:Unknown column 'r.op_time' in 'field list'
 [ SQL语句 ] : SELECT r.id,r.room_number,r.status,r.op_time,r.is_check,u.u_name,u.u_order,b.b_name,user.nick_name FROM zf_room as r INNER JOIN zf_unit as u on r.u_id = u.id INNER JOIN zf_building as b on u.b_id = b.id INNER JOIN zf_user as user on r.operationer=user.id INNER JOIN zf_report as ro on r.id = ro.r_id  WHERE ( r.houses_id = '24334' ) AND ( r.status IN ('1','9') ) AND ( ro.check_id = '1' ) ORDER BY r.op_time desc LIMIT 0,8  
SQL: SHOW COLUMNS FROM `zf_room` [ RunTime:0.003000s ]
SQL: SELECT COUNT(*) AS tp_count FROM zf_room as r WHERE ( r.houses_id = '24334' ) AND ( r.status IN ('1','9') ) AND ( ro.check_id = '1' ) ORDER BY r.op_time desc LIMIT 1   [ RunTime:0.000000s ]
ERR: 1054:Unknown column 'ro.check_id' in 'where clause'
 [ SQL语句 ] : SELECT COUNT(*) AS tp_count FROM zf_room as r WHERE ( r.houses_id = '24334' ) AND ( r.status IN ('1','9') ) AND ( ro.check_id = '1' ) ORDER BY r.op_time desc LIMIT 1  
INFO: [ view_parse ] --START--
INFO: [ template_filter ] --START--
INFO: Run Behavior\ContentReplace [ RunTime:0.000000s ]
INFO: [ template_filter ] --END-- [ RunTime:0.000000s ]
INFO: Run Behavior\ParseTemplate [ RunTime:0.010001s ]
INFO: [ view_parse ] --END-- [ RunTime:0.010001s ]
INFO: [ view_filter ] --START--
INFO: Run Behavior\WriteHtmlCache [ RunTime:0.000000s ]
INFO: [ view_filter ] --END-- [ RunTime:0.000000s ]
INFO: [ app_end ] --START--
INFO: Run Behavior\ShowPageTrace [ RunTime:0.001000s ]
INFO: [ app_end ] --END-- [ RunTime:0.001000s ]

[ 2017-09-14T17:55:41+08:00 ] ::1 /marke/index.php?s=/Home/Business/mycheck
NOTIC: [8] Undefined index: houses_title D:\phpStudy\WWW\marke\Application\Home\Common\function.php 第 666 行.
NOTIC: [8192] mysql_connect(): The mysql extension is deprecated and will be removed in the future: use mysqli or PDO instead D:\phpStudy\WWW\marke\ThinkPHP\Library\Think\Db\Driver\Mysql.class.php 第 52 行.
SQL: SHOW COLUMNS FROM `zf_document` [ RunTime:0.040002s ]
SQL: SELECT `title` FROM `zf_document` WHERE ( `id` = 24334 ) LIMIT 1   [ RunTime:0.017001s ]
NOTIC: [8] Undefined variable: data D:\phpStudy\WWW\marke\Application\Home\Common\function.php 第 674 行.
SQL: SHOW COLUMNS FROM `zf_room` [ RunTime:0.003001s ]
SQL: SELECT r.id,r.room_number,r.status,r.is_check,u.u_name,u.u_order,b.b_name FROM zf_room as r INNER JOIN zf_unit as u on r.u_id = u.id INNER JOIN zf_building as b on u.b_id = b.id  WHERE ( r.houses_id = '24334' ) AND ( r.status IN ('1','9') ) AND (  (r.lock_check_uid=1 or r.submit_check_uid =1 )  ) LIMIT 0,8   [ RunTime:0.001000s ]

[ 2017-09-14T17:57:34+08:00 ] ::1 /marke/index.php?s=/Home/Business/mycheck
NOTIC: [8] Undefined index: houses_title D:\phpStudy\WWW\marke\Application\Home\Common\function.php 第 666 行.
NOTIC: [8192] mysql_connect(): The mysql extension is deprecated and will be removed in the future: use mysqli or PDO instead D:\phpStudy\WWW\marke\ThinkPHP\Library\Think\Db\Driver\Mysql.class.php 第 52 行.
SQL: SHOW COLUMNS FROM `zf_document` [ RunTime:0.030001s ]
SQL: SELECT `title` FROM `zf_document` WHERE ( `id` = 24334 ) LIMIT 1   [ RunTime:0.019002s ]
NOTIC: [8] Undefined variable: data D:\phpStudy\WWW\marke\Application\Home\Common\function.php 第 674 行.
SQL: SHOW COLUMNS FROM `zf_room` [ RunTime:0.004000s ]
SQL: SELECT r.id,r.room_number,r.status,r.is_check,u.u_name,u.u_order,b.b_name,user1.nick_name FROM zf_room as r INNER JOIN zf_unit as u on r.u_id = u.id INNER JOIN zf_building as b on u.b_id = b.id INNER JOIN zf_user as userL on r.lock_uid=r.id  WHERE ( r.houses_id = '24334' ) AND ( r.status IN ('1','9') ) AND (  (r.lock_check_uid=1 or r.submit_check_uid =1 )  ) LIMIT 0,8   [ RunTime:0.001000s ]
ERR: 1054:Unknown column 'user1.nick_name' in 'field list'
 [ SQL语句 ] : SELECT r.id,r.room_number,r.status,r.is_check,u.u_name,u.u_order,b.b_name,user1.nick_name FROM zf_room as r INNER JOIN zf_unit as u on r.u_id = u.id INNER JOIN zf_building as b on u.b_id = b.id INNER JOIN zf_user as userL on r.lock_uid=r.id  WHERE ( r.houses_id = '24334' ) AND ( r.status IN ('1','9') ) AND (  (r.lock_check_uid=1 or r.submit_check_uid =1 )  ) LIMIT 0,8  
SQL: SHOW COLUMNS FROM `zf_room` [ RunTime:0.004000s ]
SQL: SELECT COUNT(*) AS tp_count FROM zf_room as r WHERE ( r.houses_id = '24334' ) AND ( r.status IN ('1','9') ) LIMIT 1   [ RunTime:0.000000s ]
INFO: [ view_parse ] --START--
INFO: [ template_filter ] --START--
INFO: Run Behavior\ContentReplace [ RunTime:0.000000s ]
INFO: [ template_filter ] --END-- [ RunTime:0.000000s ]
INFO: Run Behavior\ParseTemplate [ RunTime:0.020001s ]
INFO: [ view_parse ] --END-- [ RunTime:0.020001s ]
INFO: [ view_filter ] --START--
INFO: Run Behavior\WriteHtmlCache [ RunTime:0.001000s ]
INFO: [ view_filter ] --END-- [ RunTime:0.001000s ]
INFO: [ app_end ] --START--
INFO: Run Behavior\ShowPageTrace [ RunTime:0.000000s ]
INFO: [ app_end ] --END-- [ RunTime:0.000000s ]

[ 2017-09-14T17:57:46+08:00 ] ::1 /marke/index.php?s=/Home/Business/mycheck
NOTIC: [8] Undefined index: houses_title D:\phpStudy\WWW\marke\Application\Home\Common\function.php 第 666 行.
NOTIC: [8192] mysql_connect(): The mysql extension is deprecated and will be removed in the future: use mysqli or PDO instead D:\phpStudy\WWW\marke\ThinkPHP\Library\Think\Db\Driver\Mysql.class.php 第 52 行.
SQL: SHOW COLUMNS FROM `zf_document` [ RunTime:0.028002s ]
SQL: SELECT `title` FROM `zf_document` WHERE ( `id` = 24334 ) LIMIT 1   [ RunTime:0.021001s ]
NOTIC: [8] Undefined variable: data D:\phpStudy\WWW\marke\Application\Home\Common\function.php 第 674 行.
SQL: SHOW COLUMNS FROM `zf_room` [ RunTime:0.003000s ]
SQL: SELECT r.id,r.room_number,r.status,r.is_check,u.u_name,u.u_order,b.b_name,user1.nick_name FROM zf_room as r INNER JOIN zf_unit as u on r.u_id = u.id INNER JOIN zf_building as b on u.b_id = b.id INNER JOIN zf_user as userL on r.lock_uid=r.id  WHERE ( r.houses_id = '24334' ) AND ( r.status IN ('1','9') ) AND (  (r.lock_check_uid=1 or r.submit_check_uid =1 )  ) LIMIT 0,8   [ RunTime:0.000000s ]
ERR: 1054:Unknown column 'user1.nick_name' in 'field list'
 [ SQL语句 ] : SELECT r.id,r.room_number,r.status,r.is_check,u.u_name,u.u_order,b.b_name,user1.nick_name FROM zf_room as r INNER JOIN zf_unit as u on r.u_id = u.id INNER JOIN zf_building as b on u.b_id = b.id INNER JOIN zf_user as userL on r.lock_uid=r.id  WHERE ( r.houses_id = '24334' ) AND ( r.status IN ('1','9') ) AND (  (r.lock_check_uid=1 or r.submit_check_uid =1 )  ) LIMIT 0,8  

[ 2017-09-14T17:57:56+08:00 ] ::1 /marke/index.php?s=/Home/Business/mycheck
NOTIC: [8] Undefined index: houses_title D:\phpStudy\WWW\marke\Application\Home\Common\function.php 第 666 行.
NOTIC: [8192] mysql_connect(): The mysql extension is deprecated and will be removed in the future: use mysqli or PDO instead D:\phpStudy\WWW\marke\ThinkPHP\Library\Think\Db\Driver\Mysql.class.php 第 52 行.
SQL: SHOW COLUMNS FROM `zf_document` [ RunTime:0.026002s ]
SQL: SELECT `title` FROM `zf_document` WHERE ( `id` = 24334 ) LIMIT 1   [ RunTime:0.019001s ]
NOTIC: [8] Undefined variable: data D:\phpStudy\WWW\marke\Application\Home\Common\function.php 第 674 行.
SQL: SHOW COLUMNS FROM `zf_room` [ RunTime:0.003000s ]
SQL: SELECT r.id,r.room_number,r.status,r.is_check,u.u_name,u.u_order,b.b_name FROM zf_room as r INNER JOIN zf_unit as u on r.u_id = u.id INNER JOIN zf_building as b on u.b_id = b.id INNER JOIN zf_user as userL on r.lock_uid=r.id  WHERE ( r.houses_id = '24334' ) AND ( r.status IN ('1','9') ) AND (  (r.lock_check_uid=1 or r.submit_check_uid =1 )  ) LIMIT 0,8   [ RunTime:0.001000s ]

[ 2017-09-14T17:58:01+08:00 ] ::1 /marke/index.php?s=/Home/Business/mycheck
NOTIC: [8] Undefined index: houses_title D:\phpStudy\WWW\marke\Application\Home\Common\function.php 第 666 行.
NOTIC: [8192] mysql_connect(): The mysql extension is deprecated and will be removed in the future: use mysqli or PDO instead D:\phpStudy\WWW\marke\ThinkPHP\Library\Think\Db\Driver\Mysql.class.php 第 52 行.
SQL: SHOW COLUMNS FROM `zf_document` [ RunTime:0.026001s ]
SQL: SELECT `title` FROM `zf_document` WHERE ( `id` = 24334 ) LIMIT 1   [ RunTime:0.020001s ]
NOTIC: [8] Undefined variable: data D:\phpStudy\WWW\marke\Application\Home\Common\function.php 第 674 行.
SQL: SHOW COLUMNS FROM `zf_room` [ RunTime:0.003000s ]
SQL: SELECT r.id,r.room_number,r.status,r.is_check,u.u_name,u.u_order,b.b_name,userL.nick_name FROM zf_room as r INNER JOIN zf_unit as u on r.u_id = u.id INNER JOIN zf_building as b on u.b_id = b.id INNER JOIN zf_user as userL on r.lock_uid=r.id  WHERE ( r.houses_id = '24334' ) AND ( r.status IN ('1','9') ) AND (  (r.lock_check_uid=1 or r.submit_check_uid =1 )  ) LIMIT 0,8   [ RunTime:0.001000s ]

