[ 2017-12-04T11:03:23+08:00 ] ::1 /marke/index.php?s=/
INFO: [ app_begin ] --START--
INFO: Run Behavior\ReadHtmlCache [ RunTime:0.002000s ]
INFO: [ app_begin ] --END-- [ RunTime:0.003000s ]
SQL: SHOW COLUMNS FROM `zf_config` [ RunTime:0.010000s ]
SQL: SELECT `type`,`name`,`value` FROM `zf_config` WHERE ( `status` = 1 )  [ RunTime:0.001001s ]
NOTIC: [8] Undefined index: _ism D:\phpStudy\WWW\marke\Application\Common\Common\function.php 第 1004 行.
SQL: SHOW COLUMNS FROM `zf_user` [ RunTime:0.010000s ]

[ 2017-12-04T11:03:23+08:00 ] ::1 /marke/index.php?s=/Home/Login/login.html
INFO: [ app_begin ] --START--
INFO: Run Behavior\ReadHtmlCache [ RunTime:0.000000s ]
INFO: [ app_begin ] --END-- [ RunTime:0.007001s ]
NOTIC: [8] Undefined index: _ism D:\phpStudy\WWW\marke\Application\Common\Common\function.php 第 1004 行.
INFO: [ view_parse ] --START--
INFO: [ template_filter ] --START--
INFO: Run Behavior\ContentReplace [ RunTime:0.000000s ]
INFO: [ template_filter ] --END-- [ RunTime:0.000000s ]
INFO: Run Behavior\ParseTemplate [ RunTime:0.020001s ]
INFO: [ view_parse ] --END-- [ RunTime:0.020001s ]
INFO: [ view_filter ] --START--
INFO: Run Behavior\WriteHtmlCache [ RunTime:0.001000s ]
INFO: [ view_filter ] --END-- [ RunTime:0.001000s ]
INFO: [ app_end ] --START--
INFO: Run Behavior\ShowPageTrace [ RunTime:0.003000s ]
INFO: [ app_end ] --END-- [ RunTime:0.003000s ]

[ 2017-12-04T11:03:24+08:00 ] ::1 /marke/index.php?s=/Home/Login/login.html
INFO: [ app_begin ] --START--
INFO: Run Behavior\ReadHtmlCache [ RunTime:0.000000s ]
INFO: [ app_begin ] --END-- [ RunTime:0.001000s ]
NOTIC: [8] Undefined index: _ism D:\phpStudy\WWW\marke\Application\Common\Common\function.php 第 1004 行.
INFO: [ view_parse ] --START--
INFO: [ template_filter ] --START--
INFO: Run Behavior\ContentReplace [ RunTime:0.000000s ]
INFO: [ template_filter ] --END-- [ RunTime:0.000000s ]
INFO: Run Behavior\ParseTemplate [ RunTime:0.005001s ]
INFO: [ view_parse ] --END-- [ RunTime:0.005001s ]
INFO: [ view_filter ] --START--
INFO: Run Behavior\WriteHtmlCache [ RunTime:0.000000s ]
INFO: [ view_filter ] --END-- [ RunTime:0.000000s ]
INFO: [ app_end ] --START--
INFO: Run Behavior\ShowPageTrace [ RunTime:0.001000s ]
INFO: [ app_end ] --END-- [ RunTime:0.001000s ]

[ 2017-12-04T11:14:40+08:00 ] ::1 /marke/index.php?s=/Home/Login/getHouse
INFO: [ app_begin ] --START--
INFO: Run Behavior\ReadHtmlCache [ RunTime:0.001000s ]
INFO: [ app_begin ] --END-- [ RunTime:0.001000s ]
NOTIC: [8] Undefined index: _ism D:\phpStudy\WWW\marke\Application\Common\Common\function.php 第 1004 行.
SQL: SHOW COLUMNS FROM project.zf_userall [ RunTime:0.021001s ]
SQL: SELECT m.title,m.db_name FROM project.zf_userall as u INNER JOIN project.zf_main as m on u.m_id = m.id  WHERE ( u.phone=13800000000 )  [ RunTime:0.005001s ]

[ 2017-12-04T11:14:47+08:00 ] ::1 /marke/index.php?s=/Home/Login/login
INFO: [ app_begin ] --START--
INFO: Run Behavior\ReadHtmlCache [ RunTime:0.000000s ]
INFO: [ app_begin ] --END-- [ RunTime:0.001000s ]
NOTIC: [8] Undefined index: _ism D:\phpStudy\WWW\marke\Application\Common\Common\function.php 第 1004 行.
SQL: SHOW COLUMNS FROM `zf_user` [ RunTime:0.006000s ]
SQL: SELECT id as uid,`phone`,`nick_name`,`head_img`,`is_super`,`sex`,`is_activation`,`is_activation`,`status` FROM `zf_user` WHERE ( `phone` = '13800000000' ) AND ( `password` = '347940aacdbd9d502325150ae5d07d96' ) LIMIT 1   [ RunTime:0.001000s ]
SQL: SHOW COLUMNS FROM `zf_config` [ RunTime:0.005001s ]
SQL: SELECT `type`,`name`,`value` FROM `zf_config` WHERE ( `status` = 1 )  [ RunTime:0.001000s ]
SQL: SHOW COLUMNS FROM `zf_menu_list` [ RunTime:0.009000s ]
SQL: SELECT * FROM `zf_menu_list` WHERE ( `id` IN ('3','2','4','5','6','7','8','9','10','11','12','14','15','16','17','18','19','20','21') ) AND ( `status` = 1 ) ORDER BY  FIELD(id, 3, 2, 4, 5, 6, 7, 8, 9, 10, 11, 12, 14, 15, 16, 17, 18, 19, 20, 21)  [ RunTime:0.001000s ]
SQL: SHOW COLUMNS FROM `zf_bottom_nav` [ RunTime:0.011000s ]
SQL: SELECT bn.id,bn.title,bn.icon,ml.path FROM zf_bottom_nav as bn left JOIN zf_menu_list as ml on bn.m_id = ml.id  WHERE ( bn.id IN ('1','2') ) AND ( ml.status = 1 ) ORDER BY  FIELD(bn.id, 1, 2) LIMIT 4   [ RunTime:0.001000s ]
SQL: SHOW COLUMNS FROM `zf_picture` [ RunTime:0.009001s ]
SQL: SELECT * FROM `zf_picture` WHERE ( `status` = 1 ) AND ( `id` = 1 ) LIMIT 1   [ RunTime:0.002000s ]
SQL: SELECT * FROM `zf_picture` WHERE ( `status` = 1 ) AND ( `id` = 2 ) LIMIT 1   [ RunTime:0.000000s ]
SQL: SELECT * FROM `zf_picture` WHERE ( `status` = 1 ) AND ( `id` = 3 ) LIMIT 1   [ RunTime:0.000000s ]
SQL: SELECT * FROM `zf_picture` WHERE ( `status` = 1 ) AND ( `id` = 12 ) LIMIT 1   [ RunTime:0.000000s ]
SQL: SELECT * FROM `zf_picture` WHERE ( `status` = 1 ) AND ( `id` = 5 ) LIMIT 1   [ RunTime:0.001000s ]
SQL: SELECT * FROM `zf_picture` WHERE ( `status` = 1 ) AND ( `id` = 7 ) LIMIT 1   [ RunTime:0.000000s ]
SQL: SELECT * FROM `zf_picture` WHERE ( `status` = 1 ) AND ( `id` = 8 ) LIMIT 1   [ RunTime:0.000000s ]
SQL: SELECT * FROM `zf_picture` WHERE ( `status` = 1 ) AND ( `id` = 9 ) LIMIT 1   [ RunTime:0.000000s ]
SQL: SELECT * FROM `zf_picture` WHERE ( `status` = 1 ) AND ( `id` = 10 ) LIMIT 1   [ RunTime:0.001000s ]
SQL: SELECT * FROM `zf_picture` WHERE ( `status` = 1 ) AND ( `id` = 11 ) LIMIT 1   [ RunTime:0.000000s ]
SQL: SELECT * FROM `zf_picture` WHERE ( `status` = 1 ) AND ( `id` = 7 ) LIMIT 1   [ RunTime:0.000000s ]
SQL: SELECT * FROM `zf_picture` WHERE ( `status` = 1 ) AND ( `id` = 2 ) LIMIT 1   [ RunTime:0.000000s ]
SQL: SELECT * FROM `zf_picture` WHERE ( `status` = 1 ) AND ( `id` = 4 ) LIMIT 1   [ RunTime:0.000000s ]
SQL: SELECT * FROM `zf_picture` WHERE ( `status` = 1 ) AND ( `id` = 12 ) LIMIT 1   [ RunTime:0.000000s ]
SQL: SELECT * FROM `zf_picture` WHERE ( `status` = 1 ) AND ( `id` = 13 ) LIMIT 1   [ RunTime:0.000000s ]
SQL: SELECT * FROM `zf_picture` WHERE ( `status` = 1 ) AND ( `id` = 11 ) LIMIT 1   [ RunTime:0.000000s ]
SQL: SELECT * FROM `zf_picture` WHERE ( `status` = 1 ) AND ( `id` = 20 ) LIMIT 1   [ RunTime:0.000000s ]
SQL: SELECT * FROM `zf_picture` WHERE ( `status` = 1 ) AND ( `id` = 34 ) LIMIT 1   [ RunTime:0.000000s ]
SQL: SELECT * FROM `zf_picture` WHERE ( `status` = 1 ) AND ( `id` = 14 ) LIMIT 1   [ RunTime:0.000000s ]
SQL: SELECT * FROM `zf_picture` WHERE ( `status` = 1 ) AND ( `id` = 15 ) LIMIT 1   [ RunTime:0.000000s ]

[ 2017-12-04T11:14:47+08:00 ] ::1 /marke/index.php?s=/Home/Index/index
INFO: [ app_begin ] --START--
INFO: Run Behavior\ReadHtmlCache [ RunTime:0.001000s ]
INFO: [ app_begin ] --END-- [ RunTime:0.001000s ]
SQL: SHOW COLUMNS FROM `zf_config` [ RunTime:0.005000s ]
SQL: SELECT `type`,`name`,`value` FROM `zf_config` WHERE ( `status` = 1 )  [ RunTime:0.001000s ]
NOTIC: [8] Undefined index: _ism D:\phpStudy\WWW\marke\Application\Common\Common\function.php 第 1004 行.
SQL: SHOW COLUMNS FROM `zf_houses` [ RunTime:0.011001s ]
SQL: SELECT `title` FROM `zf_houses` WHERE ( `id` = 1 ) LIMIT 1   [ RunTime:0.001000s ]
INFO: [ view_parse ] --START--
INFO: [ template_filter ] --START--
INFO: Run Behavior\ContentReplace [ RunTime:0.000000s ]
INFO: [ template_filter ] --END-- [ RunTime:0.000000s ]
INFO: Run Behavior\ParseTemplate [ RunTime:0.034002s ]
INFO: [ view_parse ] --END-- [ RunTime:0.034002s ]
INFO: [ view_filter ] --START--
INFO: Run Behavior\WriteHtmlCache [ RunTime:0.001000s ]
INFO: [ view_filter ] --END-- [ RunTime:0.001000s ]
INFO: [ app_end ] --START--
INFO: Run Behavior\ShowPageTrace [ RunTime:0.000000s ]
INFO: [ app_end ] --END-- [ RunTime:0.000000s ]

[ 2017-12-04T11:14:48+08:00 ] ::1 /marke/index.php?s=/Home/Room/getBuilding
INFO: [ app_begin ] --START--
INFO: Run Behavior\ReadHtmlCache [ RunTime:0.000000s ]
INFO: [ app_begin ] --END-- [ RunTime:0.001000s ]
SQL: SHOW COLUMNS FROM `zf_config` [ RunTime:0.008000s ]
SQL: SELECT `type`,`name`,`value` FROM `zf_config` WHERE ( `status` = 1 )  [ RunTime:0.001000s ]
NOTIC: [8] Undefined index: _ism D:\phpStudy\WWW\marke\Application\Common\Common\function.php 第 1004 行.
SQL: SHOW COLUMNS FROM `zf_building` [ RunTime:0.012001s ]
SQL: SELECT * FROM `zf_building` WHERE ( `status` = 1 ) ORDER BY id asc  [ RunTime:0.000000s ]

[ 2017-12-04T11:14:48+08:00 ] ::1 /marke/index.php?s=/Home/Room/getUnit
INFO: [ app_begin ] --START--
INFO: Run Behavior\ReadHtmlCache [ RunTime:0.000000s ]
INFO: [ app_begin ] --END-- [ RunTime:0.001000s ]
SQL: SHOW COLUMNS FROM `zf_config` [ RunTime:0.008000s ]
SQL: SELECT `type`,`name`,`value` FROM `zf_config` WHERE ( `status` = 1 )  [ RunTime:0.001000s ]
NOTIC: [8] Undefined index: _ism D:\phpStudy\WWW\marke\Application\Common\Common\function.php 第 1004 行.
SQL: SHOW COLUMNS FROM `zf_unit` [ RunTime:0.010001s ]
SQL: SELECT * FROM `zf_unit` WHERE ( `b_id` = 3 ) AND ( `status` = 1 ) ORDER BY u_order  [ RunTime:0.000000s ]

[ 2017-12-04T11:14:48+08:00 ] ::1 /marke/index.php?s=/Home/Room/getRoom
INFO: [ app_begin ] --START--
INFO: Run Behavior\ReadHtmlCache [ RunTime:0.000000s ]
INFO: [ app_begin ] --END-- [ RunTime:0.000000s ]
SQL: SHOW COLUMNS FROM `zf_config` [ RunTime:0.008001s ]
SQL: SELECT `type`,`name`,`value` FROM `zf_config` WHERE ( `status` = 1 )  [ RunTime:0.000000s ]
NOTIC: [8] Undefined index: _ism D:\phpStudy\WWW\marke\Application\Common\Common\function.php 第 1004 行.
SQL: SHOW COLUMNS FROM `zf_room` [ RunTime:0.020001s ]
SQL: SELECT r.id,r.u_id,r.floor,r.is_check,r.status,r.room_number,user.nick_name FROM zf_room r INNER JOIN zf_unit as u on r.u_id=u.id left JOIN zf_user as user on r.lastop_uid=user.id  WHERE ( r.u_id = '2' ) AND ( u.status = '1' ) ORDER BY floor,room_number,is_check  [ RunTime:0.002000s ]

[ 2017-12-04T11:16:21+08:00 ] ::1 /marke/index.php?s=/Home/Room/getUnit
INFO: [ app_begin ] --START--
INFO: Run Behavior\ReadHtmlCache [ RunTime:0.001000s ]
INFO: [ app_begin ] --END-- [ RunTime:0.001000s ]
SQL: SHOW COLUMNS FROM `zf_config` [ RunTime:0.006000s ]
SQL: SELECT `type`,`name`,`value` FROM `zf_config` WHERE ( `status` = 1 )  [ RunTime:0.001001s ]
NOTIC: [8] Undefined index: _ism D:\phpStudy\WWW\marke\Application\Common\Common\function.php 第 1004 行.
SQL: SHOW COLUMNS FROM `zf_unit` [ RunTime:0.005000s ]
SQL: SELECT * FROM `zf_unit` WHERE ( `b_id` = 4 ) AND ( `status` = 1 ) ORDER BY u_order  [ RunTime:0.000000s ]

[ 2017-12-04T11:16:21+08:00 ] ::1 /marke/index.php?s=/Home/Room/getUnit
INFO: [ app_begin ] --START--
INFO: Run Behavior\ReadHtmlCache [ RunTime:0.000000s ]
INFO: [ app_begin ] --END-- [ RunTime:0.000000s ]
SQL: SHOW COLUMNS FROM `zf_config` [ RunTime:0.005000s ]
SQL: SELECT `type`,`name`,`value` FROM `zf_config` WHERE ( `status` = 1 )  [ RunTime:0.000000s ]
NOTIC: [8] Undefined index: _ism D:\phpStudy\WWW\marke\Application\Common\Common\function.php 第 1004 行.
SQL: SHOW COLUMNS FROM `zf_unit` [ RunTime:0.004000s ]
SQL: SELECT * FROM `zf_unit` WHERE ( `b_id` = 6 ) AND ( `status` = 1 ) ORDER BY u_order  [ RunTime:0.000000s ]

[ 2017-12-04T11:16:21+08:00 ] ::1 /marke/index.php?s=/Home/Room/getRoom
INFO: [ app_begin ] --START--
INFO: Run Behavior\ReadHtmlCache [ RunTime:0.001000s ]
INFO: [ app_begin ] --END-- [ RunTime:0.001000s ]
SQL: SHOW COLUMNS FROM `zf_config` [ RunTime:0.005000s ]
SQL: SELECT `type`,`name`,`value` FROM `zf_config` WHERE ( `status` = 1 )  [ RunTime:0.000000s ]
NOTIC: [8] Undefined index: _ism D:\phpStudy\WWW\marke\Application\Common\Common\function.php 第 1004 行.
SQL: SHOW COLUMNS FROM `zf_room` [ RunTime:0.007000s ]
SQL: SELECT r.id,r.u_id,r.floor,r.is_check,r.status,r.room_number,user.nick_name FROM zf_room r INNER JOIN zf_unit as u on r.u_id=u.id left JOIN zf_user as user on r.lastop_uid=user.id  WHERE ( r.u_id = '4' ) AND ( u.status = '1' ) ORDER BY floor,room_number,is_check  [ RunTime:0.001000s ]

[ 2017-12-04T11:16:22+08:00 ] ::1 /marke/index.php?s=/Home/BBorder/index.html
INFO: [ app_begin ] --START--
INFO: Run Behavior\ReadHtmlCache [ RunTime:0.001000s ]
INFO: [ app_begin ] --END-- [ RunTime:0.001000s ]
SQL: SHOW COLUMNS FROM `zf_config` [ RunTime:0.005001s ]
SQL: SELECT `type`,`name`,`value` FROM `zf_config` WHERE ( `status` = 1 )  [ RunTime:0.000000s ]
NOTIC: [8] Undefined index: _ism D:\phpStudy\WWW\marke\Application\Common\Common\function.php 第 1004 行.
INFO: [ view_parse ] --START--
INFO: [ template_filter ] --START--
INFO: Run Behavior\ContentReplace [ RunTime:0.000000s ]
INFO: [ template_filter ] --END-- [ RunTime:0.000000s ]
NOTIC: [8] Undefined variable: buttonJson D:\phpStudy\WWW\marke\Runtime\Cache\Home\38efb05934bc5bd004bf85f234de883d.php 第 272 行.
INFO: Run Behavior\ParseTemplate [ RunTime:0.009000s ]
INFO: [ view_parse ] --END-- [ RunTime:0.009000s ]
INFO: [ view_filter ] --START--
INFO: Run Behavior\WriteHtmlCache [ RunTime:0.000000s ]
INFO: [ view_filter ] --END-- [ RunTime:0.000000s ]
INFO: [ app_end ] --START--
INFO: Run Behavior\ShowPageTrace [ RunTime:0.001000s ]
INFO: [ app_end ] --END-- [ RunTime:0.001000s ]

[ 2017-12-04T11:16:22+08:00 ] ::1 /marke/index.php?s=/Home/BBorder/getList2
INFO: [ app_begin ] --START--
INFO: Run Behavior\ReadHtmlCache [ RunTime:0.000000s ]
INFO: [ app_begin ] --END-- [ RunTime:0.001000s ]
SQL: SHOW COLUMNS FROM `zf_config` [ RunTime:0.007000s ]
SQL: SELECT `type`,`name`,`value` FROM `zf_config` WHERE ( `status` = 1 )  [ RunTime:0.001000s ]
NOTIC: [8] Undefined index: _ism D:\phpStudy\WWW\marke\Application\Common\Common\function.php 第 1004 行.
SQL: SHOW COLUMNS FROM `zf_bborder` [ RunTime:0.013001s ]
SQL: SELECT `id`,`name`,`phone`,`first_time`,`rec_uid`,`is_over`,`last_time`,`dispatch_time` FROM `zf_bborder` WHERE ( `rec_uid` = 0 ) AND ( `is_over` <> 1 ) AND ( `status` = 1 ) ORDER BY id desc LIMIT 0,10   [ RunTime:0.000000s ]
SQL: SHOW COLUMNS FROM `zf_bborder` [ RunTime:0.006000s ]
SQL: SELECT COUNT(*) AS tp_count FROM `zf_bborder` WHERE ( `rec_uid` = 0 ) AND ( `is_over` <> 1 ) AND ( `status` = 1 ) LIMIT 1   [ RunTime:0.001001s ]
NOTIC: [2] Invalid argument supplied for foreach() D:\phpStudy\WWW\marke\Application\Home\Controller\BBorderController.class.php 第 193 行.

[ 2017-12-04T11:16:24+08:00 ] ::1 /marke/index.php?s=/Home/BBorder/index/type/in
INFO: [ app_begin ] --START--
INFO: Run Behavior\ReadHtmlCache [ RunTime:0.000000s ]
INFO: [ app_begin ] --END-- [ RunTime:0.000000s ]
SQL: SHOW COLUMNS FROM `zf_config` [ RunTime:0.007001s ]
SQL: SELECT `type`,`name`,`value` FROM `zf_config` WHERE ( `status` = 1 )  [ RunTime:0.000000s ]
NOTIC: [8] Undefined index: _ism D:\phpStudy\WWW\marke\Application\Common\Common\function.php 第 1004 行.
INFO: [ view_parse ] --START--
INFO: [ template_filter ] --START--
INFO: Run Behavior\ContentReplace [ RunTime:0.000000s ]
INFO: [ template_filter ] --END-- [ RunTime:0.000000s ]
NOTIC: [8] Undefined variable: buttonJson D:\phpStudy\WWW\marke\Runtime\Cache\Home\38efb05934bc5bd004bf85f234de883d.php 第 272 行.
INFO: Run Behavior\ParseTemplate [ RunTime:0.011001s ]
INFO: [ view_parse ] --END-- [ RunTime:0.011001s ]
INFO: [ view_filter ] --START--
INFO: Run Behavior\WriteHtmlCache [ RunTime:0.000000s ]
INFO: [ view_filter ] --END-- [ RunTime:0.000000s ]
INFO: [ app_end ] --START--
INFO: Run Behavior\ShowPageTrace [ RunTime:0.001000s ]
INFO: [ app_end ] --END-- [ RunTime:0.001000s ]

[ 2017-12-04T11:16:24+08:00 ] ::1 /marke/index.php?s=/Home/BBorder/getList2
INFO: [ app_begin ] --START--
INFO: Run Behavior\ReadHtmlCache [ RunTime:0.001000s ]
INFO: [ app_begin ] --END-- [ RunTime:0.001000s ]
SQL: SHOW COLUMNS FROM `zf_config` [ RunTime:0.010000s ]
SQL: SELECT `type`,`name`,`value` FROM `zf_config` WHERE ( `status` = 1 )  [ RunTime:0.001000s ]
NOTIC: [8] Undefined index: _ism D:\phpStudy\WWW\marke\Application\Common\Common\function.php 第 1004 行.
SQL: SHOW COLUMNS FROM `zf_bborder` [ RunTime:0.007000s ]
SQL: SELECT `id`,`name`,`phone`,`first_time`,`rec_uid`,`is_over`,`last_time`,`dispatch_time` FROM `zf_bborder` WHERE ( `rec_uid` > 0 ) AND ( `is_over` <> 1 ) AND ( `status` = 1 ) ORDER BY id desc LIMIT 0,10   [ RunTime:0.000000s ]
SQL: SHOW COLUMNS FROM `zf_bborder` [ RunTime:0.009000s ]
SQL: SELECT COUNT(*) AS tp_count FROM `zf_bborder` WHERE ( `rec_uid` > 0 ) AND ( `is_over` <> 1 ) AND ( `status` = 1 ) LIMIT 1   [ RunTime:0.000000s ]
NOTIC: [2] Invalid argument supplied for foreach() D:\phpStudy\WWW\marke\Application\Home\Controller\BBorderController.class.php 第 193 行.

[ 2017-12-04T11:16:24+08:00 ] ::1 /marke/index.php?s=/Home/BBorder/index/type/all
INFO: [ app_begin ] --START--
INFO: Run Behavior\ReadHtmlCache [ RunTime:0.000000s ]
INFO: [ app_begin ] --END-- [ RunTime:0.001000s ]
SQL: SHOW COLUMNS FROM `zf_config` [ RunTime:0.005001s ]
SQL: SELECT `type`,`name`,`value` FROM `zf_config` WHERE ( `status` = 1 )  [ RunTime:0.001000s ]
NOTIC: [8] Undefined index: _ism D:\phpStudy\WWW\marke\Application\Common\Common\function.php 第 1004 行.
INFO: [ view_parse ] --START--
INFO: [ template_filter ] --START--
INFO: Run Behavior\ContentReplace [ RunTime:0.000000s ]
INFO: [ template_filter ] --END-- [ RunTime:0.000000s ]
NOTIC: [8] Undefined variable: buttonJson D:\phpStudy\WWW\marke\Runtime\Cache\Home\38efb05934bc5bd004bf85f234de883d.php 第 272 行.
INFO: Run Behavior\ParseTemplate [ RunTime:0.009000s ]
INFO: [ view_parse ] --END-- [ RunTime:0.009000s ]
INFO: [ view_filter ] --START--
INFO: Run Behavior\WriteHtmlCache [ RunTime:0.000000s ]
INFO: [ view_filter ] --END-- [ RunTime:0.000000s ]
INFO: [ app_end ] --START--
INFO: Run Behavior\ShowPageTrace [ RunTime:0.000000s ]
INFO: [ app_end ] --END-- [ RunTime:0.001000s ]

[ 2017-12-04T11:16:24+08:00 ] ::1 /marke/index.php?s=/Home/BBorder/getList2
INFO: [ app_begin ] --START--
INFO: Run Behavior\ReadHtmlCache [ RunTime:0.000000s ]
INFO: [ app_begin ] --END-- [ RunTime:0.000000s ]
SQL: SHOW COLUMNS FROM `zf_config` [ RunTime:0.006000s ]
SQL: SELECT `type`,`name`,`value` FROM `zf_config` WHERE ( `status` = 1 )  [ RunTime:0.000000s ]
NOTIC: [8] Undefined index: _ism D:\phpStudy\WWW\marke\Application\Common\Common\function.php 第 1004 行.
SQL: SHOW COLUMNS FROM `zf_bborder` [ RunTime:0.007001s ]
SQL: SELECT `id`,`name`,`phone`,`first_time`,`rec_uid`,`is_over`,`last_time`,`dispatch_time` FROM `zf_bborder` WHERE ( `status` = 1 ) ORDER BY id desc LIMIT 0,10   [ RunTime:0.001000s ]
SQL: SHOW COLUMNS FROM `zf_bborder` [ RunTime:0.006000s ]
SQL: SELECT COUNT(*) AS tp_count FROM `zf_bborder` WHERE ( `status` = 1 ) LIMIT 1   [ RunTime:0.000000s ]
NOTIC: [2] Invalid argument supplied for foreach() D:\phpStudy\WWW\marke\Application\Home\Controller\BBorderController.class.php 第 193 行.

[ 2017-12-04T11:16:25+08:00 ] ::1 /marke/index.php?s=/Home/BBorder/index/type/over
INFO: [ app_begin ] --START--
INFO: Run Behavior\ReadHtmlCache [ RunTime:0.001000s ]
INFO: [ app_begin ] --END-- [ RunTime:0.001000s ]
SQL: SHOW COLUMNS FROM `zf_config` [ RunTime:0.006001s ]
SQL: SELECT `type`,`name`,`value` FROM `zf_config` WHERE ( `status` = 1 )  [ RunTime:0.000000s ]
NOTIC: [8] Undefined index: _ism D:\phpStudy\WWW\marke\Application\Common\Common\function.php 第 1004 行.
INFO: [ view_parse ] --START--
INFO: [ template_filter ] --START--
INFO: Run Behavior\ContentReplace [ RunTime:0.000000s ]
INFO: [ template_filter ] --END-- [ RunTime:0.000000s ]
NOTIC: [8] Undefined variable: buttonJson D:\phpStudy\WWW\marke\Runtime\Cache\Home\38efb05934bc5bd004bf85f234de883d.php 第 272 行.
INFO: Run Behavior\ParseTemplate [ RunTime:0.008000s ]
INFO: [ view_parse ] --END-- [ RunTime:0.008000s ]
INFO: [ view_filter ] --START--
INFO: Run Behavior\WriteHtmlCache [ RunTime:0.000000s ]
INFO: [ view_filter ] --END-- [ RunTime:0.000000s ]
INFO: [ app_end ] --START--
INFO: Run Behavior\ShowPageTrace [ RunTime:0.000000s ]
INFO: [ app_end ] --END-- [ RunTime:0.000000s ]

[ 2017-12-04T11:16:25+08:00 ] ::1 /marke/index.php?s=/Home/BBorder/getList2
INFO: [ app_begin ] --START--
INFO: Run Behavior\ReadHtmlCache [ RunTime:0.000000s ]
INFO: [ app_begin ] --END-- [ RunTime:0.001000s ]
SQL: SHOW COLUMNS FROM `zf_config` [ RunTime:0.007000s ]
SQL: SELECT `type`,`name`,`value` FROM `zf_config` WHERE ( `status` = 1 )  [ RunTime:0.000000s ]
NOTIC: [8] Undefined index: _ism D:\phpStudy\WWW\marke\Application\Common\Common\function.php 第 1004 行.
SQL: SHOW COLUMNS FROM `zf_bborder` [ RunTime:0.006000s ]
SQL: SELECT `id`,`name`,`phone`,`first_time`,`rec_uid`,`is_over`,`last_time`,`dispatch_time` FROM `zf_bborder` WHERE ( `is_over` = 1 ) AND ( `status` = 1 ) ORDER BY id desc LIMIT 0,10   [ RunTime:0.000000s ]
SQL: SHOW COLUMNS FROM `zf_bborder` [ RunTime:0.005001s ]
SQL: SELECT COUNT(*) AS tp_count FROM `zf_bborder` WHERE ( `is_over` = 1 ) AND ( `status` = 1 ) LIMIT 1   [ RunTime:0.001000s ]
NOTIC: [2] Invalid argument supplied for foreach() D:\phpStudy\WWW\marke\Application\Home\Controller\BBorderController.class.php 第 193 行.

[ 2017-12-04T11:16:27+08:00 ] ::1 /marke/index.php?s=/Home/BBorder/add.html
INFO: [ app_begin ] --START--
INFO: Run Behavior\ReadHtmlCache [ RunTime:0.000000s ]
INFO: [ app_begin ] --END-- [ RunTime:0.000000s ]
SQL: SHOW COLUMNS FROM `zf_config` [ RunTime:0.005001s ]
SQL: SELECT `type`,`name`,`value` FROM `zf_config` WHERE ( `status` = 1 )  [ RunTime:0.000000s ]
NOTIC: [8] Undefined index: _ism D:\phpStudy\WWW\marke\Application\Common\Common\function.php 第 1004 行.
SQL: SHOW COLUMNS FROM `zf_model` [ RunTime:0.011000s ]
SQL: SELECT * FROM `zf_model` WHERE ( `status` = 1 ) AND ( `name` = 'bborder' ) LIMIT 1   [ RunTime:0.002000s ]
SQL: SELECT `extend` FROM `zf_model` WHERE ( `id` = 45 ) LIMIT 1   [ RunTime:0.000000s ]
SQL: SHOW COLUMNS FROM `zf_attribute` [ RunTime:0.014001s ]
SQL: SELECT * FROM `zf_attribute` WHERE ( `model_id` = 45 )  [ RunTime:0.002000s ]
SQL: SELECT `field_sort` FROM `zf_model` WHERE ( `id` = 45 ) LIMIT 1   [ RunTime:0.000000s ]
INFO: [ view_parse ] --START--
INFO: [ template_filter ] --START--
INFO: Run Behavior\ContentReplace [ RunTime:0.001000s ]
INFO: [ template_filter ] --END-- [ RunTime:0.001000s ]
NOTIC: [8] Undefined variable: nick_name D:\phpStudy\WWW\marke\Runtime\Cache\Home\b31fcc75c6d53e94662947a8e38a90fd.php 第 289 行.
INFO: Run Behavior\ParseTemplate [ RunTime:0.015001s ]
INFO: [ view_parse ] --END-- [ RunTime:0.015001s ]
INFO: [ view_filter ] --START--
INFO: Run Behavior\WriteHtmlCache [ RunTime:0.000000s ]
INFO: [ view_filter ] --END-- [ RunTime:0.000000s ]
INFO: [ app_end ] --START--
INFO: Run Behavior\ShowPageTrace [ RunTime:0.001000s ]
INFO: [ app_end ] --END-- [ RunTime:0.001000s ]

[ 2017-12-04T11:16:28+08:00 ] ::1 /marke/index.php?s=/Home/BBorder/getList2
INFO: [ app_begin ] --START--
INFO: Run Behavior\ReadHtmlCache [ RunTime:0.000000s ]
INFO: [ app_begin ] --END-- [ RunTime:0.001000s ]
SQL: SHOW COLUMNS FROM `zf_config` [ RunTime:0.006001s ]
SQL: SELECT `type`,`name`,`value` FROM `zf_config` WHERE ( `status` = 1 )  [ RunTime:0.000000s ]
NOTIC: [8] Undefined index: _ism D:\phpStudy\WWW\marke\Application\Common\Common\function.php 第 1004 行.
SQL: SHOW COLUMNS FROM `zf_bborder` [ RunTime:0.007000s ]
SQL: SELECT `id`,`name`,`phone`,`first_time`,`rec_uid`,`is_over`,`last_time`,`dispatch_time` FROM `zf_bborder` WHERE ( `is_over` = 1 ) AND ( `status` = 1 ) ORDER BY id desc LIMIT 0,10   [ RunTime:0.000000s ]
SQL: SHOW COLUMNS FROM `zf_bborder` [ RunTime:0.007001s ]
SQL: SELECT COUNT(*) AS tp_count FROM `zf_bborder` WHERE ( `is_over` = 1 ) AND ( `status` = 1 ) LIMIT 1   [ RunTime:0.000000s ]
NOTIC: [2] Invalid argument supplied for foreach() D:\phpStudy\WWW\marke\Application\Home\Controller\BBorderController.class.php 第 193 行.

[ 2017-12-04T11:16:34+08:00 ] ::1 /marke/index.php?s=/Home/BBorder/index/type/over
INFO: [ app_begin ] --START--
INFO: Run Behavior\ReadHtmlCache [ RunTime:0.001000s ]
INFO: [ app_begin ] --END-- [ RunTime:0.001000s ]
SQL: SHOW COLUMNS FROM `zf_config` [ RunTime:0.006000s ]
SQL: SELECT `type`,`name`,`value` FROM `zf_config` WHERE ( `status` = 1 )  [ RunTime:0.001000s ]
NOTIC: [8] Undefined index: _ism D:\phpStudy\WWW\marke\Application\Common\Common\function.php 第 1004 行.
INFO: [ view_parse ] --START--
INFO: [ template_filter ] --START--
INFO: Run Behavior\ContentReplace [ RunTime:0.000000s ]
INFO: [ template_filter ] --END-- [ RunTime:0.000000s ]
NOTIC: [8] Undefined variable: buttonJson D:\phpStudy\WWW\marke\Runtime\Cache\Home\38efb05934bc5bd004bf85f234de883d.php 第 272 行.
INFO: Run Behavior\ParseTemplate [ RunTime:0.008001s ]
INFO: [ view_parse ] --END-- [ RunTime:0.008001s ]
INFO: [ view_filter ] --START--
INFO: Run Behavior\WriteHtmlCache [ RunTime:0.000000s ]
INFO: [ view_filter ] --END-- [ RunTime:0.001000s ]
INFO: [ app_end ] --START--
INFO: Run Behavior\ShowPageTrace [ RunTime:0.000000s ]
INFO: [ app_end ] --END-- [ RunTime:0.000000s ]

[ 2017-12-04T11:16:34+08:00 ] ::1 /marke/index.php?s=/Home/BBorder/getList2
INFO: [ app_begin ] --START--
INFO: Run Behavior\ReadHtmlCache [ RunTime:0.000000s ]
INFO: [ app_begin ] --END-- [ RunTime:0.001000s ]
SQL: SHOW COLUMNS FROM `zf_config` [ RunTime:0.006001s ]
SQL: SELECT `type`,`name`,`value` FROM `zf_config` WHERE ( `status` = 1 )  [ RunTime:0.001000s ]
NOTIC: [8] Undefined index: _ism D:\phpStudy\WWW\marke\Application\Common\Common\function.php 第 1004 行.
SQL: SHOW COLUMNS FROM `zf_bborder` [ RunTime:0.006000s ]
SQL: SELECT `id`,`name`,`phone`,`first_time`,`rec_uid`,`is_over`,`last_time`,`dispatch_time` FROM `zf_bborder` WHERE ( `is_over` = 1 ) AND ( `status` = 1 ) ORDER BY id desc LIMIT 0,10   [ RunTime:0.000000s ]
SQL: SHOW COLUMNS FROM `zf_bborder` [ RunTime:0.006001s ]
SQL: SELECT COUNT(*) AS tp_count FROM `zf_bborder` WHERE ( `is_over` = 1 ) AND ( `status` = 1 ) LIMIT 1   [ RunTime:0.000000s ]
NOTIC: [2] Invalid argument supplied for foreach() D:\phpStudy\WWW\marke\Application\Home\Controller\BBorderController.class.php 第 193 行.

[ 2017-12-04T11:16:35+08:00 ] ::1 /marke/index.php?s=/Home/Group/index.html
INFO: [ app_begin ] --START--
INFO: Run Behavior\ReadHtmlCache [ RunTime:0.001000s ]
INFO: [ app_begin ] --END-- [ RunTime:0.001000s ]
SQL: SHOW COLUMNS FROM `zf_config` [ RunTime:0.007000s ]
SQL: SELECT `type`,`name`,`value` FROM `zf_config` WHERE ( `status` = 1 )  [ RunTime:0.001000s ]
NOTIC: [8] Undefined index: _ism D:\phpStudy\WWW\marke\Application\Common\Common\function.php 第 1004 行.
SQL: SHOW COLUMNS FROM `zf_group` [ RunTime:0.013001s ]
SQL: SELECT * FROM `zf_group`  [ RunTime:0.000000s ]
SQL: SELECT * FROM `zf_group`  [ RunTime:0.001000s ]
SQL: SHOW COLUMNS FROM `zf_group_user` [ RunTime:0.010001s ]
SQL: SHOW COLUMNS FROM `zf_group_user` [ RunTime:0.005000s ]
SQL: SELECT COUNT(*) AS tp_count FROM zf_group_user as gu INNER JOIN zf_user as u on gu.uid = u.id  WHERE ( g_id=1 ) LIMIT 1   [ RunTime:0.000000s ]
SQL: SHOW COLUMNS FROM `zf_group_user` [ RunTime:0.005000s ]
SQL: SELECT COUNT(*) AS tp_count FROM zf_group_user as gu INNER JOIN zf_user as u on gu.uid = u.id  WHERE ( g_id=2 ) LIMIT 1   [ RunTime:0.000000s ]
SQL: SHOW COLUMNS FROM `zf_group_user` [ RunTime:0.006001s ]
SQL: SELECT COUNT(*) AS tp_count FROM zf_group_user as gu INNER JOIN zf_user as u on gu.uid = u.id  WHERE ( g_id=3 ) LIMIT 1   [ RunTime:0.001000s ]
INFO: [ view_parse ] --START--
INFO: [ template_filter ] --START--
INFO: Run Behavior\ContentReplace [ RunTime:0.000000s ]
INFO: [ template_filter ] --END-- [ RunTime:0.000000s ]
INFO: Run Behavior\ParseTemplate [ RunTime:0.013000s ]
INFO: [ view_parse ] --END-- [ RunTime:0.013000s ]
INFO: [ view_filter ] --START--
INFO: Run Behavior\WriteHtmlCache [ RunTime:0.000000s ]
INFO: [ view_filter ] --END-- [ RunTime:0.000000s ]
INFO: [ app_end ] --START--
INFO: Run Behavior\ShowPageTrace [ RunTime:0.001000s ]
INFO: [ app_end ] --END-- [ RunTime:0.001000s ]

[ 2017-12-04T11:16:36+08:00 ] ::1 /marke/index.php?s=/Home/User/index.html
INFO: [ app_begin ] --START--
INFO: Run Behavior\ReadHtmlCache [ RunTime:0.001000s ]
INFO: [ app_begin ] --END-- [ RunTime:0.001000s ]
SQL: SHOW COLUMNS FROM `zf_config` [ RunTime:0.005000s ]
SQL: SELECT `type`,`name`,`value` FROM `zf_config` WHERE ( `status` = 1 )  [ RunTime:0.000000s ]
NOTIC: [8] Undefined index: _ism D:\phpStudy\WWW\marke\Application\Common\Common\function.php 第 1004 行.
INFO: [ view_parse ] --START--
INFO: [ template_filter ] --START--
INFO: Run Behavior\ContentReplace [ RunTime:0.000000s ]
INFO: [ template_filter ] --END-- [ RunTime:0.000000s ]
INFO: Run Behavior\ParseTemplate [ RunTime:0.009000s ]
INFO: [ view_parse ] --END-- [ RunTime:0.009000s ]
INFO: [ view_filter ] --START--
INFO: Run Behavior\WriteHtmlCache [ RunTime:0.000000s ]
INFO: [ view_filter ] --END-- [ RunTime:0.000000s ]
INFO: [ app_end ] --START--
INFO: Run Behavior\ShowPageTrace [ RunTime:0.000000s ]
INFO: [ app_end ] --END-- [ RunTime:0.000000s ]

[ 2017-12-04T11:16:38+08:00 ] ::1 /marke/index.php?s=/Home/Index/index.html
INFO: [ app_begin ] --START--
INFO: Run Behavior\ReadHtmlCache [ RunTime:0.000000s ]
INFO: [ app_begin ] --END-- [ RunTime:0.000000s ]
SQL: SHOW COLUMNS FROM `zf_config` [ RunTime:0.007000s ]
SQL: SELECT `type`,`name`,`value` FROM `zf_config` WHERE ( `status` = 1 )  [ RunTime:0.000000s ]
NOTIC: [8] Undefined index: _ism D:\phpStudy\WWW\marke\Application\Common\Common\function.php 第 1004 行.
INFO: [ view_parse ] --START--
INFO: [ template_filter ] --START--
INFO: Run Behavior\ContentReplace [ RunTime:0.001000s ]
INFO: [ template_filter ] --END-- [ RunTime:0.001000s ]
INFO: Run Behavior\ParseTemplate [ RunTime:0.011001s ]
INFO: [ view_parse ] --END-- [ RunTime:0.011001s ]
INFO: [ view_filter ] --START--
INFO: Run Behavior\WriteHtmlCache [ RunTime:0.000000s ]
INFO: [ view_filter ] --END-- [ RunTime:0.000000s ]
INFO: [ app_end ] --START--
INFO: Run Behavior\ShowPageTrace [ RunTime:0.001000s ]
INFO: [ app_end ] --END-- [ RunTime:0.001000s ]

[ 2017-12-04T11:16:39+08:00 ] ::1 /marke/index.php?s=/Home/Room/getBuilding
INFO: [ app_begin ] --START--
INFO: Run Behavior\ReadHtmlCache [ RunTime:0.000000s ]
INFO: [ app_begin ] --END-- [ RunTime:0.000000s ]
SQL: SHOW COLUMNS FROM `zf_config` [ RunTime:0.007001s ]
SQL: SELECT `type`,`name`,`value` FROM `zf_config` WHERE ( `status` = 1 )  [ RunTime:0.000000s ]
NOTIC: [8] Undefined index: _ism D:\phpStudy\WWW\marke\Application\Common\Common\function.php 第 1004 行.
SQL: SHOW COLUMNS FROM `zf_building` [ RunTime:0.005000s ]
SQL: SELECT * FROM `zf_building` WHERE ( `status` = 1 ) ORDER BY id asc  [ RunTime:0.000000s ]

[ 2017-12-04T11:16:39+08:00 ] ::1 /marke/index.php?s=/Home/Room/getUnit
INFO: [ app_begin ] --START--
INFO: Run Behavior\ReadHtmlCache [ RunTime:0.000000s ]
INFO: [ app_begin ] --END-- [ RunTime:0.000000s ]
SQL: SHOW COLUMNS FROM `zf_config` [ RunTime:0.006001s ]
SQL: SELECT `type`,`name`,`value` FROM `zf_config` WHERE ( `status` = 1 )  [ RunTime:0.000000s ]
NOTIC: [8] Undefined index: _ism D:\phpStudy\WWW\marke\Application\Common\Common\function.php 第 1004 行.
SQL: SHOW COLUMNS FROM `zf_unit` [ RunTime:0.005000s ]
SQL: SELECT * FROM `zf_unit` WHERE ( `b_id` = 3 ) AND ( `status` = 1 ) ORDER BY u_order  [ RunTime:0.000000s ]

[ 2017-12-04T11:16:39+08:00 ] ::1 /marke/index.php?s=/Home/Room/getRoom
INFO: [ app_begin ] --START--
INFO: Run Behavior\ReadHtmlCache [ RunTime:0.000000s ]
INFO: [ app_begin ] --END-- [ RunTime:0.001000s ]
SQL: SHOW COLUMNS FROM `zf_config` [ RunTime:0.005000s ]
SQL: SELECT `type`,`name`,`value` FROM `zf_config` WHERE ( `status` = 1 )  [ RunTime:0.000000s ]
NOTIC: [8] Undefined index: _ism D:\phpStudy\WWW\marke\Application\Common\Common\function.php 第 1004 行.
SQL: SHOW COLUMNS FROM `zf_room` [ RunTime:0.007001s ]
SQL: SELECT r.id,r.u_id,r.floor,r.is_check,r.status,r.room_number,user.nick_name FROM zf_room r INNER JOIN zf_unit as u on r.u_id=u.id left JOIN zf_user as user on r.lastop_uid=user.id  WHERE ( r.u_id = '2' ) AND ( u.status = '1' ) ORDER BY floor,room_number,is_check  [ RunTime:0.001000s ]

[ 2017-12-04T11:16:41+08:00 ] ::1 /marke/index.php?s=/Home/Index/index.html
INFO: [ app_begin ] --START--
INFO: Run Behavior\ReadHtmlCache [ RunTime:0.000000s ]
INFO: [ app_begin ] --END-- [ RunTime:0.000000s ]
SQL: SHOW COLUMNS FROM `zf_config` [ RunTime:0.005000s ]
SQL: SELECT `type`,`name`,`value` FROM `zf_config` WHERE ( `status` = 1 )  [ RunTime:0.000000s ]
NOTIC: [8] Undefined index: _ism D:\phpStudy\WWW\marke\Application\Common\Common\function.php 第 1004 行.
INFO: [ view_parse ] --START--
INFO: [ template_filter ] --START--
INFO: Run Behavior\ContentReplace [ RunTime:0.000000s ]
INFO: [ template_filter ] --END-- [ RunTime:0.000000s ]
INFO: Run Behavior\ParseTemplate [ RunTime:0.010001s ]
INFO: [ view_parse ] --END-- [ RunTime:0.010001s ]
INFO: [ view_filter ] --START--
INFO: Run Behavior\WriteHtmlCache [ RunTime:0.000000s ]
INFO: [ view_filter ] --END-- [ RunTime:0.000000s ]
INFO: [ app_end ] --START--
INFO: Run Behavior\ShowPageTrace [ RunTime:0.000000s ]
INFO: [ app_end ] --END-- [ RunTime:0.000000s ]

[ 2017-12-04T11:16:41+08:00 ] ::1 /marke/index.php?s=/Home/Room/getBuilding
INFO: [ app_begin ] --START--
INFO: Run Behavior\ReadHtmlCache [ RunTime:0.000000s ]
INFO: [ app_begin ] --END-- [ RunTime:0.000000s ]
SQL: SHOW COLUMNS FROM `zf_config` [ RunTime:0.006000s ]
SQL: SELECT `type`,`name`,`value` FROM `zf_config` WHERE ( `status` = 1 )  [ RunTime:0.000000s ]
NOTIC: [8] Undefined index: _ism D:\phpStudy\WWW\marke\Application\Common\Common\function.php 第 1004 行.
SQL: SHOW COLUMNS FROM `zf_building` [ RunTime:0.005001s ]
SQL: SELECT * FROM `zf_building` WHERE ( `status` = 1 ) ORDER BY id asc  [ RunTime:0.000000s ]

[ 2017-12-04T11:16:41+08:00 ] ::1 /marke/index.php?s=/Home/Room/getUnit
INFO: [ app_begin ] --START--
INFO: Run Behavior\ReadHtmlCache [ RunTime:0.000000s ]
INFO: [ app_begin ] --END-- [ RunTime:0.000000s ]
SQL: SHOW COLUMNS FROM `zf_config` [ RunTime:0.006000s ]
SQL: SELECT `type`,`name`,`value` FROM `zf_config` WHERE ( `status` = 1 )  [ RunTime:0.000000s ]
NOTIC: [8] Undefined index: _ism D:\phpStudy\WWW\marke\Application\Common\Common\function.php 第 1004 行.
SQL: SHOW COLUMNS FROM `zf_unit` [ RunTime:0.005001s ]
SQL: SELECT * FROM `zf_unit` WHERE ( `b_id` = 3 ) AND ( `status` = 1 ) ORDER BY u_order  [ RunTime:0.001000s ]

[ 2017-12-04T11:16:41+08:00 ] ::1 /marke/index.php?s=/Home/Room/getRoom
INFO: [ app_begin ] --START--
INFO: Run Behavior\ReadHtmlCache [ RunTime:0.001000s ]
INFO: [ app_begin ] --END-- [ RunTime:0.001000s ]
SQL: SHOW COLUMNS FROM `zf_config` [ RunTime:0.005000s ]
SQL: SELECT `type`,`name`,`value` FROM `zf_config` WHERE ( `status` = 1 )  [ RunTime:0.000000s ]
NOTIC: [8] Undefined index: _ism D:\phpStudy\WWW\marke\Application\Common\Common\function.php 第 1004 行.
SQL: SHOW COLUMNS FROM `zf_room` [ RunTime:0.007001s ]
SQL: SELECT r.id,r.u_id,r.floor,r.is_check,r.status,r.room_number,user.nick_name FROM zf_room r INNER JOIN zf_unit as u on r.u_id=u.id left JOIN zf_user as user on r.lastop_uid=user.id  WHERE ( r.u_id = '2' ) AND ( u.status = '1' ) ORDER BY floor,room_number,is_check  [ RunTime:0.000000s ]

[ 2017-12-04T11:16:54+08:00 ] ::1 /marke/index.php?s=/Home/Raise/index.html
INFO: [ app_begin ] --START--
INFO: Run Behavior\ReadHtmlCache [ RunTime:0.001000s ]
INFO: [ app_begin ] --END-- [ RunTime:0.001000s ]
SQL: SHOW COLUMNS FROM `zf_config` [ RunTime:0.005000s ]
SQL: SELECT `type`,`name`,`value` FROM `zf_config` WHERE ( `status` = 1 )  [ RunTime:0.000000s ]
NOTIC: [8] Undefined index: _ism D:\phpStudy\WWW\marke\Application\Common\Common\function.php 第 1004 行.
SQL: SHOW COLUMNS FROM `zf_raise_info` [ RunTime:0.012001s ]
SQL: SELECT * FROM `zf_raise_info` LIMIT 1   [ RunTime:0.001000s ]
INFO: [ view_parse ] --START--
INFO: [ template_filter ] --START--
INFO: Run Behavior\ContentReplace [ RunTime:0.000000s ]
INFO: [ template_filter ] --END-- [ RunTime:0.001000s ]
INFO: Run Behavior\ParseTemplate [ RunTime:0.011000s ]
INFO: [ view_parse ] --END-- [ RunTime:0.011000s ]
INFO: [ view_filter ] --START--
INFO: Run Behavior\WriteHtmlCache [ RunTime:0.000000s ]
INFO: [ view_filter ] --END-- [ RunTime:0.000000s ]
INFO: [ app_end ] --START--
INFO: Run Behavior\ShowPageTrace [ RunTime:0.001000s ]
INFO: [ app_end ] --END-- [ RunTime:0.001000s ]

[ 2017-12-04T11:16:55+08:00 ] ::1 /marke/index.php?s=/Home/Raise/bulletinList/type/1.html
INFO: [ app_begin ] --START--
INFO: Run Behavior\ReadHtmlCache [ RunTime:0.001000s ]
INFO: [ app_begin ] --END-- [ RunTime:0.001000s ]
SQL: SHOW COLUMNS FROM `zf_config` [ RunTime:0.007000s ]
SQL: SELECT `type`,`name`,`value` FROM `zf_config` WHERE ( `status` = 1 )  [ RunTime:0.001000s ]
NOTIC: [8] Undefined index: _ism D:\phpStudy\WWW\marke\Application\Common\Common\function.php 第 1004 行.
SQL: SHOW COLUMNS FROM `zf_raise_bulletin` [ RunTime:0.015001s ]
SQL: SELECT * FROM `zf_raise_bulletin` WHERE ( `type` = 1 ) ORDER BY created_time desc LIMIT 0,10   [ RunTime:0.001000s ]
SQL: SELECT COUNT(*) AS tp_count FROM `zf_raise_bulletin` LIMIT 1   [ RunTime:0.000000s ]
INFO: [ view_parse ] --START--
INFO: [ template_filter ] --START--
INFO: Run Behavior\ContentReplace [ RunTime:0.001000s ]
INFO: [ template_filter ] --END-- [ RunTime:0.001000s ]
NOTIC: [8] Undefined variable: _type0 D:\phpStudy\WWW\marke\Runtime\Cache\Home\04e208156e798097607e60d6534ea160.php 第 116 行.
INFO: Run Behavior\ParseTemplate [ RunTime:0.015001s ]
INFO: [ view_parse ] --END-- [ RunTime:0.015001s ]
INFO: [ view_filter ] --START--
INFO: Run Behavior\WriteHtmlCache [ RunTime:0.000000s ]
INFO: [ view_filter ] --END-- [ RunTime:0.000000s ]
INFO: [ app_end ] --START--
INFO: Run Behavior\ShowPageTrace [ RunTime:0.001000s ]
INFO: [ app_end ] --END-- [ RunTime:0.001000s ]

[ 2017-12-04T11:16:56+08:00 ] ::1 /marke/index.php?s=/Home/Raise/bulletinList/type/0.html
INFO: [ app_begin ] --START--
INFO: Run Behavior\ReadHtmlCache [ RunTime:0.001000s ]
INFO: [ app_begin ] --END-- [ RunTime:0.001000s ]
SQL: SHOW COLUMNS FROM `zf_config` [ RunTime:0.005000s ]
SQL: SELECT `type`,`name`,`value` FROM `zf_config` WHERE ( `status` = 1 )  [ RunTime:0.000000s ]
NOTIC: [8] Undefined index: _ism D:\phpStudy\WWW\marke\Application\Common\Common\function.php 第 1004 行.
SQL: SHOW COLUMNS FROM `zf_raise_bulletin` [ RunTime:0.005000s ]
SQL: SELECT * FROM `zf_raise_bulletin` WHERE ( `type` = 0 ) ORDER BY created_time desc LIMIT 0,10   [ RunTime:0.001000s ]
SQL: SELECT COUNT(*) AS tp_count FROM `zf_raise_bulletin` LIMIT 1   [ RunTime:0.000000s ]
INFO: [ view_parse ] --START--
INFO: [ template_filter ] --START--
INFO: Run Behavior\ContentReplace [ RunTime:0.001000s ]
INFO: [ template_filter ] --END-- [ RunTime:0.001000s ]
NOTIC: [8] Undefined variable: _type1 D:\phpStudy\WWW\marke\Runtime\Cache\Home\04e208156e798097607e60d6534ea160.php 第 114 行.
INFO: Run Behavior\ParseTemplate [ RunTime:0.009001s ]
INFO: [ view_parse ] --END-- [ RunTime:0.009001s ]
INFO: [ view_filter ] --START--
INFO: Run Behavior\WriteHtmlCache [ RunTime:0.001000s ]
INFO: [ view_filter ] --END-- [ RunTime:0.001000s ]
INFO: [ app_end ] --START--
INFO: Run Behavior\ShowPageTrace [ RunTime:0.000000s ]
INFO: [ app_end ] --END-- [ RunTime:0.000000s ]

[ 2017-12-04T11:16:57+08:00 ] ::1 /marke/index.php?s=/Home/Raise/lists.html
INFO: [ app_begin ] --START--
INFO: Run Behavior\ReadHtmlCache [ RunTime:0.000000s ]
INFO: [ app_begin ] --END-- [ RunTime:0.000000s ]
SQL: SHOW COLUMNS FROM `zf_config` [ RunTime:0.005000s ]
SQL: SELECT `type`,`name`,`value` FROM `zf_config` WHERE ( `status` = 1 )  [ RunTime:0.001000s ]
NOTIC: [8] Undefined index: _ism D:\phpStudy\WWW\marke\Application\Common\Common\function.php 第 1004 行.
SQL: SHOW COLUMNS FROM `zf_raise` [ RunTime:0.011001s ]
NOTIC: [8] Undefined variable: where D:\phpStudy\WWW\marke\Application\Home\Controller\RaiseController.class.php 第 84 行.
SQL: SELECT `id`,`cus_phone`,`cus_name`,`status`,`user_name`,`user_phone`,`created_time`,`raise_over` FROM `zf_raise` ORDER BY status asc,raise_over asc,created_time desc LIMIT 0,10   [ RunTime:0.000000s ]
NOTIC: [8] Undefined variable: where D:\phpStudy\WWW\marke\Application\Home\Controller\RaiseController.class.php 第 85 行.
SQL: SELECT COUNT(*) AS tp_count FROM `zf_raise` LIMIT 1   [ RunTime:0.001000s ]
INFO: [ view_parse ] --START--
INFO: [ template_filter ] --START--
INFO: Run Behavior\ContentReplace [ RunTime:0.001000s ]
INFO: [ template_filter ] --END-- [ RunTime:0.001000s ]
NOTIC: [8] Undefined variable: kw D:\phpStudy\WWW\marke\Runtime\Cache\Home\0f914910be200edb4db667ca3dd62946.php 第 136 行.
NOTIC: [8] Undefined variable: kw D:\phpStudy\WWW\marke\Runtime\Cache\Home\0f914910be200edb4db667ca3dd62946.php 第 171 行.
NOTIC: [8] Undefined variable: kw D:\phpStudy\WWW\marke\Runtime\Cache\Home\0f914910be200edb4db667ca3dd62946.php 第 264 行.
INFO: Run Behavior\ParseTemplate [ RunTime:0.011000s ]
INFO: [ view_parse ] --END-- [ RunTime:0.011000s ]
INFO: [ view_filter ] --START--
INFO: Run Behavior\WriteHtmlCache [ RunTime:0.000000s ]
INFO: [ view_filter ] --END-- [ RunTime:0.000000s ]
INFO: [ app_end ] --START--
INFO: Run Behavior\ShowPageTrace [ RunTime:0.000000s ]
INFO: [ app_end ] --END-- [ RunTime:0.000000s ]

[ 2017-12-04T11:16:57+08:00 ] ::1 /marke/index.php?s=/Home/Raise/bulletinList/type/0.html
INFO: [ app_begin ] --START--
INFO: Run Behavior\ReadHtmlCache [ RunTime:0.000000s ]
INFO: [ app_begin ] --END-- [ RunTime:0.000000s ]
SQL: SHOW COLUMNS FROM `zf_config` [ RunTime:0.005000s ]
SQL: SELECT `type`,`name`,`value` FROM `zf_config` WHERE ( `status` = 1 )  [ RunTime:0.000000s ]
NOTIC: [8] Undefined index: _ism D:\phpStudy\WWW\marke\Application\Common\Common\function.php 第 1004 行.
SQL: SHOW COLUMNS FROM `zf_raise_bulletin` [ RunTime:0.005001s ]
SQL: SELECT * FROM `zf_raise_bulletin` WHERE ( `type` = 0 ) ORDER BY created_time desc LIMIT 0,10   [ RunTime:0.000000s ]
SQL: SELECT COUNT(*) AS tp_count FROM `zf_raise_bulletin` LIMIT 1   [ RunTime:0.000000s ]
INFO: [ view_parse ] --START--
INFO: [ template_filter ] --START--
INFO: Run Behavior\ContentReplace [ RunTime:0.000000s ]
INFO: [ template_filter ] --END-- [ RunTime:0.000000s ]
NOTIC: [8] Undefined variable: _type1 D:\phpStudy\WWW\marke\Runtime\Cache\Home\04e208156e798097607e60d6534ea160.php 第 114 行.
INFO: Run Behavior\ParseTemplate [ RunTime:0.009000s ]
INFO: [ view_parse ] --END-- [ RunTime:0.009000s ]
INFO: [ view_filter ] --START--
INFO: Run Behavior\WriteHtmlCache [ RunTime:0.000000s ]
INFO: [ view_filter ] --END-- [ RunTime:0.000000s ]
INFO: [ app_end ] --START--
INFO: Run Behavior\ShowPageTrace [ RunTime:0.000000s ]
INFO: [ app_end ] --END-- [ RunTime:0.000000s ]

[ 2017-12-04T11:16:58+08:00 ] ::1 /marke/index.php?s=/Home/Raise/bulletinList/type/1.html
INFO: [ app_begin ] --START--
INFO: Run Behavior\ReadHtmlCache [ RunTime:0.000000s ]
INFO: [ app_begin ] --END-- [ RunTime:0.000000s ]
SQL: SHOW COLUMNS FROM `zf_config` [ RunTime:0.005000s ]
SQL: SELECT `type`,`name`,`value` FROM `zf_config` WHERE ( `status` = 1 )  [ RunTime:0.000000s ]
NOTIC: [8] Undefined index: _ism D:\phpStudy\WWW\marke\Application\Common\Common\function.php 第 1004 行.
SQL: SHOW COLUMNS FROM `zf_raise_bulletin` [ RunTime:0.005000s ]
SQL: SELECT * FROM `zf_raise_bulletin` WHERE ( `type` = 1 ) ORDER BY created_time desc LIMIT 0,10   [ RunTime:0.001000s ]
SQL: SELECT COUNT(*) AS tp_count FROM `zf_raise_bulletin` LIMIT 1   [ RunTime:0.000000s ]
INFO: [ view_parse ] --START--
INFO: [ template_filter ] --START--
INFO: Run Behavior\ContentReplace [ RunTime:0.001000s ]
INFO: [ template_filter ] --END-- [ RunTime:0.001000s ]
NOTIC: [8] Undefined variable: _type0 D:\phpStudy\WWW\marke\Runtime\Cache\Home\04e208156e798097607e60d6534ea160.php 第 116 行.
INFO: Run Behavior\ParseTemplate [ RunTime:0.010001s ]
INFO: [ view_parse ] --END-- [ RunTime:0.010001s ]
INFO: [ view_filter ] --START--
INFO: Run Behavior\WriteHtmlCache [ RunTime:0.000000s ]
INFO: [ view_filter ] --END-- [ RunTime:0.000000s ]
INFO: [ app_end ] --START--
INFO: Run Behavior\ShowPageTrace [ RunTime:0.000000s ]
INFO: [ app_end ] --END-- [ RunTime:0.000000s ]

[ 2017-12-04T11:19:03+08:00 ] ::1 /marke/index.php?s=/Home/Index/index.html
INFO: [ app_begin ] --START--
INFO: Run Behavior\ReadHtmlCache [ RunTime:0.000000s ]
INFO: [ app_begin ] --END-- [ RunTime:0.000000s ]
SQL: SHOW COLUMNS FROM `zf_config` [ RunTime:0.005000s ]
SQL: SELECT `type`,`name`,`value` FROM `zf_config` WHERE ( `status` = 1 )  [ RunTime:0.001000s ]
NOTIC: [8] Undefined index: _ism D:\phpStudy\WWW\marke\Application\Common\Common\function.php 第 1004 行.
INFO: [ view_parse ] --START--
INFO: [ template_filter ] --START--
INFO: Run Behavior\ContentReplace [ RunTime:0.000000s ]
INFO: [ template_filter ] --END-- [ RunTime:0.000000s ]
INFO: Run Behavior\ParseTemplate [ RunTime:0.011001s ]
INFO: [ view_parse ] --END-- [ RunTime:0.011001s ]
INFO: [ view_filter ] --START--
INFO: Run Behavior\WriteHtmlCache [ RunTime:0.000000s ]
INFO: [ view_filter ] --END-- [ RunTime:0.000000s ]
INFO: [ app_end ] --START--
INFO: Run Behavior\ShowPageTrace [ RunTime:0.001000s ]
INFO: [ app_end ] --END-- [ RunTime:0.001000s ]

[ 2017-12-04T11:19:03+08:00 ] ::1 /marke/index.php?s=/Home/Room/getBuilding
INFO: [ app_begin ] --START--
INFO: Run Behavior\ReadHtmlCache [ RunTime:0.001000s ]
INFO: [ app_begin ] --END-- [ RunTime:0.001000s ]
SQL: SHOW COLUMNS FROM `zf_config` [ RunTime:0.006001s ]
SQL: SELECT `type`,`name`,`value` FROM `zf_config` WHERE ( `status` = 1 )  [ RunTime:0.000000s ]
NOTIC: [8] Undefined index: _ism D:\phpStudy\WWW\marke\Application\Common\Common\function.php 第 1004 行.
SQL: SHOW COLUMNS FROM `zf_building` [ RunTime:0.007000s ]
SQL: SELECT * FROM `zf_building` WHERE ( `status` = 1 ) ORDER BY id asc  [ RunTime:0.000000s ]

[ 2017-12-04T11:19:03+08:00 ] ::1 /marke/index.php?s=/Home/Room/getUnit
INFO: [ app_begin ] --START--
INFO: Run Behavior\ReadHtmlCache [ RunTime:0.001000s ]
INFO: [ app_begin ] --END-- [ RunTime:0.001000s ]
SQL: SHOW COLUMNS FROM `zf_config` [ RunTime:0.005001s ]
SQL: SELECT `type`,`name`,`value` FROM `zf_config` WHERE ( `status` = 1 )  [ RunTime:0.000000s ]
NOTIC: [8] Undefined index: _ism D:\phpStudy\WWW\marke\Application\Common\Common\function.php 第 1004 行.
SQL: SHOW COLUMNS FROM `zf_unit` [ RunTime:0.008000s ]
SQL: SELECT * FROM `zf_unit` WHERE ( `b_id` = 3 ) AND ( `status` = 1 ) ORDER BY u_order  [ RunTime:0.001000s ]

[ 2017-12-04T11:19:03+08:00 ] ::1 /marke/index.php?s=/Home/Room/getRoom
INFO: [ app_begin ] --START--
INFO: Run Behavior\ReadHtmlCache [ RunTime:0.000000s ]
INFO: [ app_begin ] --END-- [ RunTime:0.000000s ]
SQL: SHOW COLUMNS FROM `zf_config` [ RunTime:0.007000s ]
SQL: SELECT `type`,`name`,`value` FROM `zf_config` WHERE ( `status` = 1 )  [ RunTime:0.000000s ]
NOTIC: [8] Undefined index: _ism D:\phpStudy\WWW\marke\Application\Common\Common\function.php 第 1004 行.
SQL: SHOW COLUMNS FROM `zf_room` [ RunTime:0.005000s ]
SQL: SELECT r.id,r.u_id,r.floor,r.is_check,r.status,r.room_number,user.nick_name FROM zf_room r INNER JOIN zf_unit as u on r.u_id=u.id left JOIN zf_user as user on r.lastop_uid=user.id  WHERE ( r.u_id = '2' ) AND ( u.status = '1' ) ORDER BY floor,room_number,is_check  [ RunTime:0.001000s ]

[ 2017-12-04T11:46:31+08:00 ] ::1 /marke/index.php?s=/Home/Room/getBuilding
INFO: [ app_begin ] --START--
INFO: Run Behavior\ReadHtmlCache [ RunTime:0.000000s ]
INFO: [ app_begin ] --END-- [ RunTime:0.001000s ]
SQL: SHOW COLUMNS FROM `zf_config` [ RunTime:0.006000s ]
SQL: SELECT `type`,`name`,`value` FROM `zf_config` WHERE ( `status` = 1 )  [ RunTime:0.000000s ]
NOTIC: [8] Undefined index: _ism D:\phpStudy\WWW\marke\Application\Common\Common\function.php 第 1004 行.
SQL: SHOW COLUMNS FROM `zf_building` [ RunTime:0.005000s ]
NOTIC: [8] Undefined variable: where D:\phpStudy\WWW\marke\Application\Home\Controller\RoomController.class.php 第 693 行.
SQL: SHOW COLUMNS FROM `zf_building` [ RunTime:0.005000s ]
SQL: SELECT b.* FROM zf_building b LEFT JOIN zf_unit as u on b.id=u.b_id  WHERE (  (b.status = -1 or ( b.status=1 and u.status=-1 ))  ) GROUP BY b.id ORDER BY b.id asc  [ RunTime:0.001000s ]

[ 2017-12-04T11:46:31+08:00 ] ::1 /marke/index.php?s=/Home/Room/getUnit
INFO: [ app_begin ] --START--
INFO: Run Behavior\ReadHtmlCache [ RunTime:0.000000s ]
INFO: [ app_begin ] --END-- [ RunTime:0.000000s ]
SQL: SHOW COLUMNS FROM `zf_config` [ RunTime:0.006000s ]
SQL: SELECT `type`,`name`,`value` FROM `zf_config` WHERE ( `status` = 1 )  [ RunTime:0.001000s ]
NOTIC: [8] Undefined index: _ism D:\phpStudy\WWW\marke\Application\Common\Common\function.php 第 1004 行.
SQL: SHOW COLUMNS FROM `zf_unit` [ RunTime:0.005000s ]
SQL: SELECT * FROM `zf_unit` WHERE ( `b_id` = 3 ) AND ( `status` = -1 ) ORDER BY u_order  [ RunTime:0.000000s ]

[ 2017-12-04T11:46:31+08:00 ] ::1 /marke/index.php?s=/Home/Room/getRoom
INFO: [ app_begin ] --START--
INFO: Run Behavior\ReadHtmlCache [ RunTime:0.000000s ]
INFO: [ app_begin ] --END-- [ RunTime:0.000000s ]
SQL: SHOW COLUMNS FROM `zf_config` [ RunTime:0.006000s ]
SQL: SELECT `type`,`name`,`value` FROM `zf_config` WHERE ( `status` = 1 )  [ RunTime:0.000000s ]
NOTIC: [8] Undefined index: _ism D:\phpStudy\WWW\marke\Application\Common\Common\function.php 第 1004 行.
SQL: SHOW COLUMNS FROM `zf_room` [ RunTime:0.006000s ]
SQL: SELECT r.id,r.u_id,r.floor,r.is_check,r.status,r.room_number,user.nick_name FROM zf_room r INNER JOIN zf_unit as u on r.u_id=u.id left JOIN zf_user as user on r.lastop_uid=user.id  WHERE ( r.u_id = '3' ) AND ( u.status = '-1' ) ORDER BY floor,room_number,is_check  [ RunTime:0.001000s ]

[ 2017-12-04T11:46:33+08:00 ] ::1 /marke/index.php?s=/Home/Room/getBuilding
INFO: [ app_begin ] --START--
INFO: Run Behavior\ReadHtmlCache [ RunTime:0.001000s ]
INFO: [ app_begin ] --END-- [ RunTime:0.001000s ]
SQL: SHOW COLUMNS FROM `zf_config` [ RunTime:0.006000s ]
SQL: SELECT `type`,`name`,`value` FROM `zf_config` WHERE ( `status` = 1 )  [ RunTime:0.000000s ]
NOTIC: [8] Undefined index: _ism D:\phpStudy\WWW\marke\Application\Common\Common\function.php 第 1004 行.
SQL: SHOW COLUMNS FROM `zf_building` [ RunTime:0.005000s ]
SQL: SELECT * FROM `zf_building` WHERE ( `status` = 1 ) ORDER BY id asc  [ RunTime:0.000000s ]

[ 2017-12-04T11:46:33+08:00 ] ::1 /marke/index.php?s=/Home/Room/getUnit
INFO: [ app_begin ] --START--
INFO: Run Behavior\ReadHtmlCache [ RunTime:0.001000s ]
INFO: [ app_begin ] --END-- [ RunTime:0.001000s ]
SQL: SHOW COLUMNS FROM `zf_config` [ RunTime:0.005000s ]
SQL: SELECT `type`,`name`,`value` FROM `zf_config` WHERE ( `status` = 1 )  [ RunTime:0.001000s ]
NOTIC: [8] Undefined index: _ism D:\phpStudy\WWW\marke\Application\Common\Common\function.php 第 1004 行.
SQL: SHOW COLUMNS FROM `zf_unit` [ RunTime:0.005000s ]
SQL: SELECT * FROM `zf_unit` WHERE ( `b_id` = 3 ) AND ( `status` = 1 ) ORDER BY u_order  [ RunTime:0.001000s ]

[ 2017-12-04T11:46:33+08:00 ] ::1 /marke/index.php?s=/Home/Room/getRoom
INFO: [ app_begin ] --START--
INFO: Run Behavior\ReadHtmlCache [ RunTime:0.000000s ]
INFO: [ app_begin ] --END-- [ RunTime:0.001000s ]
SQL: SHOW COLUMNS FROM `zf_config` [ RunTime:0.005000s ]
SQL: SELECT `type`,`name`,`value` FROM `zf_config` WHERE ( `status` = 1 )  [ RunTime:0.001000s ]
NOTIC: [8] Undefined index: _ism D:\phpStudy\WWW\marke\Application\Common\Common\function.php 第 1004 行.
SQL: SHOW COLUMNS FROM `zf_room` [ RunTime:0.006001s ]
SQL: SELECT r.id,r.u_id,r.floor,r.is_check,r.status,r.room_number,user.nick_name FROM zf_room r INNER JOIN zf_unit as u on r.u_id=u.id left JOIN zf_user as user on r.lastop_uid=user.id  WHERE ( r.u_id = '2' ) AND ( u.status = '1' ) ORDER BY floor,room_number,is_check  [ RunTime:0.001000s ]

[ 2017-12-04T11:46:34+08:00 ] ::1 /marke/index.php?s=/Home/Room/getBuilding
INFO: [ app_begin ] --START--
INFO: Run Behavior\ReadHtmlCache [ RunTime:0.001000s ]
INFO: [ app_begin ] --END-- [ RunTime:0.001000s ]
SQL: SHOW COLUMNS FROM `zf_config` [ RunTime:0.006000s ]
SQL: SELECT `type`,`name`,`value` FROM `zf_config` WHERE ( `status` = 1 )  [ RunTime:0.001000s ]
NOTIC: [8] Undefined index: _ism D:\phpStudy\WWW\marke\Application\Common\Common\function.php 第 1004 行.
SQL: SHOW COLUMNS FROM `zf_building` [ RunTime:0.004000s ]
NOTIC: [8] Undefined variable: where D:\phpStudy\WWW\marke\Application\Home\Controller\RoomController.class.php 第 693 行.
SQL: SHOW COLUMNS FROM `zf_building` [ RunTime:0.005001s ]
SQL: SELECT b.* FROM zf_building b LEFT JOIN zf_unit as u on b.id=u.b_id  WHERE (  (b.status = -1 or ( b.status=1 and u.status=-1 ))  ) GROUP BY b.id ORDER BY b.id asc  [ RunTime:0.000000s ]

[ 2017-12-04T11:46:34+08:00 ] ::1 /marke/index.php?s=/Home/Room/getUnit
INFO: [ app_begin ] --START--
INFO: Run Behavior\ReadHtmlCache [ RunTime:0.000000s ]
INFO: [ app_begin ] --END-- [ RunTime:0.001001s ]
SQL: SHOW COLUMNS FROM `zf_config` [ RunTime:0.004000s ]
SQL: SELECT `type`,`name`,`value` FROM `zf_config` WHERE ( `status` = 1 )  [ RunTime:0.000000s ]
NOTIC: [8] Undefined index: _ism D:\phpStudy\WWW\marke\Application\Common\Common\function.php 第 1004 行.
SQL: SHOW COLUMNS FROM `zf_unit` [ RunTime:0.005001s ]
SQL: SELECT * FROM `zf_unit` WHERE ( `b_id` = 3 ) AND ( `status` = -1 ) ORDER BY u_order  [ RunTime:0.000000s ]

[ 2017-12-04T11:46:35+08:00 ] ::1 /marke/index.php?s=/Home/Room/getRoom
INFO: [ app_begin ] --START--
INFO: Run Behavior\ReadHtmlCache [ RunTime:0.000000s ]
INFO: [ app_begin ] --END-- [ RunTime:0.001000s ]
SQL: SHOW COLUMNS FROM `zf_config` [ RunTime:0.005000s ]
SQL: SELECT `type`,`name`,`value` FROM `zf_config` WHERE ( `status` = 1 )  [ RunTime:0.000000s ]
NOTIC: [8] Undefined index: _ism D:\phpStudy\WWW\marke\Application\Common\Common\function.php 第 1004 行.
SQL: SHOW COLUMNS FROM `zf_room` [ RunTime:0.005000s ]
SQL: SELECT r.id,r.u_id,r.floor,r.is_check,r.status,r.room_number,user.nick_name FROM zf_room r INNER JOIN zf_unit as u on r.u_id=u.id left JOIN zf_user as user on r.lastop_uid=user.id  WHERE ( r.u_id = '3' ) AND ( u.status = '-1' ) ORDER BY floor,room_number,is_check  [ RunTime:0.001000s ]

[ 2017-12-04T11:46:36+08:00 ] ::1 /marke/index.php?s=/Home/Track/index.html
INFO: [ app_begin ] --START--
INFO: Run Behavior\ReadHtmlCache [ RunTime:0.000000s ]
INFO: [ app_begin ] --END-- [ RunTime:0.001000s ]
SQL: SHOW COLUMNS FROM `zf_config` [ RunTime:0.006000s ]
SQL: SELECT `type`,`name`,`value` FROM `zf_config` WHERE ( `status` = 1 )  [ RunTime:0.001000s ]
NOTIC: [8] Undefined index: _ism D:\phpStudy\WWW\marke\Application\Common\Common\function.php 第 1004 行.
INFO: [ view_parse ] --START--
INFO: [ template_filter ] --START--
INFO: Run Behavior\ContentReplace [ RunTime:0.000000s ]
INFO: [ template_filter ] --END-- [ RunTime:0.000000s ]
INFO: Run Behavior\ParseTemplate [ RunTime:0.019002s ]
INFO: [ view_parse ] --END-- [ RunTime:0.019002s ]
INFO: [ view_filter ] --START--
INFO: Run Behavior\WriteHtmlCache [ RunTime:0.000000s ]
INFO: [ view_filter ] --END-- [ RunTime:0.000000s ]
INFO: [ app_end ] --START--
INFO: Run Behavior\ShowPageTrace [ RunTime:0.000000s ]
INFO: [ app_end ] --END-- [ RunTime:0.000000s ]

[ 2017-12-04T11:46:37+08:00 ] ::1 /marke/index.php?s=/Home/Room/getBuilding
INFO: [ app_begin ] --START--
INFO: Run Behavior\ReadHtmlCache [ RunTime:0.000000s ]
INFO: [ app_begin ] --END-- [ RunTime:0.001000s ]
SQL: SHOW COLUMNS FROM `zf_config` [ RunTime:0.007001s ]
SQL: SELECT `type`,`name`,`value` FROM `zf_config` WHERE ( `status` = 1 )  [ RunTime:0.000000s ]
NOTIC: [8] Undefined index: _ism D:\phpStudy\WWW\marke\Application\Common\Common\function.php 第 1004 行.
SQL: SHOW COLUMNS FROM `zf_building` [ RunTime:0.008000s ]
SQL: SELECT * FROM `zf_building` WHERE ( `status` = 1 ) ORDER BY id asc  [ RunTime:0.001000s ]

[ 2017-12-04T11:46:37+08:00 ] ::1 /marke/index.php?s=/Home/Room/getUnit
INFO: [ app_begin ] --START--
INFO: Run Behavior\ReadHtmlCache [ RunTime:0.000000s ]
INFO: [ app_begin ] --END-- [ RunTime:0.001000s ]
SQL: SHOW COLUMNS FROM `zf_config` [ RunTime:0.007001s ]
SQL: SELECT `type`,`name`,`value` FROM `zf_config` WHERE ( `status` = 1 )  [ RunTime:0.001000s ]
NOTIC: [8] Undefined index: _ism D:\phpStudy\WWW\marke\Application\Common\Common\function.php 第 1004 行.
SQL: SHOW COLUMNS FROM `zf_unit` [ RunTime:0.007000s ]
SQL: SELECT * FROM `zf_unit` WHERE ( `b_id` = 3 ) AND ( `status` = 1 ) ORDER BY u_order  [ RunTime:0.001000s ]

[ 2017-12-04T11:46:37+08:00 ] ::1 /marke/index.php?s=/Home/Room/getRoom
INFO: [ app_begin ] --START--
INFO: Run Behavior\ReadHtmlCache [ RunTime:0.000000s ]
INFO: [ app_begin ] --END-- [ RunTime:0.001000s ]
SQL: SHOW COLUMNS FROM `zf_config` [ RunTime:0.007000s ]
SQL: SELECT `type`,`name`,`value` FROM `zf_config` WHERE ( `status` = 1 )  [ RunTime:0.000000s ]
NOTIC: [8] Undefined index: _ism D:\phpStudy\WWW\marke\Application\Common\Common\function.php 第 1004 行.
SQL: SHOW COLUMNS FROM `zf_room` [ RunTime:0.007001s ]
SQL: SELECT r.id,r.u_id,r.floor,r.is_check,r.status,r.room_number,user.nick_name FROM zf_room r INNER JOIN zf_unit as u on r.u_id=u.id left JOIN zf_user as user on r.lastop_uid=user.id  WHERE ( r.u_id = '2' ) AND ( u.status = '1' ) ORDER BY floor,room_number,is_check  [ RunTime:0.001000s ]

[ 2017-12-04T11:46:39+08:00 ] ::1 /marke/index.php?s=/Home/Room/getUnit
INFO: [ app_begin ] --START--
INFO: Run Behavior\ReadHtmlCache [ RunTime:0.001000s ]
INFO: [ app_begin ] --END-- [ RunTime:0.001000s ]
SQL: SHOW COLUMNS FROM `zf_config` [ RunTime:0.005000s ]
SQL: SELECT `type`,`name`,`value` FROM `zf_config` WHERE ( `status` = 1 )  [ RunTime:0.001000s ]
NOTIC: [8] Undefined index: _ism D:\phpStudy\WWW\marke\Application\Common\Common\function.php 第 1004 行.
SQL: SHOW COLUMNS FROM `zf_unit` [ RunTime:0.005001s ]
SQL: SELECT * FROM `zf_unit` WHERE ( `b_id` = 6 ) AND ( `status` = 1 ) ORDER BY u_order  [ RunTime:0.000000s ]

[ 2017-12-04T11:46:39+08:00 ] ::1 /marke/index.php?s=/Home/Room/getRoom
INFO: [ app_begin ] --START--
INFO: Run Behavior\ReadHtmlCache [ RunTime:0.000000s ]
INFO: [ app_begin ] --END-- [ RunTime:0.000000s ]
SQL: SHOW COLUMNS FROM `zf_config` [ RunTime:0.005000s ]
SQL: SELECT `type`,`name`,`value` FROM `zf_config` WHERE ( `status` = 1 )  [ RunTime:0.000000s ]
NOTIC: [8] Undefined index: _ism D:\phpStudy\WWW\marke\Application\Common\Common\function.php 第 1004 行.
SQL: SHOW COLUMNS FROM `zf_room` [ RunTime:0.005001s ]
SQL: SELECT r.id,r.u_id,r.floor,r.is_check,r.status,r.room_number,user.nick_name FROM zf_room r INNER JOIN zf_unit as u on r.u_id=u.id left JOIN zf_user as user on r.lastop_uid=user.id  WHERE ( r.u_id = '4' ) AND ( u.status = '1' ) ORDER BY floor,room_number,is_check  [ RunTime:0.001000s ]

[ 2017-12-04T11:46:40+08:00 ] ::1 /marke/index.php?s=/Home/Room/getUnit
INFO: [ app_begin ] --START--
INFO: Run Behavior\ReadHtmlCache [ RunTime:0.001000s ]
INFO: [ app_begin ] --END-- [ RunTime:0.001000s ]
SQL: SHOW COLUMNS FROM `zf_config` [ RunTime:0.006000s ]
SQL: SELECT `type`,`name`,`value` FROM `zf_config` WHERE ( `status` = 1 )  [ RunTime:0.000000s ]
NOTIC: [8] Undefined index: _ism D:\phpStudy\WWW\marke\Application\Common\Common\function.php 第 1004 行.
SQL: SHOW COLUMNS FROM `zf_unit` [ RunTime:0.005000s ]
SQL: SELECT * FROM `zf_unit` WHERE ( `b_id` = 4 ) AND ( `status` = 1 ) ORDER BY u_order  [ RunTime:0.000000s ]

[ 2017-12-04T11:46:40+08:00 ] ::1 /marke/index.php?s=/Home/Room/getUnit
INFO: [ app_begin ] --START--
INFO: Run Behavior\ReadHtmlCache [ RunTime:0.001000s ]
INFO: [ app_begin ] --END-- [ RunTime:0.001000s ]
SQL: SHOW COLUMNS FROM `zf_config` [ RunTime:0.007000s ]
SQL: SELECT `type`,`name`,`value` FROM `zf_config` WHERE ( `status` = 1 )  [ RunTime:0.001000s ]
NOTIC: [8] Undefined index: _ism D:\phpStudy\WWW\marke\Application\Common\Common\function.php 第 1004 行.
SQL: SHOW COLUMNS FROM `zf_unit` [ RunTime:0.005000s ]
SQL: SELECT * FROM `zf_unit` WHERE ( `b_id` = 3 ) AND ( `status` = 1 ) ORDER BY u_order  [ RunTime:0.000000s ]

[ 2017-12-04T11:46:40+08:00 ] ::1 /marke/index.php?s=/Home/Room/getRoom
INFO: [ app_begin ] --START--
INFO: Run Behavior\ReadHtmlCache [ RunTime:0.000000s ]
INFO: [ app_begin ] --END-- [ RunTime:0.000000s ]
SQL: SHOW COLUMNS FROM `zf_config` [ RunTime:0.005000s ]
SQL: SELECT `type`,`name`,`value` FROM `zf_config` WHERE ( `status` = 1 )  [ RunTime:0.001001s ]
NOTIC: [8] Undefined index: _ism D:\phpStudy\WWW\marke\Application\Common\Common\function.php 第 1004 行.
SQL: SHOW COLUMNS FROM `zf_room` [ RunTime:0.006000s ]
SQL: SELECT r.id,r.u_id,r.floor,r.is_check,r.status,r.room_number,user.nick_name FROM zf_room r INNER JOIN zf_unit as u on r.u_id=u.id left JOIN zf_user as user on r.lastop_uid=user.id  WHERE ( r.u_id = '2' ) AND ( u.status = '1' ) ORDER BY floor,room_number,is_check  [ RunTime:0.000000s ]

[ 2017-12-04T11:46:41+08:00 ] ::1 /marke/index.php?s=/Home/Room/getBuilding
INFO: [ app_begin ] --START--
INFO: Run Behavior\ReadHtmlCache [ RunTime:0.000000s ]
INFO: [ app_begin ] --END-- [ RunTime:0.001000s ]
SQL: SHOW COLUMNS FROM `zf_config` [ RunTime:0.005000s ]
SQL: SELECT `type`,`name`,`value` FROM `zf_config` WHERE ( `status` = 1 )  [ RunTime:0.000000s ]
NOTIC: [8] Undefined index: _ism D:\phpStudy\WWW\marke\Application\Common\Common\function.php 第 1004 行.
SQL: SHOW COLUMNS FROM `zf_building` [ RunTime:0.005000s ]
NOTIC: [8] Undefined variable: where D:\phpStudy\WWW\marke\Application\Home\Controller\RoomController.class.php 第 693 行.
SQL: SHOW COLUMNS FROM `zf_building` [ RunTime:0.005001s ]
SQL: SELECT b.* FROM zf_building b LEFT JOIN zf_unit as u on b.id=u.b_id  WHERE (  (b.status = -1 or ( b.status=1 and u.status=-1 ))  ) GROUP BY b.id ORDER BY b.id asc  [ RunTime:0.000000s ]

[ 2017-12-04T11:46:41+08:00 ] ::1 /marke/index.php?s=/Home/Room/getUnit
INFO: [ app_begin ] --START--
INFO: Run Behavior\ReadHtmlCache [ RunTime:0.000000s ]
INFO: [ app_begin ] --END-- [ RunTime:0.001000s ]
SQL: SHOW COLUMNS FROM `zf_config` [ RunTime:0.005000s ]
SQL: SELECT `type`,`name`,`value` FROM `zf_config` WHERE ( `status` = 1 )  [ RunTime:0.001000s ]
NOTIC: [8] Undefined index: _ism D:\phpStudy\WWW\marke\Application\Common\Common\function.php 第 1004 行.
SQL: SHOW COLUMNS FROM `zf_unit` [ RunTime:0.004000s ]
SQL: SELECT * FROM `zf_unit` WHERE ( `b_id` = 3 ) AND ( `status` = -1 ) ORDER BY u_order  [ RunTime:0.000000s ]

[ 2017-12-04T11:46:41+08:00 ] ::1 /marke/index.php?s=/Home/Room/getRoom
INFO: [ app_begin ] --START--
INFO: Run Behavior\ReadHtmlCache [ RunTime:0.000000s ]
INFO: [ app_begin ] --END-- [ RunTime:0.000000s ]
SQL: SHOW COLUMNS FROM `zf_config` [ RunTime:0.005000s ]
SQL: SELECT `type`,`name`,`value` FROM `zf_config` WHERE ( `status` = 1 )  [ RunTime:0.001000s ]
NOTIC: [8] Undefined index: _ism D:\phpStudy\WWW\marke\Application\Common\Common\function.php 第 1004 行.
SQL: SHOW COLUMNS FROM `zf_room` [ RunTime:0.006000s ]
SQL: SELECT r.id,r.u_id,r.floor,r.is_check,r.status,r.room_number,user.nick_name FROM zf_room r INNER JOIN zf_unit as u on r.u_id=u.id left JOIN zf_user as user on r.lastop_uid=user.id  WHERE ( r.u_id = '3' ) AND ( u.status = '-1' ) ORDER BY floor,room_number,is_check  [ RunTime:0.000000s ]

[ 2017-12-04T11:46:41+08:00 ] ::1 /marke/index.php?s=/Home/Room/getBuilding
INFO: [ app_begin ] --START--
INFO: Run Behavior\ReadHtmlCache [ RunTime:0.000000s ]
INFO: [ app_begin ] --END-- [ RunTime:0.001000s ]
SQL: SHOW COLUMNS FROM `zf_config` [ RunTime:0.005000s ]
SQL: SELECT `type`,`name`,`value` FROM `zf_config` WHERE ( `status` = 1 )  [ RunTime:0.001000s ]
NOTIC: [8] Undefined index: _ism D:\phpStudy\WWW\marke\Application\Common\Common\function.php 第 1004 行.
SQL: SHOW COLUMNS FROM `zf_building` [ RunTime:0.005001s ]
SQL: SELECT * FROM `zf_building` WHERE ( `status` = 1 ) ORDER BY id asc  [ RunTime:0.000000s ]

[ 2017-12-04T11:46:42+08:00 ] ::1 /marke/index.php?s=/Home/Room/getUnit
INFO: [ app_begin ] --START--
INFO: Run Behavior\ReadHtmlCache [ RunTime:0.000000s ]
INFO: [ app_begin ] --END-- [ RunTime:0.000000s ]
SQL: SHOW COLUMNS FROM `zf_config` [ RunTime:0.006001s ]
SQL: SELECT `type`,`name`,`value` FROM `zf_config` WHERE ( `status` = 1 )  [ RunTime:0.001000s ]
NOTIC: [8] Undefined index: _ism D:\phpStudy\WWW\marke\Application\Common\Common\function.php 第 1004 行.
SQL: SHOW COLUMNS FROM `zf_unit` [ RunTime:0.005000s ]
SQL: SELECT * FROM `zf_unit` WHERE ( `b_id` = 3 ) AND ( `status` = 1 ) ORDER BY u_order  [ RunTime:0.000000s ]

[ 2017-12-04T11:46:42+08:00 ] ::1 /marke/index.php?s=/Home/Room/getRoom
INFO: [ app_begin ] --START--
INFO: Run Behavior\ReadHtmlCache [ RunTime:0.000000s ]
INFO: [ app_begin ] --END-- [ RunTime:0.000000s ]
SQL: SHOW COLUMNS FROM `zf_config` [ RunTime:0.005000s ]
SQL: SELECT `type`,`name`,`value` FROM `zf_config` WHERE ( `status` = 1 )  [ RunTime:0.000000s ]
NOTIC: [8] Undefined index: _ism D:\phpStudy\WWW\marke\Application\Common\Common\function.php 第 1004 行.
SQL: SHOW COLUMNS FROM `zf_room` [ RunTime:0.006000s ]
SQL: SELECT r.id,r.u_id,r.floor,r.is_check,r.status,r.room_number,user.nick_name FROM zf_room r INNER JOIN zf_unit as u on r.u_id=u.id left JOIN zf_user as user on r.lastop_uid=user.id  WHERE ( r.u_id = '2' ) AND ( u.status = '1' ) ORDER BY floor,room_number,is_check  [ RunTime:0.001000s ]

[ 2017-12-04T11:46:42+08:00 ] ::1 /marke/index.php?s=/Home/Room/getUnit
INFO: [ app_begin ] --START--
INFO: Run Behavior\ReadHtmlCache [ RunTime:0.000000s ]
INFO: [ app_begin ] --END-- [ RunTime:0.000000s ]
SQL: SHOW COLUMNS FROM `zf_config` [ RunTime:0.005000s ]
SQL: SELECT `type`,`name`,`value` FROM `zf_config` WHERE ( `status` = 1 )  [ RunTime:0.000000s ]
NOTIC: [8] Undefined index: _ism D:\phpStudy\WWW\marke\Application\Common\Common\function.php 第 1004 行.
SQL: SHOW COLUMNS FROM `zf_unit` [ RunTime:0.004001s ]
SQL: SELECT * FROM `zf_unit` WHERE ( `b_id` = 4 ) AND ( `status` = 1 ) ORDER BY u_order  [ RunTime:0.000000s ]

[ 2017-12-04T11:46:43+08:00 ] ::1 /marke/index.php?s=/Home/Room/getUnit
INFO: [ app_begin ] --START--
INFO: Run Behavior\ReadHtmlCache [ RunTime:0.000000s ]
INFO: [ app_begin ] --END-- [ RunTime:0.000000s ]
SQL: SHOW COLUMNS FROM `zf_config` [ RunTime:0.005001s ]
SQL: SELECT `type`,`name`,`value` FROM `zf_config` WHERE ( `status` = 1 )  [ RunTime:0.000000s ]
NOTIC: [8] Undefined index: _ism D:\phpStudy\WWW\marke\Application\Common\Common\function.php 第 1004 行.
SQL: SHOW COLUMNS FROM `zf_unit` [ RunTime:0.006000s ]
SQL: SELECT * FROM `zf_unit` WHERE ( `b_id` = 6 ) AND ( `status` = 1 ) ORDER BY u_order  [ RunTime:0.000000s ]

[ 2017-12-04T11:46:43+08:00 ] ::1 /marke/index.php?s=/Home/Room/getRoom
INFO: [ app_begin ] --START--
INFO: Run Behavior\ReadHtmlCache [ RunTime:0.000000s ]
INFO: [ app_begin ] --END-- [ RunTime:0.000000s ]
SQL: SHOW COLUMNS FROM `zf_config` [ RunTime:0.005001s ]
SQL: SELECT `type`,`name`,`value` FROM `zf_config` WHERE ( `status` = 1 )  [ RunTime:0.001000s ]
NOTIC: [8] Undefined index: _ism D:\phpStudy\WWW\marke\Application\Common\Common\function.php 第 1004 行.
SQL: SHOW COLUMNS FROM `zf_room` [ RunTime:0.006000s ]
SQL: SELECT r.id,r.u_id,r.floor,r.is_check,r.status,r.room_number,user.nick_name FROM zf_room r INNER JOIN zf_unit as u on r.u_id=u.id left JOIN zf_user as user on r.lastop_uid=user.id  WHERE ( r.u_id = '4' ) AND ( u.status = '1' ) ORDER BY floor,room_number,is_check  [ RunTime:0.000000s ]

[ 2017-12-04T11:56:12+08:00 ] ::1 /marke/index.php?s=/Home/Room/room_info/id/74
INFO: [ app_begin ] --START--
INFO: Run Behavior\ReadHtmlCache [ RunTime:0.000000s ]
INFO: [ app_begin ] --END-- [ RunTime:0.001000s ]
SQL: SHOW COLUMNS FROM `zf_config` [ RunTime:0.006000s ]
SQL: SELECT `type`,`name`,`value` FROM `zf_config` WHERE ( `status` = 1 )  [ RunTime:0.000000s ]
NOTIC: [8] Undefined index: _ism D:\phpStudy\WWW\marke\Application\Common\Common\function.php 第 1004 行.
SQL: SHOW COLUMNS FROM `zf_room` [ RunTime:0.006000s ]
SQL: SELECT r.*,sr.r_name,sr.area,sr.apartment,sr.hall,sr.kitchen,sr.toilet,sr.thumb,sr.orientation,u.u_name,u.u_order,u.status as u_status,b.b_name FROM zf_room as r INNER JOIN zf_sameroom as sr on r.s_id = sr.id INNER JOIN zf_unit as u on r.u_id = u.id INNER JOIN zf_building as b on u.b_id = b.id  WHERE ( r.id=74 ) LIMIT 1   [ RunTime:0.007001s ]
SQL: SHOW COLUMNS FROM `zf_houses` [ RunTime:0.006000s ]
SQL: SELECT `address` FROM `zf_houses` WHERE ( `id` = 1 ) LIMIT 1   [ RunTime:0.000000s ]
NOTIC: [8] Undefined variable: path D:\phpStudy\WWW\marke\Application\Home\Controller\RoomController.class.php 第 911 行.
INFO: [ view_parse ] --START--
INFO: [ template_filter ] --START--
INFO: Run Behavior\ContentReplace [ RunTime:0.000000s ]
INFO: [ template_filter ] --END-- [ RunTime:0.000000s ]
INFO: Run Behavior\ParseTemplate [ RunTime:0.022002s ]
INFO: [ view_parse ] --END-- [ RunTime:0.023002s ]
INFO: [ view_filter ] --START--
INFO: Run Behavior\WriteHtmlCache [ RunTime:0.000000s ]
INFO: [ view_filter ] --END-- [ RunTime:0.000000s ]
INFO: [ app_end ] --START--
INFO: Run Behavior\ShowPageTrace [ RunTime:0.000000s ]
INFO: [ app_end ] --END-- [ RunTime:0.000000s ]

[ 2017-12-04T11:56:14+08:00 ] ::1 /marke/index.php?s=/Home/Room/getBuilding
INFO: [ app_begin ] --START--
INFO: Run Behavior\ReadHtmlCache [ RunTime:0.000000s ]
INFO: [ app_begin ] --END-- [ RunTime:0.001000s ]
SQL: SHOW COLUMNS FROM `zf_config` [ RunTime:0.007001s ]
SQL: SELECT `type`,`name`,`value` FROM `zf_config` WHERE ( `status` = 1 )  [ RunTime:0.001000s ]
NOTIC: [8] Undefined index: _ism D:\phpStudy\WWW\marke\Application\Common\Common\function.php 第 1004 行.
SQL: SHOW COLUMNS FROM `zf_building` [ RunTime:0.006000s ]
SQL: SELECT * FROM `zf_building` WHERE ( `status` = 1 ) ORDER BY id asc  [ RunTime:0.000000s ]

[ 2017-12-04T11:56:14+08:00 ] ::1 /marke/index.php?s=/Home/Room/getUnit
INFO: [ app_begin ] --START--
INFO: Run Behavior\ReadHtmlCache [ RunTime:0.000000s ]
INFO: [ app_begin ] --END-- [ RunTime:0.000000s ]
SQL: SHOW COLUMNS FROM `zf_config` [ RunTime:0.007001s ]
SQL: SELECT `type`,`name`,`value` FROM `zf_config` WHERE ( `status` = 1 )  [ RunTime:0.000000s ]
NOTIC: [8] Undefined index: _ism D:\phpStudy\WWW\marke\Application\Common\Common\function.php 第 1004 行.
SQL: SHOW COLUMNS FROM `zf_unit` [ RunTime:0.005000s ]
SQL: SELECT * FROM `zf_unit` WHERE ( `b_id` = 3 ) AND ( `status` = 1 ) ORDER BY u_order  [ RunTime:0.001000s ]

[ 2017-12-04T11:56:14+08:00 ] ::1 /marke/index.php?s=/Home/Room/getRoom
INFO: [ app_begin ] --START--
INFO: Run Behavior\ReadHtmlCache [ RunTime:0.001000s ]
INFO: [ app_begin ] --END-- [ RunTime:0.001000s ]
SQL: SHOW COLUMNS FROM `zf_config` [ RunTime:0.006000s ]
SQL: SELECT `type`,`name`,`value` FROM `zf_config` WHERE ( `status` = 1 )  [ RunTime:0.001000s ]
NOTIC: [8] Undefined index: _ism D:\phpStudy\WWW\marke\Application\Common\Common\function.php 第 1004 行.
SQL: SHOW COLUMNS FROM `zf_room` [ RunTime:0.007001s ]
SQL: SELECT r.id,r.u_id,r.floor,r.is_check,r.status,r.room_number,user.nick_name FROM zf_room r INNER JOIN zf_unit as u on r.u_id=u.id left JOIN zf_user as user on r.lastop_uid=user.id  WHERE ( r.u_id = '2' ) AND ( u.status = '1' ) ORDER BY floor,room_number,is_check  [ RunTime:0.001000s ]

[ 2017-12-04T11:56:15+08:00 ] ::1 /marke/index.php?s=/Home/Room/getUnit
INFO: [ app_begin ] --START--
INFO: Run Behavior\ReadHtmlCache [ RunTime:0.000000s ]
INFO: [ app_begin ] --END-- [ RunTime:0.001000s ]
SQL: SHOW COLUMNS FROM `zf_config` [ RunTime:0.005000s ]
SQL: SELECT `type`,`name`,`value` FROM `zf_config` WHERE ( `status` = 1 )  [ RunTime:0.001000s ]
NOTIC: [8] Undefined index: _ism D:\phpStudy\WWW\marke\Application\Common\Common\function.php 第 1004 行.
SQL: SHOW COLUMNS FROM `zf_unit` [ RunTime:0.005001s ]
SQL: SELECT * FROM `zf_unit` WHERE ( `b_id` = 6 ) AND ( `status` = 1 ) ORDER BY u_order  [ RunTime:0.000000s ]

[ 2017-12-04T11:56:15+08:00 ] ::1 /marke/index.php?s=/Home/Room/getRoom
INFO: [ app_begin ] --START--
INFO: Run Behavior\ReadHtmlCache [ RunTime:0.000000s ]
INFO: [ app_begin ] --END-- [ RunTime:0.001000s ]
SQL: SHOW COLUMNS FROM `zf_config` [ RunTime:0.005000s ]
SQL: SELECT `type`,`name`,`value` FROM `zf_config` WHERE ( `status` = 1 )  [ RunTime:0.001000s ]
NOTIC: [8] Undefined index: _ism D:\phpStudy\WWW\marke\Application\Common\Common\function.php 第 1004 行.
SQL: SHOW COLUMNS FROM `zf_room` [ RunTime:0.006000s ]
SQL: SELECT r.id,r.u_id,r.floor,r.is_check,r.status,r.room_number,user.nick_name FROM zf_room r INNER JOIN zf_unit as u on r.u_id=u.id left JOIN zf_user as user on r.lastop_uid=user.id  WHERE ( r.u_id = '4' ) AND ( u.status = '1' ) ORDER BY floor,room_number,is_check  [ RunTime:0.001000s ]

[ 2017-12-04T14:31:00+08:00 ] ::1 /marke/index.php?s=/Home/Room/getUnit
INFO: [ app_begin ] --START--
INFO: Run Behavior\ReadHtmlCache [ RunTime:0.000000s ]
INFO: [ app_begin ] --END-- [ RunTime:0.001000s ]
SQL: SHOW COLUMNS FROM `zf_config` [ RunTime:0.005001s ]
SQL: SELECT `type`,`name`,`value` FROM `zf_config` WHERE ( `status` = 1 )  [ RunTime:0.001000s ]
NOTIC: [8] Undefined index: _ism D:\phpStudy\WWW\marke\Application\Common\Common\function.php 第 1004 行.
SQL: SHOW COLUMNS FROM `zf_unit` [ RunTime:0.005000s ]
SQL: SELECT * FROM `zf_unit` WHERE ( `b_id` = 4 ) AND ( `status` = 1 ) ORDER BY u_order  [ RunTime:0.000000s ]

[ 2017-12-04T14:31:07+08:00 ] ::1 /marke/index.php?s=/Home/Room/getUnit
INFO: [ app_begin ] --START--
INFO: Run Behavior\ReadHtmlCache [ RunTime:0.000000s ]
INFO: [ app_begin ] --END-- [ RunTime:0.000000s ]
SQL: SHOW COLUMNS FROM `zf_config` [ RunTime:0.006000s ]
SQL: SELECT `type`,`name`,`value` FROM `zf_config` WHERE ( `status` = 1 )  [ RunTime:0.000000s ]
NOTIC: [8] Undefined index: _ism D:\phpStudy\WWW\marke\Application\Common\Common\function.php 第 1004 行.
SQL: SHOW COLUMNS FROM `zf_unit` [ RunTime:0.005000s ]
SQL: SELECT * FROM `zf_unit` WHERE ( `b_id` = 6 ) AND ( `status` = 1 ) ORDER BY u_order  [ RunTime:0.000000s ]

[ 2017-12-04T14:31:07+08:00 ] ::1 /marke/index.php?s=/Home/Room/getRoom
INFO: [ app_begin ] --START--
INFO: Run Behavior\ReadHtmlCache [ RunTime:0.001000s ]
INFO: [ app_begin ] --END-- [ RunTime:0.001000s ]
SQL: SHOW COLUMNS FROM `zf_config` [ RunTime:0.006001s ]
SQL: SELECT `type`,`name`,`value` FROM `zf_config` WHERE ( `status` = 1 )  [ RunTime:0.000000s ]
NOTIC: [8] Undefined index: _ism D:\phpStudy\WWW\marke\Application\Common\Common\function.php 第 1004 行.
SQL: SHOW COLUMNS FROM `zf_room` [ RunTime:0.007000s ]
SQL: SELECT r.id,r.u_id,r.floor,r.is_check,r.status,r.room_number,user.nick_name FROM zf_room r INNER JOIN zf_unit as u on r.u_id=u.id left JOIN zf_user as user on r.lastop_uid=user.id  WHERE ( r.u_id = '4' ) AND ( u.status = '1' ) ORDER BY floor,room_number,is_check  [ RunTime:0.001000s ]

[ 2017-12-04T14:31:08+08:00 ] ::1 /marke/index.php?s=/Home/Room/getBuilding
INFO: [ app_begin ] --START--
INFO: Run Behavior\ReadHtmlCache [ RunTime:0.000000s ]
INFO: [ app_begin ] --END-- [ RunTime:0.000000s ]
SQL: SHOW COLUMNS FROM `zf_config` [ RunTime:0.005000s ]
SQL: SELECT `type`,`name`,`value` FROM `zf_config` WHERE ( `status` = 1 )  [ RunTime:0.000000s ]
NOTIC: [8] Undefined index: _ism D:\phpStudy\WWW\marke\Application\Common\Common\function.php 第 1004 行.
SQL: SHOW COLUMNS FROM `zf_building` [ RunTime:0.004000s ]
NOTIC: [8] Undefined variable: where D:\phpStudy\WWW\marke\Application\Home\Controller\RoomController.class.php 第 693 行.
SQL: SHOW COLUMNS FROM `zf_building` [ RunTime:0.004000s ]
SQL: SELECT b.* FROM zf_building b LEFT JOIN zf_unit as u on b.id=u.b_id  WHERE (  (b.status = -1 or ( b.status=1 and u.status=-1 ))  ) GROUP BY b.id ORDER BY b.id asc  [ RunTime:0.001000s ]

[ 2017-12-04T14:31:08+08:00 ] ::1 /marke/index.php?s=/Home/Room/getUnit
INFO: [ app_begin ] --START--
INFO: Run Behavior\ReadHtmlCache [ RunTime:0.001000s ]
INFO: [ app_begin ] --END-- [ RunTime:0.001000s ]
SQL: SHOW COLUMNS FROM `zf_config` [ RunTime:0.005001s ]
SQL: SELECT `type`,`name`,`value` FROM `zf_config` WHERE ( `status` = 1 )  [ RunTime:0.000000s ]
NOTIC: [8] Undefined index: _ism D:\phpStudy\WWW\marke\Application\Common\Common\function.php 第 1004 行.
SQL: SHOW COLUMNS FROM `zf_unit` [ RunTime:0.005000s ]
SQL: SELECT * FROM `zf_unit` WHERE ( `b_id` = 3 ) AND ( `status` = -1 ) ORDER BY u_order  [ RunTime:0.000000s ]

[ 2017-12-04T14:31:08+08:00 ] ::1 /marke/index.php?s=/Home/Room/getRoom
INFO: [ app_begin ] --START--
INFO: Run Behavior\ReadHtmlCache [ RunTime:0.001000s ]
INFO: [ app_begin ] --END-- [ RunTime:0.001000s ]
SQL: SHOW COLUMNS FROM `zf_config` [ RunTime:0.006000s ]
SQL: SELECT `type`,`name`,`value` FROM `zf_config` WHERE ( `status` = 1 )  [ RunTime:0.000000s ]
NOTIC: [8] Undefined index: _ism D:\phpStudy\WWW\marke\Application\Common\Common\function.php 第 1004 行.
SQL: SHOW COLUMNS FROM `zf_room` [ RunTime:0.005000s ]
SQL: SELECT r.id,r.u_id,r.floor,r.is_check,r.status,r.room_number,user.nick_name FROM zf_room r INNER JOIN zf_unit as u on r.u_id=u.id left JOIN zf_user as user on r.lastop_uid=user.id  WHERE ( r.u_id = '3' ) AND ( u.status = '-1' ) ORDER BY floor,room_number,is_check  [ RunTime:0.000000s ]

[ 2017-12-04T14:31:11+08:00 ] ::1 /marke/index.php?s=/Home/Room/index.html
INFO: [ app_begin ] --START--
INFO: Run Behavior\ReadHtmlCache [ RunTime:0.000000s ]
INFO: [ app_begin ] --END-- [ RunTime:0.000000s ]
SQL: SHOW COLUMNS FROM `zf_config` [ RunTime:0.005000s ]
SQL: SELECT `type`,`name`,`value` FROM `zf_config` WHERE ( `status` = 1 )  [ RunTime:0.000000s ]
NOTIC: [8] Undefined index: _ism D:\phpStudy\WWW\marke\Application\Common\Common\function.php 第 1004 行.
INFO: [ view_parse ] --START--
INFO: [ template_filter ] --START--
INFO: Run Behavior\ContentReplace [ RunTime:0.000000s ]
INFO: [ template_filter ] --END-- [ RunTime:0.000000s ]
NOTIC: [8] Use of undefined constant AUTH_MARKETINCON - assumed 'AUTH_MARKETINCON' D:\phpStudy\WWW\marke\Runtime\Cache\Home\26b64cdc31a8346bf2409fe8f43da05d.php 第 95 行.
INFO: Run Behavior\ParseTemplate [ RunTime:0.018001s ]
INFO: [ view_parse ] --END-- [ RunTime:0.018001s ]
INFO: [ view_filter ] --START--
INFO: Run Behavior\WriteHtmlCache [ RunTime:0.000000s ]
INFO: [ view_filter ] --END-- [ RunTime:0.000000s ]
INFO: [ app_end ] --START--
INFO: Run Behavior\ShowPageTrace [ RunTime:0.001000s ]
INFO: [ app_end ] --END-- [ RunTime:0.001000s ]

[ 2017-12-04T14:31:11+08:00 ] ::1 /marke/index.php?s=/Home/Room/getBuilding
INFO: [ app_begin ] --START--
INFO: Run Behavior\ReadHtmlCache [ RunTime:0.000000s ]
INFO: [ app_begin ] --END-- [ RunTime:0.001000s ]
SQL: SHOW COLUMNS FROM `zf_config` [ RunTime:0.007000s ]
SQL: SELECT `type`,`name`,`value` FROM `zf_config` WHERE ( `status` = 1 )  [ RunTime:0.000000s ]
NOTIC: [8] Undefined index: _ism D:\phpStudy\WWW\marke\Application\Common\Common\function.php 第 1004 行.
SQL: SHOW COLUMNS FROM `zf_building` [ RunTime:0.005001s ]
SQL: SELECT * FROM `zf_building` WHERE ( `status` = 1 ) ORDER BY id asc  [ RunTime:0.000000s ]

[ 2017-12-04T14:31:11+08:00 ] ::1 /marke/index.php?s=/Home/Room/getUnit
INFO: [ app_begin ] --START--
INFO: Run Behavior\ReadHtmlCache [ RunTime:0.000000s ]
INFO: [ app_begin ] --END-- [ RunTime:0.001000s ]
SQL: SHOW COLUMNS FROM `zf_config` [ RunTime:0.006000s ]
SQL: SELECT `type`,`name`,`value` FROM `zf_config` WHERE ( `status` = 1 )  [ RunTime:0.000000s ]
NOTIC: [8] Undefined index: _ism D:\phpStudy\WWW\marke\Application\Common\Common\function.php 第 1004 行.
SQL: SHOW COLUMNS FROM `zf_unit` [ RunTime:0.005000s ]
SQL: SELECT * FROM `zf_unit` WHERE ( `b_id` = 3 ) AND ( `status` = 1 ) ORDER BY u_order  [ RunTime:0.000000s ]

[ 2017-12-04T14:31:11+08:00 ] ::1 /marke/index.php?s=/Home/Room/getRoom
INFO: [ app_begin ] --START--
INFO: Run Behavior\ReadHtmlCache [ RunTime:0.000000s ]
INFO: [ app_begin ] --END-- [ RunTime:0.001000s ]
SQL: SHOW COLUMNS FROM `zf_config` [ RunTime:0.005000s ]
SQL: SELECT `type`,`name`,`value` FROM `zf_config` WHERE ( `status` = 1 )  [ RunTime:0.000000s ]
NOTIC: [8] Undefined index: _ism D:\phpStudy\WWW\marke\Application\Common\Common\function.php 第 1004 行.
SQL: SHOW COLUMNS FROM `zf_room` [ RunTime:0.006000s ]
SQL: SELECT r.id,r.u_id,r.floor,r.is_check,r.status,r.room_number,user.nick_name FROM zf_room r INNER JOIN zf_unit as u on r.u_id=u.id left JOIN zf_user as user on r.lastop_uid=user.id  WHERE ( r.u_id = '2' ) AND ( u.status = '1' ) ORDER BY floor,room_number,is_check  [ RunTime:0.000000s ]

[ 2017-12-04T14:31:15+08:00 ] ::1 /marke/index.php?s=/Home/Room/building_list.html
INFO: [ app_begin ] --START--
INFO: Run Behavior\ReadHtmlCache [ RunTime:0.001000s ]
INFO: [ app_begin ] --END-- [ RunTime:0.001000s ]
SQL: SHOW COLUMNS FROM `zf_config` [ RunTime:0.005000s ]
SQL: SELECT `type`,`name`,`value` FROM `zf_config` WHERE ( `status` = 1 )  [ RunTime:0.000000s ]
NOTIC: [8] Undefined index: _ism D:\phpStudy\WWW\marke\Application\Common\Common\function.php 第 1004 行.
SQL: SHOW COLUMNS FROM `zf_building` [ RunTime:0.005000s ]
SQL: SELECT `id`,`b_name`,`unit_num`,`is_w`,`status`,`type` FROM `zf_building` ORDER BY id asc  [ RunTime:0.000000s ]
SQL: SHOW COLUMNS FROM `zf_unit` [ RunTime:0.005001s ]
SQL: SELECT `id`,`u_name`,`status`,`u_order` FROM `zf_unit` WHERE ( b_id=3 ) ORDER BY u_order asc LIMIT 2   [ RunTime:0.001000s ]
SQL: SELECT `id`,`u_name`,`status`,`u_order` FROM `zf_unit` WHERE ( b_id=4 ) ORDER BY u_order asc LIMIT 2   [ RunTime:0.000000s ]
NOTIC: [2] array_reduce() expects parameter 1 to be array, null given D:\phpStudy\WWW\marke\Application\Home\Controller\RoomController.class.php 第 164 行.
SQL: SELECT `id`,`u_name`,`status`,`u_order` FROM `zf_unit` WHERE ( b_id=6 ) ORDER BY u_order asc LIMIT 2   [ RunTime:0.000000s ]
INFO: [ view_parse ] --START--
INFO: [ template_filter ] --START--
INFO: Run Behavior\ContentReplace [ RunTime:0.000000s ]
INFO: [ template_filter ] --END-- [ RunTime:0.001000s ]
INFO: Run Behavior\ParseTemplate [ RunTime:0.016001s ]
INFO: [ view_parse ] --END-- [ RunTime:0.016001s ]
INFO: [ view_filter ] --START--
INFO: Run Behavior\WriteHtmlCache [ RunTime:0.000000s ]
INFO: [ view_filter ] --END-- [ RunTime:0.000000s ]
INFO: [ app_end ] --START--
INFO: Run Behavior\ShowPageTrace [ RunTime:0.000000s ]
INFO: [ app_end ] --END-- [ RunTime:0.000000s ]

[ 2017-12-04T14:31:17+08:00 ] ::1 /marke/index.php?s=/Home/Room/getBuilding
INFO: [ app_begin ] --START--
INFO: Run Behavior\ReadHtmlCache [ RunTime:0.000000s ]
INFO: [ app_begin ] --END-- [ RunTime:0.001000s ]
SQL: SHOW COLUMNS FROM `zf_config` [ RunTime:0.007001s ]
SQL: SELECT `type`,`name`,`value` FROM `zf_config` WHERE ( `status` = 1 )  [ RunTime:0.000000s ]
NOTIC: [8] Undefined index: _ism D:\phpStudy\WWW\marke\Application\Common\Common\function.php 第 1004 行.
SQL: SHOW COLUMNS FROM `zf_building` [ RunTime:0.005000s ]
SQL: SELECT * FROM `zf_building` WHERE ( `status` = 1 ) ORDER BY id asc  [ RunTime:0.000000s ]

[ 2017-12-04T14:31:17+08:00 ] ::1 /marke/index.php?s=/Home/Room/getUnit
INFO: [ app_begin ] --START--
INFO: Run Behavior\ReadHtmlCache [ RunTime:0.000000s ]
INFO: [ app_begin ] --END-- [ RunTime:0.001000s ]
SQL: SHOW COLUMNS FROM `zf_config` [ RunTime:0.005000s ]
SQL: SELECT `type`,`name`,`value` FROM `zf_config` WHERE ( `status` = 1 )  [ RunTime:0.000000s ]
NOTIC: [8] Undefined index: _ism D:\phpStudy\WWW\marke\Application\Common\Common\function.php 第 1004 行.
SQL: SHOW COLUMNS FROM `zf_unit` [ RunTime:0.005001s ]
SQL: SELECT * FROM `zf_unit` WHERE ( `b_id` = 3 ) AND ( `status` = 1 ) ORDER BY u_order  [ RunTime:0.000000s ]

[ 2017-12-04T14:31:17+08:00 ] ::1 /marke/index.php?s=/Home/Room/getRoom
INFO: [ app_begin ] --START--
INFO: Run Behavior\ReadHtmlCache [ RunTime:0.000000s ]
INFO: [ app_begin ] --END-- [ RunTime:0.001000s ]
SQL: SHOW COLUMNS FROM `zf_config` [ RunTime:0.006000s ]
SQL: SELECT `type`,`name`,`value` FROM `zf_config` WHERE ( `status` = 1 )  [ RunTime:0.001000s ]
NOTIC: [8] Undefined index: _ism D:\phpStudy\WWW\marke\Application\Common\Common\function.php 第 1004 行.
SQL: SHOW COLUMNS FROM `zf_room` [ RunTime:0.008000s ]
SQL: SELECT r.id,r.u_id,r.floor,r.is_check,r.status,r.room_number,user.nick_name FROM zf_room r INNER JOIN zf_unit as u on r.u_id=u.id left JOIN zf_user as user on r.lastop_uid=user.id  WHERE ( r.u_id = '2' ) AND ( u.status = '1' ) ORDER BY floor,room_number,is_check  [ RunTime:0.001000s ]

