[ 2017-12-13T15:37:18+08:00 ] ::1 /marke/index.php?s=/
INFO: [ app_begin ] --START--
INFO: Run Behavior\ReadHtmlCache [ RunTime:0.002001s ]
INFO: [ app_begin ] --END-- [ RunTime:0.003001s ]
SQL: SHOW COLUMNS FROM `zf_config` [ RunTime:0.011001s ]
SQL: SELECT `type`,`name`,`value` FROM `zf_config` WHERE ( `status` = 1 )  [ RunTime:0.002000s ]
NOTIC: [8] Undefined index: _ism D:\phpStudy\WWW\marke\Application\Common\Common\function.php 第 1004 行.
SQL: SHOW COLUMNS FROM `zf_user` [ RunTime:0.009001s ]

[ 2017-12-13T15:37:18+08:00 ] ::1 /marke/index.php?s=/Home/Login/login.html
INFO: [ app_begin ] --START--
INFO: Run Behavior\ReadHtmlCache [ RunTime:0.001000s ]
INFO: [ app_begin ] --END-- [ RunTime:0.001000s ]
NOTIC: [8] Undefined index: _ism D:\phpStudy\WWW\marke\Application\Common\Common\function.php 第 1004 行.
INFO: [ view_parse ] --START--
INFO: [ template_filter ] --START--
INFO: Run Behavior\ContentReplace [ RunTime:0.000000s ]
INFO: [ template_filter ] --END-- [ RunTime:0.001000s ]
INFO: Run Behavior\ParseTemplate [ RunTime:0.021001s ]
INFO: [ view_parse ] --END-- [ RunTime:0.021001s ]
INFO: [ view_filter ] --START--
INFO: Run Behavior\WriteHtmlCache [ RunTime:0.002000s ]
INFO: [ view_filter ] --END-- [ RunTime:0.002000s ]
INFO: [ app_end ] --START--
INFO: Run Behavior\ShowPageTrace [ RunTime:0.001000s ]
INFO: [ app_end ] --END-- [ RunTime:0.001000s ]

[ 2017-12-13T15:37:21+08:00 ] ::1 /marke/index.php?s=/Home/Login/getHouse
INFO: [ app_begin ] --START--
INFO: Run Behavior\ReadHtmlCache [ RunTime:0.000000s ]
INFO: [ app_begin ] --END-- [ RunTime:0.001000s ]
NOTIC: [8] Undefined index: _ism D:\phpStudy\WWW\marke\Application\Common\Common\function.php 第 1004 行.
SQL: SHOW COLUMNS FROM project.zf_userall [ RunTime:0.009000s ]
SQL: SELECT m.title,m.db_name FROM project.zf_userall as u INNER JOIN project.zf_main as m on u.m_id = m.id  WHERE ( u.phone=13800000000 )  [ RunTime:0.005001s ]

[ 2017-12-13T15:37:24+08:00 ] ::1 /marke/index.php?s=/Home/Login/login
INFO: [ app_begin ] --START--
INFO: Run Behavior\ReadHtmlCache [ RunTime:0.000000s ]
INFO: [ app_begin ] --END-- [ RunTime:0.000000s ]
NOTIC: [8] Undefined index: _ism D:\phpStudy\WWW\marke\Application\Common\Common\function.php 第 1004 行.
SQL: SHOW COLUMNS FROM `zf_user` [ RunTime:0.005000s ]
SQL: SELECT id as uid,`phone`,`nick_name`,`head_img`,`is_super`,`sex`,`is_activation`,`is_activation`,`status` FROM `zf_user` WHERE ( `phone` = '13800000000' ) AND ( `password` = '347940aacdbd9d502325150ae5d07d96' ) LIMIT 1   [ RunTime:0.003000s ]
SQL: SHOW COLUMNS FROM `zf_config` [ RunTime:0.005000s ]
SQL: SELECT `type`,`name`,`value` FROM `zf_config` WHERE ( `status` = 1 )  [ RunTime:0.000000s ]
SQL: SHOW COLUMNS FROM `zf_menu_list` [ RunTime:0.010000s ]
SQL: SELECT * FROM `zf_menu_list` WHERE ( `id` IN ('3','2','4','5','6','7','8','9','10','11','12','14','15','16','17','18','19','20','21') ) AND ( `status` = 1 ) ORDER BY  FIELD(id, 3, 2, 4, 5, 6, 7, 8, 9, 10, 11, 12, 14, 15, 16, 17, 18, 19, 20, 21)  [ RunTime:0.002000s ]
SQL: SHOW COLUMNS FROM `zf_bottom_nav` [ RunTime:0.009001s ]
SQL: SELECT bn.id,bn.title,bn.icon,ml.path FROM zf_bottom_nav as bn left JOIN zf_menu_list as ml on bn.m_id = ml.id  WHERE ( bn.id IN ('1','2') ) AND ( ml.status = 1 ) ORDER BY  FIELD(bn.id, 1, 2) LIMIT 4   [ RunTime:0.000000s ]
SQL: SHOW COLUMNS FROM `zf_picture` [ RunTime:0.011000s ]
SQL: SELECT * FROM `zf_picture` WHERE ( `status` = 1 ) AND ( `id` = 1 ) LIMIT 1   [ RunTime:0.001000s ]
SQL: SELECT * FROM `zf_picture` WHERE ( `status` = 1 ) AND ( `id` = 2 ) LIMIT 1   [ RunTime:0.001001s ]
SQL: SELECT * FROM `zf_picture` WHERE ( `status` = 1 ) AND ( `id` = 3 ) LIMIT 1   [ RunTime:0.000000s ]
SQL: SELECT * FROM `zf_picture` WHERE ( `status` = 1 ) AND ( `id` = 12 ) LIMIT 1   [ RunTime:0.000000s ]
SQL: SELECT * FROM `zf_picture` WHERE ( `status` = 1 ) AND ( `id` = 5 ) LIMIT 1   [ RunTime:0.000000s ]
SQL: SELECT * FROM `zf_picture` WHERE ( `status` = 1 ) AND ( `id` = 7 ) LIMIT 1   [ RunTime:0.000000s ]
SQL: SELECT * FROM `zf_picture` WHERE ( `status` = 1 ) AND ( `id` = 8 ) LIMIT 1   [ RunTime:0.000000s ]
SQL: SELECT * FROM `zf_picture` WHERE ( `status` = 1 ) AND ( `id` = 9 ) LIMIT 1   [ RunTime:0.000000s ]
SQL: SELECT * FROM `zf_picture` WHERE ( `status` = 1 ) AND ( `id` = 10 ) LIMIT 1   [ RunTime:0.000000s ]
SQL: SELECT * FROM `zf_picture` WHERE ( `status` = 1 ) AND ( `id` = 11 ) LIMIT 1   [ RunTime:0.000000s ]
SQL: SELECT * FROM `zf_picture` WHERE ( `status` = 1 ) AND ( `id` = 7 ) LIMIT 1   [ RunTime:0.000000s ]
SQL: SELECT * FROM `zf_picture` WHERE ( `status` = 1 ) AND ( `id` = 2 ) LIMIT 1   [ RunTime:0.000000s ]
SQL: SELECT * FROM `zf_picture` WHERE ( `status` = 1 ) AND ( `id` = 4 ) LIMIT 1   [ RunTime:0.000000s ]
SQL: SELECT * FROM `zf_picture` WHERE ( `status` = 1 ) AND ( `id` = 12 ) LIMIT 1   [ RunTime:0.000000s ]
SQL: SELECT * FROM `zf_picture` WHERE ( `status` = 1 ) AND ( `id` = 13 ) LIMIT 1   [ RunTime:0.000000s ]
SQL: SELECT * FROM `zf_picture` WHERE ( `status` = 1 ) AND ( `id` = 11 ) LIMIT 1   [ RunTime:0.000000s ]
SQL: SELECT * FROM `zf_picture` WHERE ( `status` = 1 ) AND ( `id` = 20 ) LIMIT 1   [ RunTime:0.000000s ]
SQL: SELECT * FROM `zf_picture` WHERE ( `status` = 1 ) AND ( `id` = 34 ) LIMIT 1   [ RunTime:0.000000s ]
SQL: SELECT * FROM `zf_picture` WHERE ( `status` = 1 ) AND ( `id` = 14 ) LIMIT 1   [ RunTime:0.000000s ]
SQL: SELECT * FROM `zf_picture` WHERE ( `status` = 1 ) AND ( `id` = 15 ) LIMIT 1   [ RunTime:0.000000s ]

[ 2017-12-13T15:37:24+08:00 ] ::1 /marke/index.php?s=/Home/Index/index
INFO: [ app_begin ] --START--
INFO: Run Behavior\ReadHtmlCache [ RunTime:0.000000s ]
INFO: [ app_begin ] --END-- [ RunTime:0.000000s ]
SQL: SHOW COLUMNS FROM `zf_config` [ RunTime:0.006001s ]
SQL: SELECT `type`,`name`,`value` FROM `zf_config` WHERE ( `status` = 1 )  [ RunTime:0.000000s ]
NOTIC: [8] Undefined index: _ism D:\phpStudy\WWW\marke\Application\Common\Common\function.php 第 1004 行.
SQL: SHOW COLUMNS FROM `zf_houses` [ RunTime:0.009000s ]
SQL: SELECT `title` FROM `zf_houses` WHERE ( `id` = 1 ) LIMIT 1   [ RunTime:0.000000s ]

[ 2017-12-13T15:37:47+08:00 ] ::1 /marke/index.php?s=/Home/Index/index
INFO: [ app_begin ] --START--
INFO: Run Behavior\ReadHtmlCache [ RunTime:0.000000s ]
INFO: [ app_begin ] --END-- [ RunTime:0.000000s ]
SQL: SHOW COLUMNS FROM `zf_config` [ RunTime:0.005000s ]
SQL: SELECT `type`,`name`,`value` FROM `zf_config` WHERE ( `status` = 1 )  [ RunTime:0.001001s ]
NOTIC: [8] Undefined index: _ism D:\phpStudy\WWW\marke\Application\Common\Common\function.php 第 1004 行.
SQL: SHOW COLUMNS FROM `zf_houses` [ RunTime:0.005000s ]
SQL: SELECT * FROM `zf_houses` WHERE ( `id` = 1 ) LIMIT 1   [ RunTime:0.001000s ]

[ 2017-12-13T15:37:59+08:00 ] ::1 /marke/index.php?s=/Home/Index/index
INFO: [ app_begin ] --START--
INFO: Run Behavior\ReadHtmlCache [ RunTime:0.000000s ]
INFO: [ app_begin ] --END-- [ RunTime:0.000000s ]
SQL: SHOW COLUMNS FROM `zf_config` [ RunTime:0.005000s ]
SQL: SELECT `type`,`name`,`value` FROM `zf_config` WHERE ( `status` = 1 )  [ RunTime:0.000000s ]
NOTIC: [8] Undefined index: _ism D:\phpStudy\WWW\marke\Application\Common\Common\function.php 第 1004 行.
SQL: SHOW COLUMNS FROM `zf_houses` [ RunTime:0.005000s ]
SQL: SELECT `title` FROM `zf_houses` WHERE ( `id` = 1 ) LIMIT 1   [ RunTime:0.000000s ]

[ 2017-12-13T15:38:03+08:00 ] ::1 /marke/index.php?s=/Home/Index/index
INFO: [ app_begin ] --START--
INFO: Run Behavior\ReadHtmlCache [ RunTime:0.000000s ]
INFO: [ app_begin ] --END-- [ RunTime:0.001000s ]
SQL: SHOW COLUMNS FROM `zf_config` [ RunTime:0.005001s ]
SQL: SELECT `type`,`name`,`value` FROM `zf_config` WHERE ( `status` = 1 )  [ RunTime:0.001000s ]
NOTIC: [8] Undefined index: _ism D:\phpStudy\WWW\marke\Application\Common\Common\function.php 第 1004 行.
SQL: SHOW COLUMNS FROM `zf_houses` [ RunTime:0.005000s ]
SQL: SELECT `title1` FROM `zf_houses` WHERE ( `id` = 1 ) LIMIT 1   [ RunTime:0.001000s ]
ERR: 1054:Unknown column 'title1' in 'field list'
 [ SQL语句 ] : SELECT `title1` FROM `zf_houses` WHERE ( `id` = 1 ) LIMIT 1  

[ 2017-12-13T15:39:47+08:00 ] ::1 /marke/index.php?s=/Home/Index/index
INFO: [ app_begin ] --START--
INFO: Run Behavior\ReadHtmlCache [ RunTime:0.000000s ]
INFO: [ app_begin ] --END-- [ RunTime:0.000000s ]
SQL: SHOW COLUMNS FROM `zf_config` [ RunTime:0.005000s ]
SQL: SELECT `type`,`name`,`value` FROM `zf_config` WHERE ( `status` = 1 )  [ RunTime:0.000000s ]
NOTIC: [8] Undefined index: _ism D:\phpStudy\WWW\marke\Application\Common\Common\function.php 第 1004 行.
INFO: [ view_parse ] --START--
INFO: [ template_filter ] --START--
INFO: Run Behavior\ContentReplace [ RunTime:0.000000s ]
INFO: [ template_filter ] --END-- [ RunTime:0.000000s ]
INFO: Run Behavior\ParseTemplate [ RunTime:0.025002s ]
INFO: [ view_parse ] --END-- [ RunTime:0.025002s ]
INFO: [ view_filter ] --START--
INFO: Run Behavior\WriteHtmlCache [ RunTime:0.000000s ]
INFO: [ view_filter ] --END-- [ RunTime:0.000000s ]
INFO: [ app_end ] --START--
INFO: Run Behavior\ShowPageTrace [ RunTime:0.000000s ]
INFO: [ app_end ] --END-- [ RunTime:0.000000s ]

[ 2017-12-13T15:39:47+08:00 ] ::1 /marke/index.php?s=/Home/Room/getBuilding
INFO: [ app_begin ] --START--
INFO: Run Behavior\ReadHtmlCache [ RunTime:0.001000s ]
INFO: [ app_begin ] --END-- [ RunTime:0.001000s ]
SQL: SHOW COLUMNS FROM `zf_config` [ RunTime:0.008001s ]
SQL: SELECT `type`,`name`,`value` FROM `zf_config` WHERE ( `status` = 1 )  [ RunTime:0.000000s ]
NOTIC: [8] Undefined index: _ism D:\phpStudy\WWW\marke\Application\Common\Common\function.php 第 1004 行.
SQL: SHOW COLUMNS FROM `zf_building` [ RunTime:0.012001s ]
SQL: SELECT * FROM `zf_building` WHERE ( `status` = 1 ) ORDER BY id asc  [ RunTime:0.001000s ]

[ 2017-12-13T15:39:47+08:00 ] ::1 /marke/index.php?s=/Home/Room/getUnit
INFO: [ app_begin ] --START--
INFO: Run Behavior\ReadHtmlCache [ RunTime:0.000000s ]
INFO: [ app_begin ] --END-- [ RunTime:0.001000s ]
SQL: SHOW COLUMNS FROM `zf_config` [ RunTime:0.008000s ]
SQL: SELECT `type`,`name`,`value` FROM `zf_config` WHERE ( `status` = 1 )  [ RunTime:0.000000s ]
NOTIC: [8] Undefined index: _ism D:\phpStudy\WWW\marke\Application\Common\Common\function.php 第 1004 行.
SQL: SHOW COLUMNS FROM `zf_unit` [ RunTime:0.012001s ]
SQL: SELECT * FROM `zf_unit` WHERE ( `b_id` = 3 ) AND ( `status` = 1 ) ORDER BY u_order  [ RunTime:0.000000s ]

[ 2017-12-13T15:39:47+08:00 ] ::1 /marke/index.php?s=/Home/Room/getRoom
INFO: [ app_begin ] --START--
INFO: Run Behavior\ReadHtmlCache [ RunTime:0.000000s ]
INFO: [ app_begin ] --END-- [ RunTime:0.000000s ]
SQL: SHOW COLUMNS FROM `zf_config` [ RunTime:0.005000s ]
SQL: SELECT `type`,`name`,`value` FROM `zf_config` WHERE ( `status` = 1 )  [ RunTime:0.000000s ]
NOTIC: [8] Undefined index: _ism D:\phpStudy\WWW\marke\Application\Common\Common\function.php 第 1004 行.
SQL: SHOW COLUMNS FROM `zf_room` [ RunTime:0.010001s ]
SQL: SELECT r.id,r.u_id,r.floor,r.is_check,r.status,r.room_number,user.nick_name FROM zf_room r INNER JOIN zf_unit as u on r.u_id=u.id left JOIN zf_user as user on r.lastop_uid=user.id  WHERE ( r.u_id = '2' ) AND ( u.status = '1' ) ORDER BY floor,room_number,is_check  [ RunTime:0.002000s ]

[ 2017-12-13T16:07:39+08:00 ] ::1 /marke/index.php?s=/Home/Room/room_info/id/11
INFO: [ app_begin ] --START--
INFO: Run Behavior\ReadHtmlCache [ RunTime:0.001000s ]
INFO: [ app_begin ] --END-- [ RunTime:0.001000s ]
SQL: SHOW COLUMNS FROM `zf_config` [ RunTime:0.005000s ]
SQL: SELECT `type`,`name`,`value` FROM `zf_config` WHERE ( `status` = 1 )  [ RunTime:0.001000s ]
NOTIC: [8] Undefined index: _ism D:\phpStudy\WWW\marke\Application\Common\Common\function.php 第 1004 行.
SQL: SHOW COLUMNS FROM `zf_room` [ RunTime:0.007001s ]
SQL: SELECT r.*,sr.r_name,sr.area,sr.apartment,sr.hall,sr.kitchen,sr.toilet,sr.thumb,sr.orientation,u.u_name,u.u_order,u.status as u_status,b.b_name FROM zf_room as r INNER JOIN zf_sameroom as sr on r.s_id = sr.id INNER JOIN zf_unit as u on r.u_id = u.id INNER JOIN zf_building as b on u.b_id = b.id  WHERE ( r.id=11 ) LIMIT 1   [ RunTime:0.006000s ]
SQL: SHOW COLUMNS FROM `zf_houses` [ RunTime:0.005000s ]
SQL: SELECT `address` FROM `zf_houses` WHERE ( `id` = 1 ) LIMIT 1   [ RunTime:0.000000s ]
SQL: SHOW COLUMNS FROM `zf_user` [ RunTime:0.006000s ]
SQL: SELECT id as uid,`phone`,`nick_name` FROM `zf_user` WHERE ( `id` = 2 ) LIMIT 1   [ RunTime:0.000000s ]
SQL: SELECT id as uid,`phone`,`nick_name` FROM `zf_user` WHERE ( `id` = 0 ) LIMIT 1   [ RunTime:0.000000s ]
NOTIC: [8] Undefined variable: path D:\phpStudy\WWW\marke\Application\Home\Controller\RoomController.class.php 第 907 行.
INFO: [ view_parse ] --START--
INFO: [ template_filter ] --START--
INFO: Run Behavior\ContentReplace [ RunTime:0.000000s ]
INFO: [ template_filter ] --END-- [ RunTime:0.000000s ]
INFO: Run Behavior\ParseTemplate [ RunTime:0.025001s ]
INFO: [ view_parse ] --END-- [ RunTime:0.025001s ]
INFO: [ view_filter ] --START--
INFO: Run Behavior\WriteHtmlCache [ RunTime:0.001000s ]
INFO: [ view_filter ] --END-- [ RunTime:0.001000s ]
INFO: [ app_end ] --START--
INFO: Run Behavior\ShowPageTrace [ RunTime:0.000000s ]
INFO: [ app_end ] --END-- [ RunTime:0.000000s ]

