[ 2017-12-20T15:00:20+08:00 ] ::1 /marke/index.php?s=/
INFO: [ app_begin ] --START--
INFO: Run Behavior\ReadHtmlCache [ RunTime:0.001000s ]
INFO: [ app_begin ] --END-- [ RunTime:0.003000s ]
SQL: SHOW COLUMNS FROM `zf_config` [ RunTime:0.010001s ]
SQL: SELECT `type`,`name`,`value` FROM `zf_config` WHERE ( `status` = 1 )  [ RunTime:0.002000s ]
NOTIC: [8] Undefined index: _ism D:\phpStudy\WWW\marke\Application\Common\Common\function.php 第 1004 行.
SQL: SHOW COLUMNS FROM `zf_user` [ RunTime:0.010001s ]

[ 2017-12-20T15:00:20+08:00 ] ::1 /marke/index.php?s=/Home/Login/login.html
INFO: [ app_begin ] --START--
INFO: Run Behavior\ReadHtmlCache [ RunTime:0.000000s ]
INFO: [ app_begin ] --END-- [ RunTime:0.002000s ]
NOTIC: [8] Undefined index: _ism D:\phpStudy\WWW\marke\Application\Common\Common\function.php 第 1004 行.
INFO: [ view_parse ] --START--
INFO: [ template_filter ] --START--
INFO: Run Behavior\ContentReplace [ RunTime:0.000000s ]
INFO: [ template_filter ] --END-- [ RunTime:0.000000s ]
INFO: Run Behavior\ParseTemplate [ RunTime:0.021002s ]
INFO: [ view_parse ] --END-- [ RunTime:0.021002s ]
INFO: [ view_filter ] --START--
INFO: Run Behavior\WriteHtmlCache [ RunTime:0.002000s ]
INFO: [ view_filter ] --END-- [ RunTime:0.002000s ]
INFO: [ app_end ] --START--
INFO: Run Behavior\ShowPageTrace [ RunTime:0.001000s ]
INFO: [ app_end ] --END-- [ RunTime:0.001000s ]

[ 2017-12-20T15:00:25+08:00 ] ::1 /marke/index.php?s=/
INFO: [ app_begin ] --START--
INFO: Run Behavior\ReadHtmlCache [ RunTime:0.000000s ]
INFO: [ app_begin ] --END-- [ RunTime:0.001000s ]
SQL: SHOW COLUMNS FROM `zf_config` [ RunTime:0.009001s ]
SQL: SELECT `type`,`name`,`value` FROM `zf_config` WHERE ( `status` = 1 )  [ RunTime:0.001000s ]
NOTIC: [8] Undefined index: _ism D:\phpStudy\WWW\marke\Application\Common\Common\function.php 第 1004 行.
SQL: SHOW COLUMNS FROM `zf_user` [ RunTime:0.009000s ]

[ 2017-12-20T15:00:29+08:00 ] ::1 /marke/index.php?s=/Home/Login/getHouse
INFO: [ app_begin ] --START--
INFO: Run Behavior\ReadHtmlCache [ RunTime:0.001000s ]
INFO: [ app_begin ] --END-- [ RunTime:0.001000s ]
NOTIC: [8] Undefined index: _ism D:\phpStudy\WWW\marke\Application\Common\Common\function.php 第 1004 行.
SQL: SHOW COLUMNS FROM project.zf_userall [ RunTime:0.008000s ]
SQL: SELECT m.title,m.db_name FROM project.zf_userall as u INNER JOIN project.zf_main as m on u.m_id = m.id  WHERE ( u.phone=13800000000 )  [ RunTime:0.005000s ]

[ 2017-12-20T15:00:35+08:00 ] ::1 /marke/index.php?s=/Home/Login/login
INFO: [ app_begin ] --START--
INFO: Run Behavior\ReadHtmlCache [ RunTime:0.000000s ]
INFO: [ app_begin ] --END-- [ RunTime:0.001000s ]
NOTIC: [8] Undefined index: _ism D:\phpStudy\WWW\marke\Application\Common\Common\function.php 第 1004 行.
SQL: SHOW COLUMNS FROM `zf_user` [ RunTime:0.005000s ]
SQL: SELECT id as uid,`phone`,`nick_name`,`head_img`,`is_super`,`sex`,`is_activation`,`is_activation`,`status` FROM `zf_user` WHERE ( `phone` = '13800000000' ) AND ( `password` = '347940aacdbd9d502325150ae5d07d96' ) LIMIT 1   [ RunTime:0.000000s ]
SQL: SHOW COLUMNS FROM `zf_config` [ RunTime:0.004001s ]
SQL: SELECT `type`,`name`,`value` FROM `zf_config` WHERE ( `status` = 1 )  [ RunTime:0.000000s ]
SQL: SHOW COLUMNS FROM `zf_menu_list` [ RunTime:0.009000s ]
SQL: SELECT * FROM `zf_menu_list` WHERE ( `id` IN ('3','2','4','5','6','7','8','9','10','11','12','14','15','16','17','18','19','20','21') ) AND ( `status` = 1 ) ORDER BY  FIELD(id, 3, 2, 4, 5, 6, 7, 8, 9, 10, 11, 12, 14, 15, 16, 17, 18, 19, 20, 21)  [ RunTime:0.002000s ]
SQL: SHOW COLUMNS FROM `zf_bottom_nav` [ RunTime:0.010001s ]
SQL: SELECT bn.id,bn.title,bn.icon,ml.path FROM zf_bottom_nav as bn left JOIN zf_menu_list as ml on bn.m_id = ml.id  WHERE ( bn.id IN ('1','2') ) AND ( ml.status = 1 ) ORDER BY  FIELD(bn.id, 1, 2) LIMIT 4   [ RunTime:0.000000s ]
SQL: SHOW COLUMNS FROM `zf_picture` [ RunTime:0.009001s ]
SQL: SELECT * FROM `zf_picture` WHERE ( `status` = 1 ) AND ( `id` = 1 ) LIMIT 1   [ RunTime:0.001000s ]
SQL: SELECT * FROM `zf_picture` WHERE ( `status` = 1 ) AND ( `id` = 2 ) LIMIT 1   [ RunTime:0.001000s ]
SQL: SELECT * FROM `zf_picture` WHERE ( `status` = 1 ) AND ( `id` = 3 ) LIMIT 1   [ RunTime:0.000000s ]
SQL: SELECT * FROM `zf_picture` WHERE ( `status` = 1 ) AND ( `id` = 12 ) LIMIT 1   [ RunTime:0.000000s ]
SQL: SELECT * FROM `zf_picture` WHERE ( `status` = 1 ) AND ( `id` = 5 ) LIMIT 1   [ RunTime:0.000000s ]
SQL: SELECT * FROM `zf_picture` WHERE ( `status` = 1 ) AND ( `id` = 7 ) LIMIT 1   [ RunTime:0.000000s ]
SQL: SELECT * FROM `zf_picture` WHERE ( `status` = 1 ) AND ( `id` = 8 ) LIMIT 1   [ RunTime:0.000000s ]
SQL: SELECT * FROM `zf_picture` WHERE ( `status` = 1 ) AND ( `id` = 9 ) LIMIT 1   [ RunTime:0.000000s ]
SQL: SELECT * FROM `zf_picture` WHERE ( `status` = 1 ) AND ( `id` = 10 ) LIMIT 1   [ RunTime:0.000000s ]
SQL: SELECT * FROM `zf_picture` WHERE ( `status` = 1 ) AND ( `id` = 11 ) LIMIT 1   [ RunTime:0.000000s ]
SQL: SELECT * FROM `zf_picture` WHERE ( `status` = 1 ) AND ( `id` = 7 ) LIMIT 1   [ RunTime:0.000000s ]
SQL: SELECT * FROM `zf_picture` WHERE ( `status` = 1 ) AND ( `id` = 2 ) LIMIT 1   [ RunTime:0.000000s ]
SQL: SELECT * FROM `zf_picture` WHERE ( `status` = 1 ) AND ( `id` = 4 ) LIMIT 1   [ RunTime:0.000000s ]
SQL: SELECT * FROM `zf_picture` WHERE ( `status` = 1 ) AND ( `id` = 12 ) LIMIT 1   [ RunTime:0.000000s ]
SQL: SELECT * FROM `zf_picture` WHERE ( `status` = 1 ) AND ( `id` = 13 ) LIMIT 1   [ RunTime:0.000000s ]
SQL: SELECT * FROM `zf_picture` WHERE ( `status` = 1 ) AND ( `id` = 11 ) LIMIT 1   [ RunTime:0.000000s ]
SQL: SELECT * FROM `zf_picture` WHERE ( `status` = 1 ) AND ( `id` = 20 ) LIMIT 1   [ RunTime:0.000000s ]
SQL: SELECT * FROM `zf_picture` WHERE ( `status` = 1 ) AND ( `id` = 34 ) LIMIT 1   [ RunTime:0.000000s ]
SQL: SELECT * FROM `zf_picture` WHERE ( `status` = 1 ) AND ( `id` = 14 ) LIMIT 1   [ RunTime:0.000000s ]
SQL: SELECT * FROM `zf_picture` WHERE ( `status` = 1 ) AND ( `id` = 15 ) LIMIT 1   [ RunTime:0.000000s ]

[ 2017-12-20T15:00:35+08:00 ] ::1 /marke/index.php?s=/Home/Index/index
INFO: [ app_begin ] --START--
INFO: Run Behavior\ReadHtmlCache [ RunTime:0.000000s ]
INFO: [ app_begin ] --END-- [ RunTime:0.001000s ]
SQL: SHOW COLUMNS FROM `zf_config` [ RunTime:0.005001s ]
SQL: SELECT `type`,`name`,`value` FROM `zf_config` WHERE ( `status` = 1 )  [ RunTime:0.000000s ]
NOTIC: [8] Undefined index: _ism D:\phpStudy\WWW\marke\Application\Common\Common\function.php 第 1004 行.
SQL: SHOW COLUMNS FROM `zf_houses` [ RunTime:0.009000s ]
SQL: SELECT `title` FROM `zf_houses` WHERE ( `id` = 1 ) LIMIT 1   [ RunTime:0.000000s ]
INFO: [ view_parse ] --START--
INFO: [ template_filter ] --START--
INFO: Run Behavior\ContentReplace [ RunTime:0.000000s ]
INFO: [ template_filter ] --END-- [ RunTime:0.000000s ]
INFO: Run Behavior\ParseTemplate [ RunTime:0.024002s ]
INFO: [ view_parse ] --END-- [ RunTime:0.024002s ]
INFO: [ view_filter ] --START--
INFO: Run Behavior\WriteHtmlCache [ RunTime:0.001000s ]
INFO: [ view_filter ] --END-- [ RunTime:0.001000s ]
INFO: [ app_end ] --START--
INFO: Run Behavior\ShowPageTrace [ RunTime:0.001000s ]
INFO: [ app_end ] --END-- [ RunTime:0.001000s ]

[ 2017-12-20T15:00:35+08:00 ] ::1 /marke/index.php?s=/Home/Room/getBuilding
INFO: [ app_begin ] --START--
INFO: Run Behavior\ReadHtmlCache [ RunTime:0.000000s ]
INFO: [ app_begin ] --END-- [ RunTime:0.001000s ]
SQL: SHOW COLUMNS FROM `zf_config` [ RunTime:0.008001s ]
SQL: SELECT `type`,`name`,`value` FROM `zf_config` WHERE ( `status` = 1 )  [ RunTime:0.000000s ]
NOTIC: [8] Undefined index: _ism D:\phpStudy\WWW\marke\Application\Common\Common\function.php 第 1004 行.
SQL: SHOW COLUMNS FROM `zf_building` [ RunTime:0.011001s ]
SQL: SELECT * FROM `zf_building` WHERE ( `status` = 1 ) ORDER BY id asc  [ RunTime:0.000000s ]

[ 2017-12-20T15:00:35+08:00 ] ::1 /marke/index.php?s=/Home/Room/getUnit
INFO: [ app_begin ] --START--
INFO: Run Behavior\ReadHtmlCache [ RunTime:0.001000s ]
INFO: [ app_begin ] --END-- [ RunTime:0.001000s ]
SQL: SHOW COLUMNS FROM `zf_config` [ RunTime:0.008000s ]
SQL: SELECT `type`,`name`,`value` FROM `zf_config` WHERE ( `status` = 1 )  [ RunTime:0.000000s ]
NOTIC: [8] Undefined index: _ism D:\phpStudy\WWW\marke\Application\Common\Common\function.php 第 1004 行.
SQL: SHOW COLUMNS FROM `zf_unit` [ RunTime:0.010001s ]
SQL: SELECT * FROM `zf_unit` WHERE ( `b_id` = 3 ) AND ( `status` = 1 ) ORDER BY u_order  [ RunTime:0.000000s ]

[ 2017-12-20T15:00:35+08:00 ] ::1 /marke/index.php?s=/Home/Room/getRoom
INFO: [ app_begin ] --START--
INFO: Run Behavior\ReadHtmlCache [ RunTime:0.001000s ]
INFO: [ app_begin ] --END-- [ RunTime:0.001000s ]
SQL: SHOW COLUMNS FROM `zf_config` [ RunTime:0.005001s ]
SQL: SELECT `type`,`name`,`value` FROM `zf_config` WHERE ( `status` = 1 )  [ RunTime:0.000000s ]
NOTIC: [8] Undefined index: _ism D:\phpStudy\WWW\marke\Application\Common\Common\function.php 第 1004 行.
SQL: SHOW COLUMNS FROM `zf_room` [ RunTime:0.011000s ]
SQL: SELECT r.id,r.u_id,r.floor,r.is_check,r.status,r.room_number,user.nick_name FROM zf_room r INNER JOIN zf_unit as u on r.u_id=u.id left JOIN zf_user as user on r.lastop_uid=user.id  WHERE ( r.u_id = '2' ) AND ( u.status = '1' ) ORDER BY floor,room_number,is_check  [ RunTime:0.002000s ]

[ 2017-12-20T15:00:37+08:00 ] ::1 /marke/index.php?s=/Home/Room/getRoom
INFO: [ app_begin ] --START--
INFO: Run Behavior\ReadHtmlCache [ RunTime:0.000000s ]
INFO: [ app_begin ] --END-- [ RunTime:0.000000s ]
SQL: SHOW COLUMNS FROM `zf_config` [ RunTime:0.005000s ]
SQL: SELECT `type`,`name`,`value` FROM `zf_config` WHERE ( `status` = 1 )  [ RunTime:0.000000s ]
NOTIC: [8] Undefined index: _ism D:\phpStudy\WWW\marke\Application\Common\Common\function.php 第 1004 行.
SQL: SHOW COLUMNS FROM `zf_room` [ RunTime:0.005000s ]
SQL: SELECT r.id,r.u_id,r.floor,r.is_check,r.status,r.room_number,user.nick_name FROM zf_room r INNER JOIN zf_unit as u on r.u_id=u.id left JOIN zf_user as user on r.lastop_uid=user.id  WHERE ( r.u_id = '3' ) AND ( u.status = '1' ) ORDER BY floor,room_number,is_check  [ RunTime:0.001000s ]

[ 2017-12-20T15:00:38+08:00 ] ::1 /marke/index.php?s=/Home/Room/getUnit
INFO: [ app_begin ] --START--
INFO: Run Behavior\ReadHtmlCache [ RunTime:0.000000s ]
INFO: [ app_begin ] --END-- [ RunTime:0.000000s ]
SQL: SHOW COLUMNS FROM `zf_config` [ RunTime:0.005500s ]
SQL: SELECT `type`,`name`,`value` FROM `zf_config` WHERE ( `status` = 1 )  [ RunTime:0.000000s ]
NOTIC: [8] Undefined index: _ism D:\phpStudy\WWW\marke\Application\Common\Common\function.php 第 1004 行.
SQL: SHOW COLUMNS FROM `zf_unit` [ RunTime:0.004001s ]
SQL: SELECT * FROM `zf_unit` WHERE ( `b_id` = 4 ) AND ( `status` = 1 ) ORDER BY u_order  [ RunTime:0.000000s ]

[ 2017-12-20T15:00:38+08:00 ] ::1 /marke/index.php?s=/Home/Room/getRoom
INFO: [ app_begin ] --START--
INFO: Run Behavior\ReadHtmlCache [ RunTime:0.000000s ]
INFO: [ app_begin ] --END-- [ RunTime:0.000000s ]
SQL: SHOW COLUMNS FROM `zf_config` [ RunTime:0.005000s ]
SQL: SELECT `type`,`name`,`value` FROM `zf_config` WHERE ( `status` = 1 )  [ RunTime:0.000000s ]
NOTIC: [8] Undefined index: _ism D:\phpStudy\WWW\marke\Application\Common\Common\function.php 第 1004 行.
SQL: SHOW COLUMNS FROM `zf_room` [ RunTime:0.005000s ]
SQL: SELECT r.id,r.u_id,r.floor,r.is_check,r.status,r.room_number,user.nick_name FROM zf_room r INNER JOIN zf_unit as u on r.u_id=u.id left JOIN zf_user as user on r.lastop_uid=user.id  WHERE ( r.u_id = '8' ) AND ( u.status = '1' ) ORDER BY floor,room_number,is_check  [ RunTime:0.001000s ]

[ 2017-12-20T15:00:39+08:00 ] ::1 /marke/index.php?s=/Home/Room/getUnit
INFO: [ app_begin ] --START--
INFO: Run Behavior\ReadHtmlCache [ RunTime:0.000000s ]
INFO: [ app_begin ] --END-- [ RunTime:0.000000s ]
SQL: SHOW COLUMNS FROM `zf_config` [ RunTime:0.005000s ]
SQL: SELECT `type`,`name`,`value` FROM `zf_config` WHERE ( `status` = 1 )  [ RunTime:0.000000s ]
NOTIC: [8] Undefined index: _ism D:\phpStudy\WWW\marke\Application\Common\Common\function.php 第 1004 行.
SQL: SHOW COLUMNS FROM `zf_unit` [ RunTime:0.005000s ]
SQL: SELECT * FROM `zf_unit` WHERE ( `b_id` = 6 ) AND ( `status` = 1 ) ORDER BY u_order  [ RunTime:0.000000s ]

[ 2017-12-20T15:00:39+08:00 ] ::1 /marke/index.php?s=/Home/Room/getRoom
INFO: [ app_begin ] --START--
INFO: Run Behavior\ReadHtmlCache [ RunTime:0.000000s ]
INFO: [ app_begin ] --END-- [ RunTime:0.001000s ]
SQL: SHOW COLUMNS FROM `zf_config` [ RunTime:0.005001s ]
SQL: SELECT `type`,`name`,`value` FROM `zf_config` WHERE ( `status` = 1 )  [ RunTime:0.001000s ]
NOTIC: [8] Undefined index: _ism D:\phpStudy\WWW\marke\Application\Common\Common\function.php 第 1004 行.
SQL: SHOW COLUMNS FROM `zf_room` [ RunTime:0.007000s ]
SQL: SELECT r.id,r.u_id,r.floor,r.is_check,r.status,r.room_number,user.nick_name FROM zf_room r INNER JOIN zf_unit as u on r.u_id=u.id left JOIN zf_user as user on r.lastop_uid=user.id  WHERE ( r.u_id = '4' ) AND ( u.status = '1' ) ORDER BY floor,room_number,is_check  [ RunTime:0.000000s ]

[ 2017-12-20T15:00:40+08:00 ] ::1 /marke/index.php?s=/Home/Room/getUnit
INFO: [ app_begin ] --START--
INFO: Run Behavior\ReadHtmlCache [ RunTime:0.000000s ]
INFO: [ app_begin ] --END-- [ RunTime:0.001000s ]
SQL: SHOW COLUMNS FROM `zf_config` [ RunTime:0.005001s ]
SQL: SELECT `type`,`name`,`value` FROM `zf_config` WHERE ( `status` = 1 )  [ RunTime:0.000000s ]
NOTIC: [8] Undefined index: _ism D:\phpStudy\WWW\marke\Application\Common\Common\function.php 第 1004 行.
SQL: SHOW COLUMNS FROM `zf_unit` [ RunTime:0.005000s ]
SQL: SELECT * FROM `zf_unit` WHERE ( `b_id` = 7 ) AND ( `status` = 1 ) ORDER BY u_order  [ RunTime:0.000000s ]

[ 2017-12-20T15:00:40+08:00 ] ::1 /marke/index.php?s=/Home/Room/getUnit
INFO: [ app_begin ] --START--
INFO: Run Behavior\ReadHtmlCache [ RunTime:0.000000s ]
INFO: [ app_begin ] --END-- [ RunTime:0.001001s ]
SQL: SHOW COLUMNS FROM `zf_config` [ RunTime:0.005001s ]
SQL: SELECT `type`,`name`,`value` FROM `zf_config` WHERE ( `status` = 1 )  [ RunTime:0.000000s ]
NOTIC: [8] Undefined index: _ism D:\phpStudy\WWW\marke\Application\Common\Common\function.php 第 1004 行.
SQL: SHOW COLUMNS FROM `zf_unit` [ RunTime:0.005000s ]
SQL: SELECT * FROM `zf_unit` WHERE ( `b_id` = 6 ) AND ( `status` = 1 ) ORDER BY u_order  [ RunTime:0.000000s ]

[ 2017-12-20T15:00:40+08:00 ] ::1 /marke/index.php?s=/Home/Room/getRoom
INFO: [ app_begin ] --START--
INFO: Run Behavior\ReadHtmlCache [ RunTime:0.000000s ]
INFO: [ app_begin ] --END-- [ RunTime:0.001000s ]
SQL: SHOW COLUMNS FROM `zf_config` [ RunTime:0.006001s ]
SQL: SELECT `type`,`name`,`value` FROM `zf_config` WHERE ( `status` = 1 )  [ RunTime:0.000000s ]
NOTIC: [8] Undefined index: _ism D:\phpStudy\WWW\marke\Application\Common\Common\function.php 第 1004 行.
SQL: SHOW COLUMNS FROM `zf_room` [ RunTime:0.005000s ]
SQL: SELECT r.id,r.u_id,r.floor,r.is_check,r.status,r.room_number,user.nick_name FROM zf_room r INNER JOIN zf_unit as u on r.u_id=u.id left JOIN zf_user as user on r.lastop_uid=user.id  WHERE ( r.u_id = '4' ) AND ( u.status = '1' ) ORDER BY floor,room_number,is_check  [ RunTime:0.000000s ]

[ 2017-12-20T15:00:41+08:00 ] ::1 /marke/index.php?s=/Home/Room/getUnit
INFO: [ app_begin ] --START--
INFO: Run Behavior\ReadHtmlCache [ RunTime:0.000000s ]
INFO: [ app_begin ] --END-- [ RunTime:0.000000s ]
SQL: SHOW COLUMNS FROM `zf_config` [ RunTime:0.008001s ]
SQL: SELECT `type`,`name`,`value` FROM `zf_config` WHERE ( `status` = 1 )  [ RunTime:0.001000s ]
NOTIC: [8] Undefined index: _ism D:\phpStudy\WWW\marke\Application\Common\Common\function.php 第 1004 行.
SQL: SHOW COLUMNS FROM `zf_unit` [ RunTime:0.007000s ]
SQL: SELECT * FROM `zf_unit` WHERE ( `b_id` = 4 ) AND ( `status` = 1 ) ORDER BY u_order  [ RunTime:0.000000s ]

[ 2017-12-20T15:00:41+08:00 ] ::1 /marke/index.php?s=/Home/Room/getRoom
INFO: [ app_begin ] --START--
INFO: Run Behavior\ReadHtmlCache [ RunTime:0.000000s ]
INFO: [ app_begin ] --END-- [ RunTime:0.000000s ]
SQL: SHOW COLUMNS FROM `zf_config` [ RunTime:0.006001s ]
SQL: SELECT `type`,`name`,`value` FROM `zf_config` WHERE ( `status` = 1 )  [ RunTime:0.000000s ]
NOTIC: [8] Undefined index: _ism D:\phpStudy\WWW\marke\Application\Common\Common\function.php 第 1004 行.
SQL: SHOW COLUMNS FROM `zf_room` [ RunTime:0.005000s ]
SQL: SELECT r.id,r.u_id,r.floor,r.is_check,r.status,r.room_number,user.nick_name FROM zf_room r INNER JOIN zf_unit as u on r.u_id=u.id left JOIN zf_user as user on r.lastop_uid=user.id  WHERE ( r.u_id = '8' ) AND ( u.status = '1' ) ORDER BY floor,room_number,is_check  [ RunTime:0.000000s ]

[ 2017-12-20T15:00:43+08:00 ] ::1 /marke/index.php?s=/Home/Room/getUnit
INFO: [ app_begin ] --START--
INFO: Run Behavior\ReadHtmlCache [ RunTime:0.000000s ]
INFO: [ app_begin ] --END-- [ RunTime:0.001000s ]
SQL: SHOW COLUMNS FROM `zf_config` [ RunTime:0.005000s ]
SQL: SELECT `type`,`name`,`value` FROM `zf_config` WHERE ( `status` = 1 )  [ RunTime:0.000000s ]
NOTIC: [8] Undefined index: _ism D:\phpStudy\WWW\marke\Application\Common\Common\function.php 第 1004 行.
SQL: SHOW COLUMNS FROM `zf_unit` [ RunTime:0.004001s ]
SQL: SELECT * FROM `zf_unit` WHERE ( `b_id` = 3 ) AND ( `status` = 1 ) ORDER BY u_order  [ RunTime:0.000000s ]

[ 2017-12-20T15:00:43+08:00 ] ::1 /marke/index.php?s=/Home/Room/getRoom
INFO: [ app_begin ] --START--
INFO: Run Behavior\ReadHtmlCache [ RunTime:0.000000s ]
INFO: [ app_begin ] --END-- [ RunTime:0.001000s ]
SQL: SHOW COLUMNS FROM `zf_config` [ RunTime:0.006000s ]
SQL: SELECT `type`,`name`,`value` FROM `zf_config` WHERE ( `status` = 1 )  [ RunTime:0.000000s ]
NOTIC: [8] Undefined index: _ism D:\phpStudy\WWW\marke\Application\Common\Common\function.php 第 1004 行.
SQL: SHOW COLUMNS FROM `zf_room` [ RunTime:0.005000s ]
SQL: SELECT r.id,r.u_id,r.floor,r.is_check,r.status,r.room_number,user.nick_name FROM zf_room r INNER JOIN zf_unit as u on r.u_id=u.id left JOIN zf_user as user on r.lastop_uid=user.id  WHERE ( r.u_id = '2' ) AND ( u.status = '1' ) ORDER BY floor,room_number,is_check  [ RunTime:0.000000s ]

[ 2017-12-20T15:00:43+08:00 ] ::1 /marke/index.php?s=/Home/Room/getUnit
INFO: [ app_begin ] --START--
INFO: Run Behavior\ReadHtmlCache [ RunTime:0.000000s ]
INFO: [ app_begin ] --END-- [ RunTime:0.001000s ]
SQL: SHOW COLUMNS FROM `zf_config` [ RunTime:0.005001s ]
SQL: SELECT `type`,`name`,`value` FROM `zf_config` WHERE ( `status` = 1 )  [ RunTime:0.000000s ]
NOTIC: [8] Undefined index: _ism D:\phpStudy\WWW\marke\Application\Common\Common\function.php 第 1004 行.
SQL: SHOW COLUMNS FROM `zf_unit` [ RunTime:0.004000s ]
SQL: SELECT * FROM `zf_unit` WHERE ( `b_id` = 4 ) AND ( `status` = 1 ) ORDER BY u_order  [ RunTime:0.000000s ]

[ 2017-12-20T15:00:43+08:00 ] ::1 /marke/index.php?s=/Home/Room/getRoom
INFO: [ app_begin ] --START--
INFO: Run Behavior\ReadHtmlCache [ RunTime:0.001000s ]
INFO: [ app_begin ] --END-- [ RunTime:0.001000s ]
SQL: SHOW COLUMNS FROM `zf_config` [ RunTime:0.006000s ]
SQL: SELECT `type`,`name`,`value` FROM `zf_config` WHERE ( `status` = 1 )  [ RunTime:0.000000s ]
NOTIC: [8] Undefined index: _ism D:\phpStudy\WWW\marke\Application\Common\Common\function.php 第 1004 行.
SQL: SHOW COLUMNS FROM `zf_room` [ RunTime:0.005001s ]
SQL: SELECT r.id,r.u_id,r.floor,r.is_check,r.status,r.room_number,user.nick_name FROM zf_room r INNER JOIN zf_unit as u on r.u_id=u.id left JOIN zf_user as user on r.lastop_uid=user.id  WHERE ( r.u_id = '8' ) AND ( u.status = '1' ) ORDER BY floor,room_number,is_check  [ RunTime:0.001000s ]

[ 2017-12-20T15:00:44+08:00 ] ::1 /marke/index.php?s=/Home/Room/index.html
INFO: [ app_begin ] --START--
INFO: Run Behavior\ReadHtmlCache [ RunTime:0.000000s ]
INFO: [ app_begin ] --END-- [ RunTime:0.000000s ]
SQL: SHOW COLUMNS FROM `zf_config` [ RunTime:0.005001s ]
SQL: SELECT `type`,`name`,`value` FROM `zf_config` WHERE ( `status` = 1 )  [ RunTime:0.000000s ]
NOTIC: [8] Undefined index: _ism D:\phpStudy\WWW\marke\Application\Common\Common\function.php 第 1004 行.
INFO: [ view_parse ] --START--
INFO: [ template_filter ] --START--
INFO: Run Behavior\ContentReplace [ RunTime:0.000000s ]
INFO: [ template_filter ] --END-- [ RunTime:0.000000s ]
NOTIC: [8] Use of undefined constant AUTH_MARKETINCON - assumed 'AUTH_MARKETINCON' D:\phpStudy\WWW\marke\Runtime\Cache\Home\26b64cdc31a8346bf2409fe8f43da05d.php 第 95 行.
INFO: Run Behavior\ParseTemplate [ RunTime:0.010000s ]
INFO: [ view_parse ] --END-- [ RunTime:0.010000s ]
INFO: [ view_filter ] --START--
INFO: Run Behavior\WriteHtmlCache [ RunTime:0.000000s ]
INFO: [ view_filter ] --END-- [ RunTime:0.000000s ]
INFO: [ app_end ] --START--
INFO: Run Behavior\ShowPageTrace [ RunTime:0.000000s ]
INFO: [ app_end ] --END-- [ RunTime:0.000000s ]

[ 2017-12-20T15:00:44+08:00 ] ::1 /marke/index.php?s=/Home/Room/getBuilding
INFO: [ app_begin ] --START--
INFO: Run Behavior\ReadHtmlCache [ RunTime:0.000000s ]
INFO: [ app_begin ] --END-- [ RunTime:0.001000s ]
SQL: SHOW COLUMNS FROM `zf_config` [ RunTime:0.005000s ]
SQL: SELECT `type`,`name`,`value` FROM `zf_config` WHERE ( `status` = 1 )  [ RunTime:0.000000s ]
NOTIC: [8] Undefined index: _ism D:\phpStudy\WWW\marke\Application\Common\Common\function.php 第 1004 行.
SQL: SHOW COLUMNS FROM `zf_building` [ RunTime:0.005001s ]
SQL: SELECT * FROM `zf_building` WHERE ( `status` = 1 ) ORDER BY id asc  [ RunTime:0.000000s ]

[ 2017-12-20T15:00:44+08:00 ] ::1 /marke/index.php?s=/Home/Room/getUnit
INFO: [ app_begin ] --START--
INFO: Run Behavior\ReadHtmlCache [ RunTime:0.001000s ]
INFO: [ app_begin ] --END-- [ RunTime:0.001000s ]
SQL: SHOW COLUMNS FROM `zf_config` [ RunTime:0.006001s ]
SQL: SELECT `type`,`name`,`value` FROM `zf_config` WHERE ( `status` = 1 )  [ RunTime:0.000000s ]
NOTIC: [8] Undefined index: _ism D:\phpStudy\WWW\marke\Application\Common\Common\function.php 第 1004 行.
SQL: SHOW COLUMNS FROM `zf_unit` [ RunTime:0.006000s ]
SQL: SELECT * FROM `zf_unit` WHERE ( `b_id` = 3 ) AND ( `status` = 1 ) ORDER BY u_order  [ RunTime:0.000000s ]

[ 2017-12-20T15:00:44+08:00 ] ::1 /marke/index.php?s=/Home/Room/getRoom
INFO: [ app_begin ] --START--
INFO: Run Behavior\ReadHtmlCache [ RunTime:0.001000s ]
INFO: [ app_begin ] --END-- [ RunTime:0.001000s ]
SQL: SHOW COLUMNS FROM `zf_config` [ RunTime:0.006001s ]
SQL: SELECT `type`,`name`,`value` FROM `zf_config` WHERE ( `status` = 1 )  [ RunTime:0.001000s ]
NOTIC: [8] Undefined index: _ism D:\phpStudy\WWW\marke\Application\Common\Common\function.php 第 1004 行.
SQL: SHOW COLUMNS FROM `zf_room` [ RunTime:0.006000s ]
SQL: SELECT r.id,r.u_id,r.floor,r.is_check,r.status,r.room_number,user.nick_name FROM zf_room r INNER JOIN zf_unit as u on r.u_id=u.id left JOIN zf_user as user on r.lastop_uid=user.id  WHERE ( r.u_id = '2' ) AND ( u.status = '1' ) ORDER BY floor,room_number,is_check  [ RunTime:0.000000s ]

[ 2017-12-20T15:00:45+08:00 ] ::1 /marke/index.php?s=/Home/Room/building_list.html
INFO: [ app_begin ] --START--
INFO: Run Behavior\ReadHtmlCache [ RunTime:0.000000s ]
INFO: [ app_begin ] --END-- [ RunTime:0.000000s ]
SQL: SHOW COLUMNS FROM `zf_config` [ RunTime:0.005001s ]
SQL: SELECT `type`,`name`,`value` FROM `zf_config` WHERE ( `status` = 1 )  [ RunTime:0.000000s ]
NOTIC: [8] Undefined index: _ism D:\phpStudy\WWW\marke\Application\Common\Common\function.php 第 1004 行.
SQL: SHOW COLUMNS FROM `zf_building` [ RunTime:0.005000s ]
SQL: SELECT `id`,`b_name`,`unit_num`,`is_w`,`status`,`type` FROM `zf_building` ORDER BY id asc  [ RunTime:0.000000s ]
SQL: SHOW COLUMNS FROM `zf_unit` [ RunTime:0.004000s ]
SQL: SELECT `id`,`u_name`,`status`,`u_order` FROM `zf_unit` WHERE ( b_id=3 ) ORDER BY u_order asc LIMIT 2   [ RunTime:0.001000s ]
SQL: SELECT `id`,`u_name`,`status`,`u_order` FROM `zf_unit` WHERE ( b_id=4 ) ORDER BY u_order asc LIMIT 2   [ RunTime:0.000000s ]
SQL: SELECT `id`,`u_name`,`status`,`u_order` FROM `zf_unit` WHERE ( b_id=6 ) ORDER BY u_order asc LIMIT 2   [ RunTime:0.000000s ]
SQL: SELECT `id`,`u_name`,`status`,`u_order` FROM `zf_unit` WHERE ( b_id=7 ) ORDER BY u_order asc LIMIT 1   [ RunTime:0.000000s ]
NOTIC: [2] array_reduce() expects parameter 1 to be array, null given D:\phpStudy\WWW\marke\Application\Home\Controller\RoomController.class.php 第 164 行.
INFO: [ view_parse ] --START--
INFO: [ template_filter ] --START--
INFO: Run Behavior\ContentReplace [ RunTime:0.000000s ]
INFO: [ template_filter ] --END-- [ RunTime:0.000000s ]
NOTIC: [8] Undefined offset: 0 D:\phpStudy\WWW\marke\Runtime\Cache\Home\e7cf5d84bbd0a3723cc3a8abfcc946eb.php 第 135 行.
NOTIC: [8] Undefined offset: 0 D:\phpStudy\WWW\marke\Runtime\Cache\Home\e7cf5d84bbd0a3723cc3a8abfcc946eb.php 第 136 行.
NOTIC: [8] Undefined offset: 0 D:\phpStudy\WWW\marke\Runtime\Cache\Home\e7cf5d84bbd0a3723cc3a8abfcc946eb.php 第 135 行.
NOTIC: [8] Undefined offset: 0 D:\phpStudy\WWW\marke\Runtime\Cache\Home\e7cf5d84bbd0a3723cc3a8abfcc946eb.php 第 136 行.
INFO: Run Behavior\ParseTemplate [ RunTime:0.012001s ]
INFO: [ view_parse ] --END-- [ RunTime:0.012001s ]
INFO: [ view_filter ] --START--
INFO: Run Behavior\WriteHtmlCache [ RunTime:0.000000s ]
INFO: [ view_filter ] --END-- [ RunTime:0.000000s ]
INFO: [ app_end ] --START--
INFO: Run Behavior\ShowPageTrace [ RunTime:0.001000s ]
INFO: [ app_end ] --END-- [ RunTime:0.001000s ]

[ 2017-12-20T15:00:56+08:00 ] ::1 /marke/index.php?s=/Home/Room/house_info_set.html
INFO: [ app_begin ] --START--
INFO: Run Behavior\ReadHtmlCache [ RunTime:0.001000s ]
INFO: [ app_begin ] --END-- [ RunTime:0.001000s ]
SQL: SHOW COLUMNS FROM `zf_config` [ RunTime:0.005000s ]
SQL: SELECT `type`,`name`,`value` FROM `zf_config` WHERE ( `status` = 1 )  [ RunTime:0.000000s ]
NOTIC: [8] Undefined index: _ism D:\phpStudy\WWW\marke\Application\Common\Common\function.php 第 1004 行.
SQL: SHOW COLUMNS FROM `zf_building` [ RunTime:0.008000s ]
SQL: SELECT `id`,`b_name`,`unit_num`,`type` FROM `zf_building` ORDER BY id asc  [ RunTime:0.000000s ]
INFO: [ view_parse ] --START--
INFO: [ template_filter ] --START--
INFO: Run Behavior\ContentReplace [ RunTime:0.000000s ]
INFO: [ template_filter ] --END-- [ RunTime:0.000000s ]
INFO: Run Behavior\ParseTemplate [ RunTime:0.011001s ]
INFO: [ view_parse ] --END-- [ RunTime:0.011001s ]
INFO: [ view_filter ] --START--
INFO: Run Behavior\WriteHtmlCache [ RunTime:0.000000s ]
INFO: [ view_filter ] --END-- [ RunTime:0.000000s ]
INFO: [ app_end ] --START--
INFO: Run Behavior\ShowPageTrace [ RunTime:0.001000s ]
INFO: [ app_end ] --END-- [ RunTime:0.001000s ]

[ 2017-12-20T15:00:58+08:00 ] ::1 /marke/index.php?s=/Home/Index/index.html
INFO: [ app_begin ] --START--
INFO: Run Behavior\ReadHtmlCache [ RunTime:0.001000s ]
INFO: [ app_begin ] --END-- [ RunTime:0.001000s ]
SQL: SHOW COLUMNS FROM `zf_config` [ RunTime:0.005000s ]
SQL: SELECT `type`,`name`,`value` FROM `zf_config` WHERE ( `status` = 1 )  [ RunTime:0.000000s ]
NOTIC: [8] Undefined index: _ism D:\phpStudy\WWW\marke\Application\Common\Common\function.php 第 1004 行.
INFO: [ view_parse ] --START--
INFO: [ template_filter ] --START--
INFO: Run Behavior\ContentReplace [ RunTime:0.001000s ]
INFO: [ template_filter ] --END-- [ RunTime:0.001000s ]
INFO: Run Behavior\ParseTemplate [ RunTime:0.010000s ]
INFO: [ view_parse ] --END-- [ RunTime:0.010000s ]
INFO: [ view_filter ] --START--
INFO: Run Behavior\WriteHtmlCache [ RunTime:0.001000s ]
INFO: [ view_filter ] --END-- [ RunTime:0.001000s ]
INFO: [ app_end ] --START--
INFO: Run Behavior\ShowPageTrace [ RunTime:0.000000s ]
INFO: [ app_end ] --END-- [ RunTime:0.000000s ]

[ 2017-12-20T15:00:58+08:00 ] ::1 /marke/index.php?s=/Home/Room/getBuilding
INFO: [ app_begin ] --START--
INFO: Run Behavior\ReadHtmlCache [ RunTime:0.000000s ]
INFO: [ app_begin ] --END-- [ RunTime:0.001000s ]
SQL: SHOW COLUMNS FROM `zf_config` [ RunTime:0.005001s ]
SQL: SELECT `type`,`name`,`value` FROM `zf_config` WHERE ( `status` = 1 )  [ RunTime:0.000000s ]
NOTIC: [8] Undefined index: _ism D:\phpStudy\WWW\marke\Application\Common\Common\function.php 第 1004 行.
SQL: SHOW COLUMNS FROM `zf_building` [ RunTime:0.005000s ]
SQL: SELECT * FROM `zf_building` WHERE ( `status` = 1 ) ORDER BY id asc  [ RunTime:0.000000s ]

[ 2017-12-20T15:00:58+08:00 ] ::1 /marke/index.php?s=/Home/Room/getUnit
INFO: [ app_begin ] --START--
INFO: Run Behavior\ReadHtmlCache [ RunTime:0.000000s ]
INFO: [ app_begin ] --END-- [ RunTime:0.000000s ]
SQL: SHOW COLUMNS FROM `zf_config` [ RunTime:0.005000s ]
SQL: SELECT `type`,`name`,`value` FROM `zf_config` WHERE ( `status` = 1 )  [ RunTime:0.000000s ]
NOTIC: [8] Undefined index: _ism D:\phpStudy\WWW\marke\Application\Common\Common\function.php 第 1004 行.
SQL: SHOW COLUMNS FROM `zf_unit` [ RunTime:0.005000s ]
SQL: SELECT * FROM `zf_unit` WHERE ( `b_id` = 3 ) AND ( `status` = 1 ) ORDER BY u_order  [ RunTime:0.000000s ]

[ 2017-12-20T15:00:58+08:00 ] ::1 /marke/index.php?s=/Home/Room/getRoom
INFO: [ app_begin ] --START--
INFO: Run Behavior\ReadHtmlCache [ RunTime:0.000000s ]
INFO: [ app_begin ] --END-- [ RunTime:0.001000s ]
SQL: SHOW COLUMNS FROM `zf_config` [ RunTime:0.005000s ]
SQL: SELECT `type`,`name`,`value` FROM `zf_config` WHERE ( `status` = 1 )  [ RunTime:0.001000s ]
NOTIC: [8] Undefined index: _ism D:\phpStudy\WWW\marke\Application\Common\Common\function.php 第 1004 行.
SQL: SHOW COLUMNS FROM `zf_room` [ RunTime:0.007000s ]
SQL: SELECT r.id,r.u_id,r.floor,r.is_check,r.status,r.room_number,user.nick_name FROM zf_room r INNER JOIN zf_unit as u on r.u_id=u.id left JOIN zf_user as user on r.lastop_uid=user.id  WHERE ( r.u_id = '2' ) AND ( u.status = '1' ) ORDER BY floor,room_number,is_check  [ RunTime:0.001001s ]

[ 2017-12-20T15:01:00+08:00 ] ::1 /marke/index.php?s=/Home/Room/index.html
INFO: [ app_begin ] --START--
INFO: Run Behavior\ReadHtmlCache [ RunTime:0.001001s ]
INFO: [ app_begin ] --END-- [ RunTime:0.001001s ]
SQL: SHOW COLUMNS FROM `zf_config` [ RunTime:0.005001s ]
SQL: SELECT `type`,`name`,`value` FROM `zf_config` WHERE ( `status` = 1 )  [ RunTime:0.000000s ]
NOTIC: [8] Undefined index: _ism D:\phpStudy\WWW\marke\Application\Common\Common\function.php 第 1004 行.
INFO: [ view_parse ] --START--
INFO: [ template_filter ] --START--
INFO: Run Behavior\ContentReplace [ RunTime:0.000000s ]
INFO: [ template_filter ] --END-- [ RunTime:0.000000s ]
NOTIC: [8] Use of undefined constant AUTH_MARKETINCON - assumed 'AUTH_MARKETINCON' D:\phpStudy\WWW\marke\Runtime\Cache\Home\26b64cdc31a8346bf2409fe8f43da05d.php 第 95 行.
INFO: Run Behavior\ParseTemplate [ RunTime:0.008000s ]
INFO: [ view_parse ] --END-- [ RunTime:0.008000s ]
INFO: [ view_filter ] --START--
INFO: Run Behavior\WriteHtmlCache [ RunTime:0.000000s ]
INFO: [ view_filter ] --END-- [ RunTime:0.000000s ]
INFO: [ app_end ] --START--
INFO: Run Behavior\ShowPageTrace [ RunTime:0.000000s ]
INFO: [ app_end ] --END-- [ RunTime:0.000000s ]

[ 2017-12-20T15:01:00+08:00 ] ::1 /marke/index.php?s=/Home/Room/getBuilding
INFO: [ app_begin ] --START--
INFO: Run Behavior\ReadHtmlCache [ RunTime:0.000000s ]
INFO: [ app_begin ] --END-- [ RunTime:0.000000s ]
SQL: SHOW COLUMNS FROM `zf_config` [ RunTime:0.007001s ]
SQL: SELECT `type`,`name`,`value` FROM `zf_config` WHERE ( `status` = 1 )  [ RunTime:0.000000s ]
NOTIC: [8] Undefined index: _ism D:\phpStudy\WWW\marke\Application\Common\Common\function.php 第 1004 行.
SQL: SHOW COLUMNS FROM `zf_building` [ RunTime:0.006000s ]
SQL: SELECT * FROM `zf_building` WHERE ( `status` = 1 ) ORDER BY id asc  [ RunTime:0.000000s ]

[ 2017-12-20T15:01:00+08:00 ] ::1 /marke/index.php?s=/Home/Room/getUnit
INFO: [ app_begin ] --START--
INFO: Run Behavior\ReadHtmlCache [ RunTime:0.000000s ]
INFO: [ app_begin ] --END-- [ RunTime:0.000000s ]
SQL: SHOW COLUMNS FROM `zf_config` [ RunTime:0.006001s ]
SQL: SELECT `type`,`name`,`value` FROM `zf_config` WHERE ( `status` = 1 )  [ RunTime:0.000000s ]
NOTIC: [8] Undefined index: _ism D:\phpStudy\WWW\marke\Application\Common\Common\function.php 第 1004 行.
SQL: SHOW COLUMNS FROM `zf_unit` [ RunTime:0.005000s ]
SQL: SELECT * FROM `zf_unit` WHERE ( `b_id` = 3 ) AND ( `status` = 1 ) ORDER BY u_order  [ RunTime:0.000000s ]

[ 2017-12-20T15:01:01+08:00 ] ::1 /marke/index.php?s=/Home/Room/getRoom
INFO: [ app_begin ] --START--
INFO: Run Behavior\ReadHtmlCache [ RunTime:0.000000s ]
INFO: [ app_begin ] --END-- [ RunTime:0.000000s ]
SQL: SHOW COLUMNS FROM `zf_config` [ RunTime:0.007001s ]
SQL: SELECT `type`,`name`,`value` FROM `zf_config` WHERE ( `status` = 1 )  [ RunTime:0.000000s ]
NOTIC: [8] Undefined index: _ism D:\phpStudy\WWW\marke\Application\Common\Common\function.php 第 1004 行.
SQL: SHOW COLUMNS FROM `zf_room` [ RunTime:0.005000s ]
SQL: SELECT r.id,r.u_id,r.floor,r.is_check,r.status,r.room_number,user.nick_name FROM zf_room r INNER JOIN zf_unit as u on r.u_id=u.id left JOIN zf_user as user on r.lastop_uid=user.id  WHERE ( r.u_id = '2' ) AND ( u.status = '1' ) ORDER BY floor,room_number,is_check  [ RunTime:0.001000s ]

[ 2017-12-20T15:01:01+08:00 ] ::1 /marke/index.php?s=/Home/Room/building_list.html
INFO: [ app_begin ] --START--
INFO: Run Behavior\ReadHtmlCache [ RunTime:0.000000s ]
INFO: [ app_begin ] --END-- [ RunTime:0.001000s ]
SQL: SHOW COLUMNS FROM `zf_config` [ RunTime:0.005000s ]
SQL: SELECT `type`,`name`,`value` FROM `zf_config` WHERE ( `status` = 1 )  [ RunTime:0.000000s ]
NOTIC: [8] Undefined index: _ism D:\phpStudy\WWW\marke\Application\Common\Common\function.php 第 1004 行.
SQL: SHOW COLUMNS FROM `zf_building` [ RunTime:0.005001s ]
SQL: SELECT `id`,`b_name`,`unit_num`,`is_w`,`status`,`type` FROM `zf_building` ORDER BY id asc  [ RunTime:0.000000s ]
SQL: SHOW COLUMNS FROM `zf_unit` [ RunTime:0.005000s ]
SQL: SELECT `id`,`u_name`,`status`,`u_order` FROM `zf_unit` WHERE ( b_id=3 ) ORDER BY u_order asc LIMIT 2   [ RunTime:0.000000s ]
SQL: SELECT `id`,`u_name`,`status`,`u_order` FROM `zf_unit` WHERE ( b_id=4 ) ORDER BY u_order asc LIMIT 2   [ RunTime:0.001000s ]
SQL: SELECT `id`,`u_name`,`status`,`u_order` FROM `zf_unit` WHERE ( b_id=6 ) ORDER BY u_order asc LIMIT 2   [ RunTime:0.000000s ]
SQL: SELECT `id`,`u_name`,`status`,`u_order` FROM `zf_unit` WHERE ( b_id=7 ) ORDER BY u_order asc LIMIT 1   [ RunTime:0.000000s ]
NOTIC: [2] array_reduce() expects parameter 1 to be array, null given D:\phpStudy\WWW\marke\Application\Home\Controller\RoomController.class.php 第 164 行.
INFO: [ view_parse ] --START--
INFO: [ template_filter ] --START--
INFO: Run Behavior\ContentReplace [ RunTime:0.001000s ]
INFO: [ template_filter ] --END-- [ RunTime:0.001000s ]
NOTIC: [8] Undefined offset: 0 D:\phpStudy\WWW\marke\Runtime\Cache\Home\e7cf5d84bbd0a3723cc3a8abfcc946eb.php 第 135 行.
NOTIC: [8] Undefined offset: 0 D:\phpStudy\WWW\marke\Runtime\Cache\Home\e7cf5d84bbd0a3723cc3a8abfcc946eb.php 第 136 行.
NOTIC: [8] Undefined offset: 0 D:\phpStudy\WWW\marke\Runtime\Cache\Home\e7cf5d84bbd0a3723cc3a8abfcc946eb.php 第 135 行.
NOTIC: [8] Undefined offset: 0 D:\phpStudy\WWW\marke\Runtime\Cache\Home\e7cf5d84bbd0a3723cc3a8abfcc946eb.php 第 136 行.
INFO: Run Behavior\ParseTemplate [ RunTime:0.011001s ]
INFO: [ view_parse ] --END-- [ RunTime:0.011001s ]
INFO: [ view_filter ] --START--
INFO: Run Behavior\WriteHtmlCache [ RunTime:0.000000s ]
INFO: [ view_filter ] --END-- [ RunTime:0.000000s ]
INFO: [ app_end ] --START--
INFO: Run Behavior\ShowPageTrace [ RunTime:0.000000s ]
INFO: [ app_end ] --END-- [ RunTime:0.000000s ]

[ 2017-12-20T15:01:03+08:00 ] ::1 /marke/index.php?s=/Home/Room/getBuilding
INFO: [ app_begin ] --START--
INFO: Run Behavior\ReadHtmlCache [ RunTime:0.000000s ]
INFO: [ app_begin ] --END-- [ RunTime:0.001001s ]
SQL: SHOW COLUMNS FROM `zf_config` [ RunTime:0.006000s ]
SQL: SELECT `type`,`name`,`value` FROM `zf_config` WHERE ( `status` = 1 )  [ RunTime:0.000000s ]
NOTIC: [8] Undefined index: _ism D:\phpStudy\WWW\marke\Application\Common\Common\function.php 第 1004 行.
SQL: SHOW COLUMNS FROM `zf_building` [ RunTime:0.007000s ]
SQL: SELECT * FROM `zf_building` WHERE ( `status` = 1 ) ORDER BY id asc  [ RunTime:0.000000s ]

[ 2017-12-20T15:01:03+08:00 ] ::1 /marke/index.php?s=/Home/Room/getUnit
INFO: [ app_begin ] --START--
INFO: Run Behavior\ReadHtmlCache [ RunTime:0.001000s ]
INFO: [ app_begin ] --END-- [ RunTime:0.001000s ]
SQL: SHOW COLUMNS FROM `zf_config` [ RunTime:0.006000s ]
SQL: SELECT `type`,`name`,`value` FROM `zf_config` WHERE ( `status` = 1 )  [ RunTime:0.001001s ]
NOTIC: [8] Undefined index: _ism D:\phpStudy\WWW\marke\Application\Common\Common\function.php 第 1004 行.
SQL: SHOW COLUMNS FROM `zf_unit` [ RunTime:0.005000s ]
SQL: SELECT * FROM `zf_unit` WHERE ( `b_id` = 3 ) AND ( `status` = 1 ) ORDER BY u_order  [ RunTime:0.000000s ]

[ 2017-12-20T15:01:03+08:00 ] ::1 /marke/index.php?s=/Home/Room/getRoom
INFO: [ app_begin ] --START--
INFO: Run Behavior\ReadHtmlCache [ RunTime:0.001000s ]
INFO: [ app_begin ] --END-- [ RunTime:0.001000s ]
SQL: SHOW COLUMNS FROM `zf_config` [ RunTime:0.006001s ]
SQL: SELECT `type`,`name`,`value` FROM `zf_config` WHERE ( `status` = 1 )  [ RunTime:0.000000s ]
NOTIC: [8] Undefined index: _ism D:\phpStudy\WWW\marke\Application\Common\Common\function.php 第 1004 行.
SQL: SHOW COLUMNS FROM `zf_room` [ RunTime:0.008000s ]
SQL: SELECT r.id,r.u_id,r.floor,r.is_check,r.status,r.room_number,user.nick_name FROM zf_room r INNER JOIN zf_unit as u on r.u_id=u.id left JOIN zf_user as user on r.lastop_uid=user.id  WHERE ( r.u_id = '2' ) AND ( u.status = '1' ) ORDER BY floor,room_number,is_check  [ RunTime:0.001000s ]

[ 2017-12-20T15:01:03+08:00 ] ::1 /marke/index.php?s=/Home/Room/marketingCon.html
INFO: [ app_begin ] --START--
INFO: Run Behavior\ReadHtmlCache [ RunTime:0.000000s ]
INFO: [ app_begin ] --END-- [ RunTime:0.000000s ]
SQL: SHOW COLUMNS FROM `zf_config` [ RunTime:0.005001s ]
SQL: SELECT `type`,`name`,`value` FROM `zf_config` WHERE ( `status` = 1 )  [ RunTime:0.000000s ]
NOTIC: [8] Undefined index: _ism D:\phpStudy\WWW\marke\Application\Common\Common\function.php 第 1004 行.
INFO: [ view_parse ] --START--
INFO: [ template_filter ] --START--
INFO: Run Behavior\ContentReplace [ RunTime:0.001000s ]
INFO: [ template_filter ] --END-- [ RunTime:0.001000s ]
NOTIC: [8] Use of undefined constant AUTH_CHECK - assumed 'AUTH_CHECK' D:\phpStudy\WWW\marke\Runtime\Cache\Home\8e39af0a43cf3750c011e0322e44b3aa.php 第 141 行.
NOTIC: [8] Use of undefined constant AUTH_MARKETINCON - assumed 'AUTH_MARKETINCON' D:\phpStudy\WWW\marke\Runtime\Cache\Home\8e39af0a43cf3750c011e0322e44b3aa.php 第 143 行.
INFO: Run Behavior\ParseTemplate [ RunTime:0.011000s ]
INFO: [ view_parse ] --END-- [ RunTime:0.011000s ]
INFO: [ view_filter ] --START--
INFO: Run Behavior\WriteHtmlCache [ RunTime:0.000000s ]
INFO: [ view_filter ] --END-- [ RunTime:0.000000s ]
INFO: [ app_end ] --START--
INFO: Run Behavior\ShowPageTrace [ RunTime:0.000000s ]
INFO: [ app_end ] --END-- [ RunTime:0.000000s ]

[ 2017-12-20T15:01:03+08:00 ] ::1 /marke/index.php?s=/Home/Room/getBuilding
INFO: [ app_begin ] --START--
INFO: Run Behavior\ReadHtmlCache [ RunTime:0.001000s ]
INFO: [ app_begin ] --END-- [ RunTime:0.001000s ]
SQL: SHOW COLUMNS FROM `zf_config` [ RunTime:0.005000s ]
SQL: SELECT `type`,`name`,`value` FROM `zf_config` WHERE ( `status` = 1 )  [ RunTime:0.001001s ]
NOTIC: [8] Undefined index: _ism D:\phpStudy\WWW\marke\Application\Common\Common\function.php 第 1004 行.
SQL: SHOW COLUMNS FROM `zf_building` [ RunTime:0.005000s ]
SQL: SELECT * FROM `zf_building` WHERE ( `status` = 1 ) ORDER BY id asc  [ RunTime:0.000000s ]

[ 2017-12-20T15:01:03+08:00 ] ::1 /marke/index.php?s=/Home/Room/getUnit
INFO: [ app_begin ] --START--
INFO: Run Behavior\ReadHtmlCache [ RunTime:0.001000s ]
INFO: [ app_begin ] --END-- [ RunTime:0.001000s ]
SQL: SHOW COLUMNS FROM `zf_config` [ RunTime:0.006000s ]
SQL: SELECT `type`,`name`,`value` FROM `zf_config` WHERE ( `status` = 1 )  [ RunTime:0.001000s ]
NOTIC: [8] Undefined index: _ism D:\phpStudy\WWW\marke\Application\Common\Common\function.php 第 1004 行.
SQL: SHOW COLUMNS FROM `zf_unit` [ RunTime:0.005001s ]
SQL: SELECT * FROM `zf_unit` WHERE ( `b_id` = 3 ) AND ( `status` = 1 ) ORDER BY u_order  [ RunTime:0.000000s ]

[ 2017-12-20T15:01:03+08:00 ] ::1 /marke/index.php?s=/Home/Room/getRoom
INFO: [ app_begin ] --START--
INFO: Run Behavior\ReadHtmlCache [ RunTime:0.000000s ]
INFO: [ app_begin ] --END-- [ RunTime:0.001000s ]
SQL: SHOW COLUMNS FROM `zf_config` [ RunTime:0.005000s ]
SQL: SELECT `type`,`name`,`value` FROM `zf_config` WHERE ( `status` = 1 )  [ RunTime:0.000000s ]
NOTIC: [8] Undefined index: _ism D:\phpStudy\WWW\marke\Application\Common\Common\function.php 第 1004 行.
SQL: SHOW COLUMNS FROM `zf_room` [ RunTime:0.006000s ]
SQL: SELECT r.id,r.u_id,r.floor,r.is_check,r.status,r.room_number,user.nick_name FROM zf_room r INNER JOIN zf_unit as u on r.u_id=u.id left JOIN zf_user as user on r.lastop_uid=user.id  WHERE ( r.u_id = '2' ) AND ( u.status = '1' ) ORDER BY floor,room_number,is_check  [ RunTime:0.001000s ]

[ 2017-12-20T15:01:06+08:00 ] ::1 /marke/index.php?s=/Home/Room/getUnit
INFO: [ app_begin ] --START--
INFO: Run Behavior\ReadHtmlCache [ RunTime:0.000000s ]
INFO: [ app_begin ] --END-- [ RunTime:0.000000s ]
SQL: SHOW COLUMNS FROM `zf_config` [ RunTime:0.005000s ]
SQL: SELECT `type`,`name`,`value` FROM `zf_config` WHERE ( `status` = 1 )  [ RunTime:0.000000s ]
NOTIC: [8] Undefined index: _ism D:\phpStudy\WWW\marke\Application\Common\Common\function.php 第 1004 行.
SQL: SHOW COLUMNS FROM `zf_unit` [ RunTime:0.005000s ]
SQL: SELECT * FROM `zf_unit` WHERE ( `b_id` = 4 ) AND ( `status` = 1 ) ORDER BY u_order  [ RunTime:0.001000s ]

[ 2017-12-20T15:01:06+08:00 ] ::1 /marke/index.php?s=/Home/Room/getRoom
INFO: [ app_begin ] --START--
INFO: Run Behavior\ReadHtmlCache [ RunTime:0.001000s ]
INFO: [ app_begin ] --END-- [ RunTime:0.001000s ]
SQL: SHOW COLUMNS FROM `zf_config` [ RunTime:0.005000s ]
SQL: SELECT `type`,`name`,`value` FROM `zf_config` WHERE ( `status` = 1 )  [ RunTime:0.000000s ]
NOTIC: [8] Undefined index: _ism D:\phpStudy\WWW\marke\Application\Common\Common\function.php 第 1004 行.
SQL: SHOW COLUMNS FROM `zf_room` [ RunTime:0.006000s ]
SQL: SELECT r.id,r.u_id,r.floor,r.is_check,r.status,r.room_number,user.nick_name FROM zf_room r INNER JOIN zf_unit as u on r.u_id=u.id left JOIN zf_user as user on r.lastop_uid=user.id  WHERE ( r.u_id = '8' ) AND ( u.status = '1' ) ORDER BY floor,room_number,is_check  [ RunTime:0.000000s ]

[ 2017-12-20T15:01:06+08:00 ] ::1 /marke/index.php?s=/Home/Room/getUnit
INFO: [ app_begin ] --START--
INFO: Run Behavior\ReadHtmlCache [ RunTime:0.000000s ]
INFO: [ app_begin ] --END-- [ RunTime:0.000000s ]
SQL: SHOW COLUMNS FROM `zf_config` [ RunTime:0.005000s ]
SQL: SELECT `type`,`name`,`value` FROM `zf_config` WHERE ( `status` = 1 )  [ RunTime:0.000000s ]
NOTIC: [8] Undefined index: _ism D:\phpStudy\WWW\marke\Application\Common\Common\function.php 第 1004 行.
SQL: SHOW COLUMNS FROM `zf_unit` [ RunTime:0.005001s ]
SQL: SELECT * FROM `zf_unit` WHERE ( `b_id` = 6 ) AND ( `status` = 1 ) ORDER BY u_order  [ RunTime:0.000000s ]

[ 2017-12-20T15:01:06+08:00 ] ::1 /marke/index.php?s=/Home/Room/getRoom
INFO: [ app_begin ] --START--
INFO: Run Behavior\ReadHtmlCache [ RunTime:0.001000s ]
INFO: [ app_begin ] --END-- [ RunTime:0.001000s ]
SQL: SHOW COLUMNS FROM `zf_config` [ RunTime:0.005000s ]
SQL: SELECT `type`,`name`,`value` FROM `zf_config` WHERE ( `status` = 1 )  [ RunTime:0.001000s ]
NOTIC: [8] Undefined index: _ism D:\phpStudy\WWW\marke\Application\Common\Common\function.php 第 1004 行.
SQL: SHOW COLUMNS FROM `zf_room` [ RunTime:0.006001s ]
SQL: SELECT r.id,r.u_id,r.floor,r.is_check,r.status,r.room_number,user.nick_name FROM zf_room r INNER JOIN zf_unit as u on r.u_id=u.id left JOIN zf_user as user on r.lastop_uid=user.id  WHERE ( r.u_id = '4' ) AND ( u.status = '1' ) ORDER BY floor,room_number,is_check  [ RunTime:0.001000s ]

[ 2017-12-20T15:01:12+08:00 ] ::1 /marke/index.php?s=/Home/Index/index.html
INFO: [ app_begin ] --START--
INFO: Run Behavior\ReadHtmlCache [ RunTime:0.000000s ]
INFO: [ app_begin ] --END-- [ RunTime:0.001000s ]
SQL: SHOW COLUMNS FROM `zf_config` [ RunTime:0.005000s ]
SQL: SELECT `type`,`name`,`value` FROM `zf_config` WHERE ( `status` = 1 )  [ RunTime:0.000000s ]
NOTIC: [8] Undefined index: _ism D:\phpStudy\WWW\marke\Application\Common\Common\function.php 第 1004 行.
INFO: [ view_parse ] --START--
INFO: [ template_filter ] --START--
INFO: Run Behavior\ContentReplace [ RunTime:0.000000s ]
INFO: [ template_filter ] --END-- [ RunTime:0.000000s ]
INFO: Run Behavior\ParseTemplate [ RunTime:0.010001s ]
INFO: [ view_parse ] --END-- [ RunTime:0.010001s ]
INFO: [ view_filter ] --START--
INFO: Run Behavior\WriteHtmlCache [ RunTime:0.000000s ]
INFO: [ view_filter ] --END-- [ RunTime:0.000000s ]
INFO: [ app_end ] --START--
INFO: Run Behavior\ShowPageTrace [ RunTime:0.000000s ]
INFO: [ app_end ] --END-- [ RunTime:0.000000s ]

[ 2017-12-20T15:01:12+08:00 ] ::1 /marke/index.php?s=/Home/Room/getBuilding
INFO: [ app_begin ] --START--
INFO: Run Behavior\ReadHtmlCache [ RunTime:0.000000s ]
INFO: [ app_begin ] --END-- [ RunTime:0.000000s ]
SQL: SHOW COLUMNS FROM `zf_config` [ RunTime:0.006000s ]
SQL: SELECT `type`,`name`,`value` FROM `zf_config` WHERE ( `status` = 1 )  [ RunTime:0.000000s ]
NOTIC: [8] Undefined index: _ism D:\phpStudy\WWW\marke\Application\Common\Common\function.php 第 1004 行.
SQL: SHOW COLUMNS FROM `zf_building` [ RunTime:0.006000s ]
SQL: SELECT * FROM `zf_building` WHERE ( `status` = 1 ) ORDER BY id asc  [ RunTime:0.000000s ]

[ 2017-12-20T15:01:12+08:00 ] ::1 /marke/index.php?s=/Home/Room/getUnit
INFO: [ app_begin ] --START--
INFO: Run Behavior\ReadHtmlCache [ RunTime:0.000000s ]
INFO: [ app_begin ] --END-- [ RunTime:0.001000s ]
SQL: SHOW COLUMNS FROM `zf_config` [ RunTime:0.005000s ]
SQL: SELECT `type`,`name`,`value` FROM `zf_config` WHERE ( `status` = 1 )  [ RunTime:0.000000s ]
NOTIC: [8] Undefined index: _ism D:\phpStudy\WWW\marke\Application\Common\Common\function.php 第 1004 行.
SQL: SHOW COLUMNS FROM `zf_unit` [ RunTime:0.005000s ]
SQL: SELECT * FROM `zf_unit` WHERE ( `b_id` = 3 ) AND ( `status` = 1 ) ORDER BY u_order  [ RunTime:0.000000s ]

[ 2017-12-20T15:01:12+08:00 ] ::1 /marke/index.php?s=/Home/Room/getRoom
INFO: [ app_begin ] --START--
INFO: Run Behavior\ReadHtmlCache [ RunTime:0.001000s ]
INFO: [ app_begin ] --END-- [ RunTime:0.001000s ]
SQL: SHOW COLUMNS FROM `zf_config` [ RunTime:0.005000s ]
SQL: SELECT `type`,`name`,`value` FROM `zf_config` WHERE ( `status` = 1 )  [ RunTime:0.000000s ]
NOTIC: [8] Undefined index: _ism D:\phpStudy\WWW\marke\Application\Common\Common\function.php 第 1004 行.
SQL: SHOW COLUMNS FROM `zf_room` [ RunTime:0.005000s ]
SQL: SELECT r.id,r.u_id,r.floor,r.is_check,r.status,r.room_number,user.nick_name FROM zf_room r INNER JOIN zf_unit as u on r.u_id=u.id left JOIN zf_user as user on r.lastop_uid=user.id  WHERE ( r.u_id = '2' ) AND ( u.status = '1' ) ORDER BY floor,room_number,is_check  [ RunTime:0.000000s ]

[ 2017-12-20T15:01:13+08:00 ] ::1 /marke/index.php?s=/Home/Room/getUnit
INFO: [ app_begin ] --START--
INFO: Run Behavior\ReadHtmlCache [ RunTime:0.000000s ]
INFO: [ app_begin ] --END-- [ RunTime:0.000000s ]
SQL: SHOW COLUMNS FROM `zf_config` [ RunTime:0.005000s ]
SQL: SELECT `type`,`name`,`value` FROM `zf_config` WHERE ( `status` = 1 )  [ RunTime:0.001000s ]
NOTIC: [8] Undefined index: _ism D:\phpStudy\WWW\marke\Application\Common\Common\function.php 第 1004 行.
SQL: SHOW COLUMNS FROM `zf_unit` [ RunTime:0.005000s ]
SQL: SELECT * FROM `zf_unit` WHERE ( `b_id` = 6 ) AND ( `status` = 1 ) ORDER BY u_order  [ RunTime:0.000000s ]

[ 2017-12-20T15:01:13+08:00 ] ::1 /marke/index.php?s=/Home/Room/getRoom
INFO: [ app_begin ] --START--
INFO: Run Behavior\ReadHtmlCache [ RunTime:0.000000s ]
INFO: [ app_begin ] --END-- [ RunTime:0.000000s ]
SQL: SHOW COLUMNS FROM `zf_config` [ RunTime:0.005000s ]
SQL: SELECT `type`,`name`,`value` FROM `zf_config` WHERE ( `status` = 1 )  [ RunTime:0.001001s ]
NOTIC: [8] Undefined index: _ism D:\phpStudy\WWW\marke\Application\Common\Common\function.php 第 1004 行.
SQL: SHOW COLUMNS FROM `zf_room` [ RunTime:0.006000s ]
SQL: SELECT r.id,r.u_id,r.floor,r.is_check,r.status,r.room_number,user.nick_name FROM zf_room r INNER JOIN zf_unit as u on r.u_id=u.id left JOIN zf_user as user on r.lastop_uid=user.id  WHERE ( r.u_id = '4' ) AND ( u.status = '1' ) ORDER BY floor,room_number,is_check  [ RunTime:0.000000s ]

